Using pre-set license
Built from '2021.1/staging' branch; Version is '2021.1.24f1 (6667702a1e7c) revision 6711152'; Using compiler version '192528614'; Build Type 'Release'
OS: 'Windows 10 Education; OS build 17134.2026; Version 1803; 64bit' Language: 'ko' Physical Memory: 7860 MB
BatchMode: 1, IsHumanControllingUs: 0, StartBugReporterOnCrash: 0, Is64bit: 1, IsPro: 0

COMMAND LINE ARGUMENTS:
E:\새 폴더\2021.1.24f1\Editor\Unity.exe
-adb2
-batchMode
-noUpm
-name
AssetImportWorker3
-projectPath
E:/AfterSchool/AfterSchool
-logFile
Logs/AssetImportWorker3.log
-srvPort
58318
Successfully changed project path to: E:/AfterSchool/AfterSchool
E:/AfterSchool/AfterSchool
Using Asset Import Pipeline V2.
Refreshing native plugins compatible for Editor in 292.65 ms, found 4 plugins.
Preloading 0 native plugins for Editor in 0.00 ms.
Initialize engine version: 2021.1.24f1 (6667702a1e7c)
[Subsystems] Discovering subsystems at path E:/새 폴더/2021.1.24f1/Editor/Data/Resources/UnitySubsystems
[Subsystems] Discovering subsystems at path E:/AfterSchool/AfterSchool/Assets
GfxDevice: creating device client; threaded=0; jobified=0
Direct3D:
    Version:  Direct3D 11.0 [level 11.1]
    Renderer: Intel(R) HD Graphics 620 (ID=0x5916)
    Vendor:   Intel
    VRAM:     3930 MB
    Driver:   23.20.16.4849
Initialize mono
Mono path[0] = 'E:/새 폴더/2021.1.24f1/Editor/Data/Managed'
Mono path[1] = 'E:/새 폴더/2021.1.24f1/Editor/Data/MonoBleedingEdge/lib/mono/unityjit'
Mono config path = 'E:/새 폴더/2021.1.24f1/Editor/Data/MonoBleedingEdge/etc'
Using monoOptions --debugger-agent=transport=dt_socket,embedding=1,server=y,suspend=n,address=127.0.0.1:56068
Begin MonoManager ReloadAssembly
Registering precompiled unity dll's ...
Register platform support module: E:/새 폴더/2021.1.24f1/Editor/Data/PlaybackEngines/WindowsStandaloneSupport/UnityEditor.WindowsStandalone.Extensions.dll
Registered in 0.002354 seconds.
Native extension for WindowsStandalone target not found
Refreshing native plugins compatible for Editor in 226.47 ms, found 4 plugins.
Preloading 0 native plugins for Editor in 0.00 ms.
Mono: successfully reloaded assembly
- Completed reload, in  5.180 seconds
Domain Reload Profiling:
	ReloadAssembly (5180ms)
		BeginReloadAssembly (276ms)
			ExecutionOrderSort (0ms)
			DisableScriptedObjects (0ms)
			BackupInstance (0ms)
			ReleaseScriptingObjects (0ms)
			CreateAndSetChildDomain (1ms)
		EndReloadAssembly (975ms)
			LoadAssemblies (272ms)
			RebuildTransferFunctionScriptingTraits (0ms)
			SetupTypeCache (351ms)
			ReleaseScriptCaches (0ms)
			RebuildScriptCaches (57ms)
			SetupLoadedEditorAssemblies (485ms)
				LogAssemblyErrors (0ms)
				InitializePlatformSupportModulesInManaged (13ms)
				SetLoadedEditorAssemblies (0ms)
				RefreshPlugins (227ms)
				BeforeProcessingInitializeOnLoad (2ms)
				ProcessInitializeOnLoadAttributes (185ms)
				ProcessInitializeOnLoadMethodAttributes (58ms)
				AfterProcessingInitializeOnLoad (0ms)
				EditorAssembliesLoaded (0ms)
			ExecutionOrderSort2 (0ms)
			AwakeInstancesAfterBackupRestoration (0ms)
Platform modules already initialized, skipping
Registering precompiled user dll's ...
Registered in 0.013676 seconds.
Begin MonoManager ReloadAssembly
Symbol file LoadedFromMemory doesn't match image E:\AfterSchool\AfterSchool\Library\PackageCache\com.unity.visualscripting@1.6.1\Editor\VisualScripting.Core\Dependencies\YamlDotNet\Unity.VisualScripting.YamlDotNet.dll
Symbol file LoadedFromMemory doesn't match image E:\AfterSchool\AfterSchool\Library\PackageCache\com.unity.visualscripting@1.6.1\Editor\VisualScripting.Core\Dependencies\DotNetZip\Unity.VisualScripting.IonicZip.dll
Native extension for WindowsStandalone target not found
Refreshing native plugins compatible for Editor in 416.82 ms, found 4 plugins.
Preloading 0 native plugins for Editor in 0.00 ms.
Mono: successfully reloaded assembly
- Completed reload, in  5.928 seconds
Domain Reload Profiling:
	ReloadAssembly (5929ms)
		BeginReloadAssembly (788ms)
			ExecutionOrderSort (0ms)
			DisableScriptedObjects (34ms)
			BackupInstance (0ms)
			ReleaseScriptingObjects (0ms)
			CreateAndSetChildDomain (50ms)
		EndReloadAssembly (4849ms)
			LoadAssemblies (784ms)
			RebuildTransferFunctionScriptingTraits (0ms)
			SetupTypeCache (1482ms)
			ReleaseScriptCaches (2ms)
			RebuildScriptCaches (388ms)
			SetupLoadedEditorAssemblies (1679ms)
				LogAssemblyErrors (0ms)
				InitializePlatformSupportModulesInManaged (13ms)
				SetLoadedEditorAssemblies (1ms)
				RefreshPlugins (417ms)
				BeforeProcessingInitializeOnLoad (302ms)
				ProcessInitializeOnLoadAttributes (808ms)
				ProcessInitializeOnLoadMethodAttributes (118ms)
				AfterProcessingInitializeOnLoad (18ms)
				EditorAssembliesLoaded (2ms)
			ExecutionOrderSort2 (0ms)
			AwakeInstancesAfterBackupRestoration (25ms)
Platform modules already initialized, skipping
========================================================================
Worker process is ready to serve import requests
Launched and connected shader compiler UnityShaderCompiler.exe after 0.95 seconds
Refreshing native plugins compatible for Editor in 1.84 ms, found 4 plugins.
Preloading 0 native plugins for Editor in 0.00 ms.
Unloading 3888 Unused Serialized files (Serialized files now loaded: 0)
System memory in use before: 149.8 MB.
System memory in use after: 150.0 MB.

Unloading 30 unused Assets to reduce memory usage. Loaded Objects now: 4340.
Total: 36.063440 ms (FindLiveObjects: 0.760447 ms CreateObjectMapping: 16.214049 ms MarkObjects: 11.263217 ms  DeleteObjects: 7.822706 ms)

AssetImportParameters requested are different than current active one (requested -> active):
  custom:framework-win-MediaFoundation: 216162199b28c13a410421893ffa2e32 -> 
  custom:video-decoder-ogg-theora: a1e56fd34408186e4bbccfd4996cb3dc -> 
  custom:container-muxer-webm: aa71ff27fc2769a1b78a27578f13a17b -> 
  custom:container-demuxer-webm: 4f35f7cbe854078d1ac9338744f61a02 -> 
  custom:container-demuxer-ogg: 62fdf1f143b41e24485cea50d1cbac27 -> 
  custom:video-encoder-webm-vp8: eb34c28f22e8b96e1ab97ce403110664 -> 
  custom:video-codec-MediaFoundation-h265: 746d11721c4dcdbdad8f713fa42b33f4 -> 
  custom:video-decoder-webm-vp8: 9c59270c3fd7afecdb556c50c9e8de78 -> 
  custom:audio-decoder-ogg-vorbis: bf7c407c2cedff20999df2af8eb42d56 -> 
  custom:audio-encoder-webm-vorbis: bf7c407c2cedff20999df2af8eb42d56 -> 
========================================================================
Received Import Request.
  path: Assets/Sprites/UI_sprites/New_UI/MainMenu/NewUI/background_all.png
  artifactKey: Guid(11685587319a9894cb9ce55c99df7d34) Importer(815301076,1909f56bfc062723c751e8b465ee728b)
Start importing Assets/Sprites/UI_sprites/New_UI/MainMenu/NewUI/background_all.png using Guid(11685587319a9894cb9ce55c99df7d34) Importer(815301076,1909f56bfc062723c751e8b465ee728b)  -> (artifact id: 'ce5e8216cde6a77242ee56c50c52af31') in 5.422511 seconds 
========================================================================
Received Import Request.
  Time since last request: 0.000660 seconds.
  path: Assets/Sprites/UI_sprites/New_UI/MainMenu/NewUI/menu_back.png
  artifactKey: Guid(7f3969f9bc839a842a795f9df1e4301d) Importer(815301076,1909f56bfc062723c751e8b465ee728b)
Start importing Assets/Sprites/UI_sprites/New_UI/MainMenu/NewUI/menu_back.png using Guid(7f3969f9bc839a842a795f9df1e4301d) Importer(815301076,1909f56bfc062723c751e8b465ee728b)  -> (artifact id: 'd04e4b2b7a83f8a3fe0f66d8bb5765c7') in 0.044081 seconds 
========================================================================
Received Import Request.
  Time since last request: 0.000518 seconds.
  path: Assets/Sprites/UI_sprites/New_UI/MainMenu/NewUI
  artifactKey: Guid(2d5f13eb663f43f4aa9eed029e929c1f) Importer(815301076,1909f56bfc062723c751e8b465ee728b)
Start importing Assets/Sprites/UI_sprites/New_UI/MainMenu/NewUI using Guid(2d5f13eb663f43f4aa9eed029e929c1f) Importer(815301076,1909f56bfc062723c751e8b465ee728b)  -> (artifact id: '098ed372ebcdfcb119a7ed010aa81dc7') in 0.023915 seconds 
========================================================================
Received Import Request.
  Time since last request: 0.000558 seconds.
  path: Assets/Sprites/UI_sprites/New_UI/MainMenu/NewUI/name.png
  artifactKey: Guid(2d88e8ba786b67f4cb28468fed3f22c2) Importer(815301076,1909f56bfc062723c751e8b465ee728b)
Start importing Assets/Sprites/UI_sprites/New_UI/MainMenu/NewUI/name.png using Guid(2d88e8ba786b67f4cb28468fed3f22c2) Importer(815301076,1909f56bfc062723c751e8b465ee728b)  -> (artifact id: '3478afbaa12b800ff12c65c1fcc8858e') in 0.419350 seconds 
========================================================================
Received Import Request.
  Time since last request: 505.005443 seconds.
  path: Assets/Scenes/A_Prologue/0_Pro_Dialogue1.unity
  artifactKey: Guid(2cda990e2423bbf4892e6590ba056729) Importer(815301076,1909f56bfc062723c751e8b465ee728b)
Start importing Assets/Scenes/A_Prologue/0_Pro_Dialogue1.unity using Guid(2cda990e2423bbf4892e6590ba056729) Importer(815301076,1909f56bfc062723c751e8b465ee728b)  -> (artifact id: '0c9445d37d6041b63afdef11a2db8e1d') in 0.014585 seconds 
========================================================================
Received Import Request.
  Time since last request: 2.095738 seconds.
  path: Assets/Scenes/A_Prologue/1-3_PrologueGame_Profiles
  artifactKey: Guid(00bb5f811da451d4dbbc1472e46b45b2) Importer(815301076,1909f56bfc062723c751e8b465ee728b)
Start importing Assets/Scenes/A_Prologue/1-3_PrologueGame_Profiles using Guid(00bb5f811da451d4dbbc1472e46b45b2) Importer(815301076,1909f56bfc062723c751e8b465ee728b)  -> (artifact id: 'cd647ea3e1281f5deed1b69d21f582df') in 0.015489 seconds 
========================================================================
Received Prepare
Registering precompiled user dll's ...
Registered in 0.012760 seconds.
Begin MonoManager ReloadAssembly
Symbol file LoadedFromMemory doesn't match image E:\AfterSchool\AfterSchool\Library\PackageCache\com.unity.visualscripting@1.6.1\Editor\VisualScripting.Core\Dependencies\YamlDotNet\Unity.VisualScripting.YamlDotNet.dll
Symbol file LoadedFromMemory doesn't match image E:\AfterSchool\AfterSchool\Library\PackageCache\com.unity.visualscripting@1.6.1\Editor\VisualScripting.Core\Dependencies\DotNetZip\Unity.VisualScripting.IonicZip.dll
Native extension for WindowsStandalone target not found
Refreshing native plugins compatible for Editor in 0.94 ms, found 4 plugins.
Preloading 0 native plugins for Editor in 0.00 ms.
Mono: successfully reloaded assembly
- Completed reload, in  2.118 seconds
Domain Reload Profiling:
	ReloadAssembly (2121ms)
		BeginReloadAssembly (448ms)
			ExecutionOrderSort (0ms)
			DisableScriptedObjects (27ms)
			BackupInstance (0ms)
			ReleaseScriptingObjects (0ms)
			CreateAndSetChildDomain (156ms)
		EndReloadAssembly (1577ms)
			LoadAssemblies (287ms)
			RebuildTransferFunctionScriptingTraits (0ms)
			SetupTypeCache (579ms)
			ReleaseScriptCaches (1ms)
			RebuildScriptCaches (67ms)
			SetupLoadedEditorAssemblies (608ms)
				LogAssemblyErrors (0ms)
				InitializePlatformSupportModulesInManaged (7ms)
				SetLoadedEditorAssemblies (1ms)
				RefreshPlugins (1ms)
				BeforeProcessingInitializeOnLoad (97ms)
				ProcessInitializeOnLoadAttributes (485ms)
				ProcessInitializeOnLoadMethodAttributes (12ms)
				AfterProcessingInitializeOnLoad (6ms)
				EditorAssembliesLoaded (0ms)
			ExecutionOrderSort2 (0ms)
			AwakeInstancesAfterBackupRestoration (24ms)
Platform modules already initialized, skipping
Refreshing native plugins compatible for Editor in 1.69 ms, found 4 plugins.
Preloading 0 native plugins for Editor in 0.00 ms.
Unloading 3840 Unused Serialized files (Serialized files now loaded: 0)
System memory in use before: 151.3 MB.
System memory in use after: 151.6 MB.

Unloading 18 unused Assets to reduce memory usage. Loaded Objects now: 4398.
Total: 7.917857 ms (FindLiveObjects: 0.549379 ms CreateObjectMapping: 0.383621 ms MarkObjects: 6.945588 ms  DeleteObjects: 0.037003 ms)

AssetImportParameters requested are different than current active one (requested -> active):
  custom:framework-win-MediaFoundation: 216162199b28c13a410421893ffa2e32 -> 
  custom:video-decoder-ogg-theora: a1e56fd34408186e4bbccfd4996cb3dc -> 
  custom:container-muxer-webm: aa71ff27fc2769a1b78a27578f13a17b -> 
  custom:container-demuxer-webm: 4f35f7cbe854078d1ac9338744f61a02 -> 
  custom:container-demuxer-ogg: 62fdf1f143b41e24485cea50d1cbac27 -> 
  custom:video-encoder-webm-vp8: eb34c28f22e8b96e1ab97ce403110664 -> 
  custom:video-codec-MediaFoundation-h265: 746d11721c4dcdbdad8f713fa42b33f4 -> 
  custom:video-decoder-webm-vp8: 9c59270c3fd7afecdb556c50c9e8de78 -> 
  custom:audio-decoder-ogg-vorbis: bf7c407c2cedff20999df2af8eb42d56 -> 
  custom:audio-encoder-webm-vorbis: bf7c407c2cedff20999df2af8eb42d56 -> 
========================================================================
Received Import Request.
  Time since last request: 332.098901 seconds.
  path: Assets/Scenes/0_MainTitle.unity
  artifactKey: Guid(84d3d303478402d46875e09a07273240) Importer(815301076,1909f56bfc062723c751e8b465ee728b)
Start importing Assets/Scenes/0_MainTitle.unity using Guid(84d3d303478402d46875e09a07273240) Importer(815301076,1909f56bfc062723c751e8b465ee728b)  -> (artifact id: '2d245d63c19c2e7ee1b2995ed5a283f9') in 0.033350 seconds 
========================================================================
Received Prepare
Registering precompiled user dll's ...
Registered in 0.013577 seconds.
Begin MonoManager ReloadAssembly
Symbol file LoadedFromMemory doesn't match image E:\AfterSchool\AfterSchool\Library\PackageCache\com.unity.visualscripting@1.6.1\Editor\VisualScripting.Core\Dependencies\YamlDotNet\Unity.VisualScripting.YamlDotNet.dll
Symbol file LoadedFromMemory doesn't match image E:\AfterSchool\AfterSchool\Library\PackageCache\com.unity.visualscripting@1.6.1\Editor\VisualScripting.Core\Dependencies\DotNetZip\Unity.VisualScripting.IonicZip.dll
Native extension for WindowsStandalone target not found
Refreshing native plugins compatible for Editor in 1.45 ms, found 4 plugins.
Preloading 0 native plugins for Editor in 0.00 ms.
Mono: successfully reloaded assembly
- Completed reload, in  1.979 seconds
Domain Reload Profiling:
	ReloadAssembly (1979ms)
		BeginReloadAssembly (287ms)
			ExecutionOrderSort (0ms)
			DisableScriptedObjects (14ms)
			BackupInstance (0ms)
			ReleaseScriptingObjects (0ms)
			CreateAndSetChildDomain (95ms)
		EndReloadAssembly (1598ms)
			LoadAssemblies (224ms)
			RebuildTransferFunctionScriptingTraits (0ms)
			SetupTypeCache (634ms)
			ReleaseScriptCaches (2ms)
			RebuildScriptCaches (75ms)
			SetupLoadedEditorAssemblies (518ms)
				LogAssemblyErrors (0ms)
				InitializePlatformSupportModulesInManaged (7ms)
				SetLoadedEditorAssemblies (1ms)
				RefreshPlugins (2ms)
				BeforeProcessingInitializeOnLoad (113ms)
				ProcessInitializeOnLoadAttributes (372ms)
				ProcessInitializeOnLoadMethodAttributes (17ms)
				AfterProcessingInitializeOnLoad (6ms)
				EditorAssembliesLoaded (0ms)
			ExecutionOrderSort2 (0ms)
			AwakeInstancesAfterBackupRestoration (24ms)
Platform modules already initialized, skipping
Refreshing native plugins compatible for Editor in 1.87 ms, found 4 plugins.
Preloading 0 native plugins for Editor in 0.00 ms.
Unloading 3837 Unused Serialized files (Serialized files now loaded: 0)
System memory in use before: 151.2 MB.
System memory in use after: 151.5 MB.

Unloading 18 unused Assets to reduce memory usage. Loaded Objects now: 4401.
Total: 15.696009 ms (FindLiveObjects: 1.115372 ms CreateObjectMapping: 0.463668 ms MarkObjects: 14.014644 ms  DeleteObjects: 0.099681 ms)

AssetImportParameters requested are different than current active one (requested -> active):
  custom:framework-win-MediaFoundation: 216162199b28c13a410421893ffa2e32 -> 
  custom:video-decoder-ogg-theora: a1e56fd34408186e4bbccfd4996cb3dc -> 
  custom:container-muxer-webm: aa71ff27fc2769a1b78a27578f13a17b -> 
  custom:container-demuxer-webm: 4f35f7cbe854078d1ac9338744f61a02 -> 
  custom:container-demuxer-ogg: 62fdf1f143b41e24485cea50d1cbac27 -> 
  custom:video-encoder-webm-vp8: eb34c28f22e8b96e1ab97ce403110664 -> 
  custom:video-codec-MediaFoundation-h265: 746d11721c4dcdbdad8f713fa42b33f4 -> 
  custom:video-decoder-webm-vp8: 9c59270c3fd7afecdb556c50c9e8de78 -> 
  custom:audio-decoder-ogg-vorbis: bf7c407c2cedff20999df2af8eb42d56 -> 
  custom:audio-encoder-webm-vorbis: bf7c407c2cedff20999df2af8eb42d56 -> 
========================================================================
Received Prepare
Registering precompiled user dll's ...
Registered in 0.017451 seconds.
Begin MonoManager ReloadAssembly
Symbol file LoadedFromMemory doesn't match image E:\AfterSchool\AfterSchool\Library\PackageCache\com.unity.visualscripting@1.6.1\Editor\VisualScripting.Core\Dependencies\YamlDotNet\Unity.VisualScripting.YamlDotNet.dll
Symbol file LoadedFromMemory doesn't match image E:\AfterSchool\AfterSchool\Library\PackageCache\com.unity.visualscripting@1.6.1\Editor\VisualScripting.Core\Dependencies\DotNetZip\Unity.VisualScripting.IonicZip.dll
Native extension for WindowsStandalone target not found
Refreshing native plugins compatible for Editor in 1.43 ms, found 4 plugins.
Preloading 0 native plugins for Editor in 0.00 ms.
Mono: successfully reloaded assembly
- Completed reload, in  2.066 seconds
Domain Reload Profiling:
	ReloadAssembly (2067ms)
		BeginReloadAssembly (217ms)
			ExecutionOrderSort (0ms)
			DisableScriptedObjects (9ms)
			BackupInstance (0ms)
			ReleaseScriptingObjects (0ms)
			CreateAndSetChildDomain (64ms)
		EndReloadAssembly (1763ms)
			LoadAssemblies (207ms)
			RebuildTransferFunctionScriptingTraits (0ms)
			SetupTypeCache (673ms)
			ReleaseScriptCaches (2ms)
			RebuildScriptCaches (82ms)
			SetupLoadedEditorAssemblies (575ms)
				LogAssemblyErrors (0ms)
				InitializePlatformSupportModulesInManaged (8ms)
				SetLoadedEditorAssemblies (1ms)
				RefreshPlugins (2ms)
				BeforeProcessingInitializeOnLoad (110ms)
				ProcessInitializeOnLoadAttributes (435ms)
				ProcessInitializeOnLoadMethodAttributes (14ms)
				AfterProcessingInitializeOnLoad (6ms)
				EditorAssembliesLoaded (0ms)
			ExecutionOrderSort2 (0ms)
			AwakeInstancesAfterBackupRestoration (28ms)
Platform modules already initialized, skipping
Refreshing native plugins compatible for Editor in 1.62 ms, found 4 plugins.
Preloading 0 native plugins for Editor in 0.00 ms.
Unloading 3837 Unused Serialized files (Serialized files now loaded: 0)
System memory in use before: 151.3 MB.
System memory in use after: 151.5 MB.

Unloading 18 unused Assets to reduce memory usage. Loaded Objects now: 4404.
Total: 8.632238 ms (FindLiveObjects: 0.682287 ms CreateObjectMapping: 0.410807 ms MarkObjects: 7.488170 ms  DeleteObjects: 0.049085 ms)

AssetImportParameters requested are different than current active one (requested -> active):
  custom:framework-win-MediaFoundation: 216162199b28c13a410421893ffa2e32 -> 
  custom:video-decoder-ogg-theora: a1e56fd34408186e4bbccfd4996cb3dc -> 
  custom:container-muxer-webm: aa71ff27fc2769a1b78a27578f13a17b -> 
  custom:container-demuxer-webm: 4f35f7cbe854078d1ac9338744f61a02 -> 
  custom:container-demuxer-ogg: 62fdf1f143b41e24485cea50d1cbac27 -> 
  custom:video-encoder-webm-vp8: eb34c28f22e8b96e1ab97ce403110664 -> 
  custom:video-codec-MediaFoundation-h265: 746d11721c4dcdbdad8f713fa42b33f4 -> 
  custom:video-decoder-webm-vp8: 9c59270c3fd7afecdb556c50c9e8de78 -> 
  custom:audio-decoder-ogg-vorbis: bf7c407c2cedff20999df2af8eb42d56 -> 
  custom:audio-encoder-webm-vorbis: bf7c407c2cedff20999df2af8eb42d56 -> 
========================================================================
Received Import Request.
  Time since last request: 109.933921 seconds.
  path: Assets/Sprites/UI_sprites/New_UI/MainMenu/Old_menu_backgr.png
  artifactKey: Guid(9761aa4bceea773479a153d64722a264) Importer(815301076,1909f56bfc062723c751e8b465ee728b)
Start importing Assets/Sprites/UI_sprites/New_UI/MainMenu/Old_menu_backgr.png using Guid(9761aa4bceea773479a153d64722a264) Importer(815301076,1909f56bfc062723c751e8b465ee728b)  -> (artifact id: 'e4325e014c45cc1ed3b44b49845f86bb') in 0.089514 seconds 
========================================================================
Received Import Request.
  Time since last request: 9.361037 seconds.
  path: Assets/Sprites/UI_sprites/New_UI/MainMenu/NewUI/menu_back.png
  artifactKey: Guid(7f3969f9bc839a842a795f9df1e4301d) Importer(815301076,1909f56bfc062723c751e8b465ee728b)
Start importing Assets/Sprites/UI_sprites/New_UI/MainMenu/NewUI/menu_back.png using Guid(7f3969f9bc839a842a795f9df1e4301d) Importer(815301076,1909f56bfc062723c751e8b465ee728b)  -> (artifact id: '37e7394fb1f6fa956bfc1aafa0cdf960') in 0.031736 seconds 
========================================================================
Received Import Request.
  Time since last request: 20.761636 seconds.
  path: Assets/Sprites/UI_sprites/New_UI/MainMenu/NewUI/menu_back.png
  artifactKey: Guid(7f3969f9bc839a842a795f9df1e4301d) Importer(815301076,1909f56bfc062723c751e8b465ee728b)
Start importing Assets/Sprites/UI_sprites/New_UI/MainMenu/NewUI/menu_back.png using Guid(7f3969f9bc839a842a795f9df1e4301d) Importer(815301076,1909f56bfc062723c751e8b465ee728b)  -> (artifact id: '5146a7b8aac1134dc653f3b055c51e64') in 0.035871 seconds 
========================================================================
Received Import Request.
  Time since last request: 39.436980 seconds.
  path: Assets/Sprites/UI_sprites/New_UI/MainMenu/NewUI/menu_back.png
  artifactKey: Guid(7f3969f9bc839a842a795f9df1e4301d) Importer(815301076,1909f56bfc062723c751e8b465ee728b)
Start importing Assets/Sprites/UI_sprites/New_UI/MainMenu/NewUI/menu_back.png using Guid(7f3969f9bc839a842a795f9df1e4301d) Importer(815301076,1909f56bfc062723c751e8b465ee728b)  -> (artifact id: '5725df26d55309556529f026f8c4912f') in 0.098577 seconds 
========================================================================
Received Import Request.
  Time since last request: 61.810637 seconds.
  path: Assets/Sprites/UI_sprites/New_UI/MainMenu/NewUI/name.png
  artifactKey: Guid(2d88e8ba786b67f4cb28468fed3f22c2) Importer(815301076,1909f56bfc062723c751e8b465ee728b)
Start importing Assets/Sprites/UI_sprites/New_UI/MainMenu/NewUI/name.png using Guid(2d88e8ba786b67f4cb28468fed3f22c2) Importer(815301076,1909f56bfc062723c751e8b465ee728b)  -> (artifact id: '187b3449979e0cd3ed42ebe3ccc25228') in 0.060396 seconds 
========================================================================
Received Import Request.
  Time since last request: 12.490836 seconds.
  path: Assets/Sprites/UI_sprites/New_UI/MainMenu/NewUI/name.png
  artifactKey: Guid(2d88e8ba786b67f4cb28468fed3f22c2) Importer(815301076,1909f56bfc062723c751e8b465ee728b)
Start importing Assets/Sprites/UI_sprites/New_UI/MainMenu/NewUI/name.png using Guid(2d88e8ba786b67f4cb28468fed3f22c2) Importer(815301076,1909f56bfc062723c751e8b465ee728b)  -> (artifact id: '19a51caa069e01dbca954f372926521f') in 0.054874 seconds 
========================================================================
Received Import Request.
  Time since last request: 6.883894 seconds.
  path: Assets/Sprites/UI_sprites/New_UI/MainMenu/NewUI/name.png
  artifactKey: Guid(2d88e8ba786b67f4cb28468fed3f22c2) Importer(815301076,1909f56bfc062723c751e8b465ee728b)
Start importing Assets/Sprites/UI_sprites/New_UI/MainMenu/NewUI/name.png using Guid(2d88e8ba786b67f4cb28468fed3f22c2) Importer(815301076,1909f56bfc062723c751e8b465ee728b)  -> (artifact id: '362a7cfde85dcab52a1f2c620d2773c2') in 0.057616 seconds 
========================================================================
Received Import Request.
  Time since last request: 17.509058 seconds.
  path: Assets/Sprites/UI_sprites/New_UI/GameUI/choice.png
  artifactKey: Guid(c2b649e6c44bb5e4ab83b22316a983f0) Importer(815301076,1909f56bfc062723c751e8b465ee728b)
Start importing Assets/Sprites/UI_sprites/New_UI/GameUI/choice.png using Guid(c2b649e6c44bb5e4ab83b22316a983f0) Importer(815301076,1909f56bfc062723c751e8b465ee728b)  -> (artifact id: '368a743b0d01ed2c4f493282e4e7e130') in 0.054017 seconds 
========================================================================
Received Import Request.
  Time since last request: 0.000438 seconds.
  path: Assets/Sprites/UI_sprites/New_UI/GameUI/choice_mouse_on.png
  artifactKey: Guid(953d6ea5505c155448a3aedcc5deef55) Importer(815301076,1909f56bfc062723c751e8b465ee728b)
Start importing Assets/Sprites/UI_sprites/New_UI/GameUI/choice_mouse_on.png using Guid(953d6ea5505c155448a3aedcc5deef55) Importer(815301076,1909f56bfc062723c751e8b465ee728b)  -> (artifact id: '89655cb67738b47ec916545a8c0e458a') in 0.061840 seconds 
========================================================================
Received Import Request.
  Time since last request: 0.000571 seconds.
  path: Assets/Sprites/UI_sprites/New_UI/GameUI/choice_click.png
  artifactKey: Guid(76008615f74314347980b50c5f5f365e) Importer(815301076,1909f56bfc062723c751e8b465ee728b)
Start importing Assets/Sprites/UI_sprites/New_UI/GameUI/choice_click.png using Guid(76008615f74314347980b50c5f5f365e) Importer(815301076,1909f56bfc062723c751e8b465ee728b)  -> (artifact id: '7aa9bc08dd3c23f80a7b69f3f819fd0e') in 0.055223 seconds 
========================================================================
Received Import Request.
  Time since last request: 62.499972 seconds.
  path: Assets/Sprites/UI_sprites/New_UI/MainMenu/NewUI/name.png
  artifactKey: Guid(2d88e8ba786b67f4cb28468fed3f22c2) Importer(815301076,1909f56bfc062723c751e8b465ee728b)
Start importing Assets/Sprites/UI_sprites/New_UI/MainMenu/NewUI/name.png using Guid(2d88e8ba786b67f4cb28468fed3f22c2) Importer(815301076,1909f56bfc062723c751e8b465ee728b)  -> (artifact id: 'e665d734b3e103713dc8737510be470a') in 0.058566 seconds 
========================================================================
Received Import Request.
  Time since last request: 727.168049 seconds.
  path: Assets/Scenes/A_Prologue/0_Pro_Dialogue1.unity
  artifactKey: Guid(2cda990e2423bbf4892e6590ba056729) Importer(815301076,1909f56bfc062723c751e8b465ee728b)
Start importing Assets/Scenes/A_Prologue/0_Pro_Dialogue1.unity using Guid(2cda990e2423bbf4892e6590ba056729) Importer(815301076,1909f56bfc062723c751e8b465ee728b)  -> (artifact id: 'dbb74b261b7106df4fd667dd84813dec') in 0.021615 seconds 
========================================================================
Received Import Request.
  Time since last request: 93.633299 seconds.
  path: Assets/Sprites/UI_sprites/New_UI/MainMenu/NewUI/menu_back.png
  artifactKey: Guid(7f3969f9bc839a842a795f9df1e4301d) Importer(815301076,1909f56bfc062723c751e8b465ee728b)
Start importing Assets/Sprites/UI_sprites/New_UI/MainMenu/NewUI/menu_back.png using Guid(7f3969f9bc839a842a795f9df1e4301d) Importer(815301076,1909f56bfc062723c751e8b465ee728b)  -> (artifact id: '6093942caf4e41ebafd782e7300785c4') in 0.068993 seconds 
========================================================================
Received Import Request.
  Time since last request: 14.083741 seconds.
  path: Assets/Sprites/UI_sprites/New_UI/MainMenu/NewUI/menu_back.png
  artifactKey: Guid(7f3969f9bc839a842a795f9df1e4301d) Importer(815301076,1909f56bfc062723c751e8b465ee728b)
Start importing Assets/Sprites/UI_sprites/New_UI/MainMenu/NewUI/menu_back.png using Guid(7f3969f9bc839a842a795f9df1e4301d) Importer(815301076,1909f56bfc062723c751e8b465ee728b)  -> (artifact id: 'e0b03b62246cc8c22d02c36fe7584e2b') in 0.064807 seconds 
========================================================================
Received Import Request.
  Time since last request: 426.905575 seconds.
  path: Assets/Sprites/UI_sprites/New_UI/MainMenu/NewUI/menu_back.png
  artifactKey: Guid(7f3969f9bc839a842a795f9df1e4301d) Importer(815301076,1909f56bfc062723c751e8b465ee728b)
Start importing Assets/Sprites/UI_sprites/New_UI/MainMenu/NewUI/menu_back.png using Guid(7f3969f9bc839a842a795f9df1e4301d) Importer(815301076,1909f56bfc062723c751e8b465ee728b)  -> (artifact id: '2f15050c6bec131c53e10a90a2d496f5') in 0.025823 seconds 
========================================================================
Received Import Request.
  Time since last request: 477.278651 seconds.
  path: Assets/Sprites/character/HuJung_Sprite/hujung_Angry.png
  artifactKey: Guid(f6eda7f60214cb44a9ae622f0cda247a) Importer(815301076,1909f56bfc062723c751e8b465ee728b)
Start importing Assets/Sprites/character/HuJung_Sprite/hujung_Angry.png using Guid(f6eda7f60214cb44a9ae622f0cda247a) Importer(815301076,1909f56bfc062723c751e8b465ee728b)  -> (artifact id: '90229bf60976491b72158cb590108bd7') in 0.351151 seconds 
========================================================================
Received Import Request.
  Time since last request: 0.000615 seconds.
  path: Assets/Sprites/character/HuJung_Sprite/hujung_Idle.png
  artifactKey: Guid(237e0d089e7ea3f4a8166ef9f70eaa8a) Importer(815301076,1909f56bfc062723c751e8b465ee728b)
Start importing Assets/Sprites/character/HuJung_Sprite/hujung_Idle.png using Guid(237e0d089e7ea3f4a8166ef9f70eaa8a) Importer(815301076,1909f56bfc062723c751e8b465ee728b)  -> (artifact id: 'b5d0e0e0d6dd0747ab16a770352f284b') in 0.163085 seconds 
========================================================================
Received Import Request.
  Time since last request: 0.000751 seconds.
  path: Assets/Sprites/character/HuJung_Sprite/hujung_Smile.png
  artifactKey: Guid(d46538830cb29214e9c32f453002e7e3) Importer(815301076,1909f56bfc062723c751e8b465ee728b)
Start importing Assets/Sprites/character/HuJung_Sprite/hujung_Smile.png using Guid(d46538830cb29214e9c32f453002e7e3) Importer(815301076,1909f56bfc062723c751e8b465ee728b)  -> (artifact id: '3cc70f40ce209da2ef74bb654e4f14a4') in 0.190362 seconds 
========================================================================
Received Import Request.
  Time since last request: 0.000604 seconds.
  path: Assets/Sprites/character/HuJung_Sprite/hujung_Surprise.png
  artifactKey: Guid(94734578c6039b244a05c0011565a101) Importer(815301076,1909f56bfc062723c751e8b465ee728b)
Start importing Assets/Sprites/character/HuJung_Sprite/hujung_Surprise.png using Guid(94734578c6039b244a05c0011565a101) Importer(815301076,1909f56bfc062723c751e8b465ee728b)  -> (artifact id: 'b241557c1841e0c731e285b1432f9884') in 0.136430 seconds 
========================================================================
Received Import Request.
  Time since last request: 59.387300 seconds.
  path: Assets/Chacter/Hujung_E.asset
  artifactKey: Guid(9fafcf8abfc80654c9cd746f0a838e7d) Importer(815301076,1909f56bfc062723c751e8b465ee728b)
Start importing Assets/Chacter/Hujung_E.asset using Guid(9fafcf8abfc80654c9cd746f0a838e7d) Importer(815301076,1909f56bfc062723c751e8b465ee728b)  -> (artifact id: '4df98456c364396b46cece38937d0864') in 0.214729 seconds 
========================================================================
Received Import Request.
  Time since last request: 475.747187 seconds.
  path: Assets/Scenes/A_Prologue/0_Pro_Dialogue1.unity
  artifactKey: Guid(2cda990e2423bbf4892e6590ba056729) Importer(815301076,1909f56bfc062723c751e8b465ee728b)
Start importing Assets/Scenes/A_Prologue/0_Pro_Dialogue1.unity using Guid(2cda990e2423bbf4892e6590ba056729) Importer(815301076,1909f56bfc062723c751e8b465ee728b)  -> (artifact id: 'b1f69d5a1a53715ee40cecf27e030859') in 0.012631 seconds 
========================================================================
Received Import Request.
  Time since last request: 282.097125 seconds.
  path: Assets/Scenes/A_Prologue/0_Pro_Dialogue1.unity
  artifactKey: Guid(2cda990e2423bbf4892e6590ba056729) Importer(815301076,1909f56bfc062723c751e8b465ee728b)
Start importing Assets/Scenes/A_Prologue/0_Pro_Dialogue1.unity using Guid(2cda990e2423bbf4892e6590ba056729) Importer(815301076,1909f56bfc062723c751e8b465ee728b)  -> (artifact id: '578c5bfd84c3ffd1a1f1de5a92132a9b') in 0.012515 seconds 
========================================================================
Received Import Request.
  Time since last request: 40.146702 seconds.
  path: Assets/Scenes/A_Prologue/1-1_Pro_Dialogue1 1.unity
  artifactKey: Guid(ffe77fdbce0682d4e87241e849994139) Importer(815301076,1909f56bfc062723c751e8b465ee728b)
Start importing Assets/Scenes/A_Prologue/1-1_Pro_Dialogue1 1.unity using Guid(ffe77fdbce0682d4e87241e849994139) Importer(815301076,1909f56bfc062723c751e8b465ee728b)  -> (artifact id: '7bcbc19a466618255e1bb8b62e50f32a') in 0.015922 seconds 
========================================================================
Received Import Request.
  Time since last request: 87.377459 seconds.
  path: Assets/Scenes/0_MainTitle.unity
  artifactKey: Guid(84d3d303478402d46875e09a07273240) Importer(815301076,1909f56bfc062723c751e8b465ee728b)
Start importing Assets/Scenes/0_MainTitle.unity using Guid(84d3d303478402d46875e09a07273240) Importer(815301076,1909f56bfc062723c751e8b465ee728b)  -> (artifact id: '147016c5a8af0a9edacade8f76f695e1') in 0.009579 seconds 
========================================================================
Received Prepare
Registering precompiled user dll's ...
Registered in 0.013388 seconds.
Begin MonoManager ReloadAssembly
Symbol file LoadedFromMemory doesn't match image E:\AfterSchool\AfterSchool\Library\PackageCache\com.unity.visualscripting@1.6.1\Editor\VisualScripting.Core\Dependencies\YamlDotNet\Unity.VisualScripting.YamlDotNet.dll
Symbol file LoadedFromMemory doesn't match image E:\AfterSchool\AfterSchool\Library\PackageCache\com.unity.visualscripting@1.6.1\Editor\VisualScripting.Core\Dependencies\DotNetZip\Unity.VisualScripting.IonicZip.dll
Native extension for WindowsStandalone target not found
Refreshing native plugins compatible for Editor in 1.12 ms, found 4 plugins.
Preloading 0 native plugins for Editor in 0.00 ms.
Mono: successfully reloaded assembly
- Completed reload, in  2.512 seconds
Domain Reload Profiling:
	ReloadAssembly (2513ms)
		BeginReloadAssembly (449ms)
			ExecutionOrderSort (0ms)
			DisableScriptedObjects (16ms)
			BackupInstance (0ms)
			ReleaseScriptingObjects (0ms)
			CreateAndSetChildDomain (153ms)
		EndReloadAssembly (1889ms)
			LoadAssemblies (353ms)
			RebuildTransferFunctionScriptingTraits (0ms)
			SetupTypeCache (796ms)
			ReleaseScriptCaches (2ms)
			RebuildScriptCaches (92ms)
			SetupLoadedEditorAssemblies (552ms)
				LogAssemblyErrors (0ms)
				InitializePlatformSupportModulesInManaged (7ms)
				SetLoadedEditorAssemblies (1ms)
				RefreshPlugins (1ms)
				BeforeProcessingInitializeOnLoad (106ms)
				ProcessInitializeOnLoadAttributes (417ms)
				ProcessInitializeOnLoadMethodAttributes (14ms)
				AfterProcessingInitializeOnLoad (6ms)
				EditorAssembliesLoaded (0ms)
			ExecutionOrderSort2 (0ms)
			AwakeInstancesAfterBackupRestoration (29ms)
Platform modules already initialized, skipping
Refreshing native plugins compatible for Editor in 1.18 ms, found 4 plugins.
Preloading 0 native plugins for Editor in 0.00 ms.
Unloading 3845 Unused Serialized files (Serialized files now loaded: 0)
System memory in use before: 200.2 MB.
System memory in use after: 200.5 MB.

Unloading 18 unused Assets to reduce memory usage. Loaded Objects now: 4676.
Total: 7.717362 ms (FindLiveObjects: 0.514264 ms CreateObjectMapping: 0.469332 ms MarkObjects: 6.692609 ms  DeleteObjects: 0.039646 ms)

AssetImportParameters requested are different than current active one (requested -> active):
  custom:framework-win-MediaFoundation: 216162199b28c13a410421893ffa2e32 -> 
  custom:video-decoder-ogg-theora: a1e56fd34408186e4bbccfd4996cb3dc -> 
  custom:container-muxer-webm: aa71ff27fc2769a1b78a27578f13a17b -> 
  custom:container-demuxer-webm: 4f35f7cbe854078d1ac9338744f61a02 -> 
  custom:container-demuxer-ogg: 62fdf1f143b41e24485cea50d1cbac27 -> 
  custom:video-encoder-webm-vp8: eb34c28f22e8b96e1ab97ce403110664 -> 
  custom:video-codec-MediaFoundation-h265: 746d11721c4dcdbdad8f713fa42b33f4 -> 
  custom:video-decoder-webm-vp8: 9c59270c3fd7afecdb556c50c9e8de78 -> 
  custom:audio-decoder-ogg-vorbis: bf7c407c2cedff20999df2af8eb42d56 -> 
  custom:audio-encoder-webm-vorbis: bf7c407c2cedff20999df2af8eb42d56 -> 
========================================================================
Received Import Request.
  Time since last request: 81.025364 seconds.
  path: Assets/Scenes/A_Prologue/0_Pro_Dialogue1.unity
  artifactKey: Guid(2cda990e2423bbf4892e6590ba056729) Importer(815301076,1909f56bfc062723c751e8b465ee728b)
Start importing Assets/Scenes/A_Prologue/0_Pro_Dialogue1.unity using Guid(2cda990e2423bbf4892e6590ba056729) Importer(815301076,1909f56bfc062723c751e8b465ee728b)  -> (artifact id: 'f852d9e7eedf85e049d7978375c4bb84') in 0.028923 seconds 
========================================================================
Received Prepare
Registering precompiled user dll's ...
Registered in 0.011669 seconds.
Begin MonoManager ReloadAssembly
Symbol file LoadedFromMemory doesn't match image E:\AfterSchool\AfterSchool\Library\PackageCache\com.unity.visualscripting@1.6.1\Editor\VisualScripting.Core\Dependencies\YamlDotNet\Unity.VisualScripting.YamlDotNet.dll
Symbol file LoadedFromMemory doesn't match image E:\AfterSchool\AfterSchool\Library\PackageCache\com.unity.visualscripting@1.6.1\Editor\VisualScripting.Core\Dependencies\DotNetZip\Unity.VisualScripting.IonicZip.dll
Native extension for WindowsStandalone target not found
Refreshing native plugins compatible for Editor in 0.90 ms, found 4 plugins.
Preloading 0 native plugins for Editor in 0.00 ms.
Mono: successfully reloaded assembly
- Completed reload, in  2.402 seconds
Domain Reload Profiling:
	ReloadAssembly (2403ms)
		BeginReloadAssembly (200ms)
			ExecutionOrderSort (0ms)
			DisableScriptedObjects (14ms)
			BackupInstance (0ms)
			ReleaseScriptingObjects (0ms)
			CreateAndSetChildDomain (55ms)
		EndReloadAssembly (2125ms)
			LoadAssemblies (197ms)
			RebuildTransferFunctionScriptingTraits (0ms)
			SetupTypeCache (1130ms)
			ReleaseScriptCaches (2ms)
			RebuildScriptCaches (83ms)
			SetupLoadedEditorAssemblies (435ms)
				LogAssemblyErrors (0ms)
				InitializePlatformSupportModulesInManaged (7ms)
				SetLoadedEditorAssemblies (1ms)
				RefreshPlugins (1ms)
				BeforeProcessingInitializeOnLoad (91ms)
				ProcessInitializeOnLoadAttributes (315ms)
				ProcessInitializeOnLoadMethodAttributes (15ms)
				AfterProcessingInitializeOnLoad (5ms)
				EditorAssembliesLoaded (0ms)
			ExecutionOrderSort2 (0ms)
			AwakeInstancesAfterBackupRestoration (95ms)
Platform modules already initialized, skipping
Refreshing native plugins compatible for Editor in 1.71 ms, found 4 plugins.
Preloading 0 native plugins for Editor in 0.00 ms.
Unloading 3837 Unused Serialized files (Serialized files now loaded: 0)
System memory in use before: 199.9 MB.
System memory in use after: 200.2 MB.

Unloading 18 unused Assets to reduce memory usage. Loaded Objects now: 4679.
Total: 8.605430 ms (FindLiveObjects: 0.851066 ms CreateObjectMapping: 0.568636 ms MarkObjects: 7.131357 ms  DeleteObjects: 0.052106 ms)

AssetImportParameters requested are different than current active one (requested -> active):
  custom:framework-win-MediaFoundation: 216162199b28c13a410421893ffa2e32 -> 
  custom:video-decoder-ogg-theora: a1e56fd34408186e4bbccfd4996cb3dc -> 
  custom:container-muxer-webm: aa71ff27fc2769a1b78a27578f13a17b -> 
  custom:container-demuxer-webm: 4f35f7cbe854078d1ac9338744f61a02 -> 
  custom:container-demuxer-ogg: 62fdf1f143b41e24485cea50d1cbac27 -> 
  custom:video-encoder-webm-vp8: eb34c28f22e8b96e1ab97ce403110664 -> 
  custom:video-codec-MediaFoundation-h265: 746d11721c4dcdbdad8f713fa42b33f4 -> 
  custom:video-decoder-webm-vp8: 9c59270c3fd7afecdb556c50c9e8de78 -> 
  custom:audio-decoder-ogg-vorbis: bf7c407c2cedff20999df2af8eb42d56 -> 
  custom:audio-encoder-webm-vorbis: bf7c407c2cedff20999df2af8eb42d56 -> 
========================================================================
Received Import Request.
  Time since last request: 466.790842 seconds.
  path: Assets/Scenes/A_Prologue/0_Pro_Dialogue1.unity
  artifactKey: Guid(2cda990e2423bbf4892e6590ba056729) Importer(815301076,1909f56bfc062723c751e8b465ee728b)
Start importing Assets/Scenes/A_Prologue/0_Pro_Dialogue1.unity using Guid(2cda990e2423bbf4892e6590ba056729) Importer(815301076,1909f56bfc062723c751e8b465ee728b)  -> (artifact id: 'daea9e5dedc87b2797e62f8ba5992f47') in 0.023617 seconds 
========================================================================
Received Import Request.
  Time since last request: 748.411357 seconds.
  path: Assets/Scenes/A_Prologue/0_Pro_Dialogue1.unity
  artifactKey: Guid(2cda990e2423bbf4892e6590ba056729) Importer(815301076,1909f56bfc062723c751e8b465ee728b)
Start importing Assets/Scenes/A_Prologue/0_Pro_Dialogue1.unity using Guid(2cda990e2423bbf4892e6590ba056729) Importer(815301076,1909f56bfc062723c751e8b465ee728b)  -> (artifact id: '5d76a3bf6cb839cea49ebc4f767980ff') in 0.009523 seconds 
========================================================================
Received Import Request.
  Time since last request: 125.543677 seconds.
  path: Assets/Scenes/A_Prologue/1-1_Pro_Dialogue1 1.unity
  artifactKey: Guid(ffe77fdbce0682d4e87241e849994139) Importer(815301076,1909f56bfc062723c751e8b465ee728b)
Start importing Assets/Scenes/A_Prologue/1-1_Pro_Dialogue1 1.unity using Guid(ffe77fdbce0682d4e87241e849994139) Importer(815301076,1909f56bfc062723c751e8b465ee728b)  -> (artifact id: '3abe10da6d6e23111a3530d8a78d53e4') in 0.010009 seconds 
========================================================================
Received Import Request.
  Time since last request: 132.203173 seconds.
  path: Assets/Sprites/UI_sprites/New_UI/MainMenu/NewUI/menu_back.png
  artifactKey: Guid(7f3969f9bc839a842a795f9df1e4301d) Importer(815301076,1909f56bfc062723c751e8b465ee728b)
Start importing Assets/Sprites/UI_sprites/New_UI/MainMenu/NewUI/menu_back.png using Guid(7f3969f9bc839a842a795f9df1e4301d) Importer(815301076,1909f56bfc062723c751e8b465ee728b)  -> (artifact id: '3cf4fd1528e146c23819164c7b59a34b') in 0.141801 seconds 
========================================================================
Received Import Request.
  Time since last request: 59.932711 seconds.
  path: Assets/Sprites/UI_sprites/New_UI/MainMenu/NewUI/background_all.png
  artifactKey: Guid(11685587319a9894cb9ce55c99df7d34) Importer(815301076,1909f56bfc062723c751e8b465ee728b)
Start importing Assets/Sprites/UI_sprites/New_UI/MainMenu/NewUI/background_all.png using Guid(11685587319a9894cb9ce55c99df7d34) Importer(815301076,1909f56bfc062723c751e8b465ee728b)  -> (artifact id: 'ce504155142fd7bcb81ab79888ab7848') in 0.087560 seconds 
========================================================================
Received Import Request.
  Time since last request: 21.417375 seconds.
  path: Assets/Sprites/UI_sprites/New_UI/MainMenu/NewUI/background_all.png
  artifactKey: Guid(11685587319a9894cb9ce55c99df7d34) Importer(815301076,1909f56bfc062723c751e8b465ee728b)
Start importing Assets/Sprites/UI_sprites/New_UI/MainMenu/NewUI/background_all.png using Guid(11685587319a9894cb9ce55c99df7d34) Importer(815301076,1909f56bfc062723c751e8b465ee728b)  -> (artifact id: '17307b91089feb702e0cc94027ca3e6d') in 0.022960 seconds 
========================================================================
Received Import Request.
  Time since last request: 49.395039 seconds.
  path: Assets/Sprites/UI_sprites/New_UI/MainMenu/NewUI/background_all.png
  artifactKey: Guid(11685587319a9894cb9ce55c99df7d34) Importer(815301076,1909f56bfc062723c751e8b465ee728b)
Start importing Assets/Sprites/UI_sprites/New_UI/MainMenu/NewUI/background_all.png using Guid(11685587319a9894cb9ce55c99df7d34) Importer(815301076,1909f56bfc062723c751e8b465ee728b)  -> (artifact id: 'd3b1c8031d290b74d62ffa96965259a8') in 0.022938 seconds 
========================================================================
Received Import Request.
  Time since last request: 688.732685 seconds.
  path: Assets/Scenes/A_Prologue/0_Pro_Dialogue1.unity
  artifactKey: Guid(2cda990e2423bbf4892e6590ba056729) Importer(815301076,1909f56bfc062723c751e8b465ee728b)
Start importing Assets/Scenes/A_Prologue/0_Pro_Dialogue1.unity using Guid(2cda990e2423bbf4892e6590ba056729) Importer(815301076,1909f56bfc062723c751e8b465ee728b)  -> (artifact id: 'e7791a3c536231f3f7e07f7ba17aae3e') in 0.015599 seconds 
========================================================================
Received Prepare
Registering precompiled user dll's ...
Registered in 0.010461 seconds.
Begin MonoManager ReloadAssembly
Symbol file LoadedFromMemory doesn't match image E:\AfterSchool\AfterSchool\Library\PackageCache\com.unity.visualscripting@1.6.1\Editor\VisualScripting.Core\Dependencies\YamlDotNet\Unity.VisualScripting.YamlDotNet.dll
Symbol file LoadedFromMemory doesn't match image E:\AfterSchool\AfterSchool\Library\PackageCache\com.unity.visualscripting@1.6.1\Editor\VisualScripting.Core\Dependencies\DotNetZip\Unity.VisualScripting.IonicZip.dll
Native extension for WindowsStandalone target not found
Refreshing native plugins compatible for Editor in 0.91 ms, found 4 plugins.
Preloading 0 native plugins for Editor in 0.00 ms.
Mono: successfully reloaded assembly
- Completed reload, in  5.257 seconds
Domain Reload Profiling:
	ReloadAssembly (5257ms)
		BeginReloadAssembly (858ms)
			ExecutionOrderSort (0ms)
			DisableScriptedObjects (15ms)
			BackupInstance (0ms)
			ReleaseScriptingObjects (0ms)
			CreateAndSetChildDomain (639ms)
		EndReloadAssembly (4267ms)
			LoadAssemblies (274ms)
			RebuildTransferFunctionScriptingTraits (0ms)
			SetupTypeCache (1321ms)
			ReleaseScriptCaches (4ms)
			RebuildScriptCaches (121ms)
			SetupLoadedEditorAssemblies (1763ms)
				LogAssemblyErrors (0ms)
				InitializePlatformSupportModulesInManaged (13ms)
				SetLoadedEditorAssemblies (1ms)
				RefreshPlugins (1ms)
				BeforeProcessingInitializeOnLoad (195ms)
				ProcessInitializeOnLoadAttributes (1515ms)
				ProcessInitializeOnLoadMethodAttributes (29ms)
				AfterProcessingInitializeOnLoad (9ms)
				EditorAssembliesLoaded (0ms)
			ExecutionOrderSort2 (0ms)
			AwakeInstancesAfterBackupRestoration (57ms)
Platform modules already initialized, skipping
Refreshing native plugins compatible for Editor in 1.93 ms, found 4 plugins.
Preloading 0 native plugins for Editor in 0.00 ms.
Unloading 3837 Unused Serialized files (Serialized files now loaded: 0)
System memory in use before: 201.6 MB.
System memory in use after: 201.9 MB.

Unloading 18 unused Assets to reduce memory usage. Loaded Objects now: 4739.
Total: 8.575224 ms (FindLiveObjects: 0.799715 ms CreateObjectMapping: 0.523326 ms MarkObjects: 7.193658 ms  DeleteObjects: 0.056259 ms)

AssetImportParameters requested are different than current active one (requested -> active):
  custom:framework-win-MediaFoundation: 216162199b28c13a410421893ffa2e32 -> 
  custom:video-decoder-ogg-theora: a1e56fd34408186e4bbccfd4996cb3dc -> 
  custom:container-muxer-webm: aa71ff27fc2769a1b78a27578f13a17b -> 
  custom:container-demuxer-webm: 4f35f7cbe854078d1ac9338744f61a02 -> 
  custom:container-demuxer-ogg: 62fdf1f143b41e24485cea50d1cbac27 -> 
  custom:video-encoder-webm-vp8: eb34c28f22e8b96e1ab97ce403110664 -> 
  custom:video-codec-MediaFoundation-h265: 746d11721c4dcdbdad8f713fa42b33f4 -> 
  custom:video-decoder-webm-vp8: 9c59270c3fd7afecdb556c50c9e8de78 -> 
  custom:audio-decoder-ogg-vorbis: bf7c407c2cedff20999df2af8eb42d56 -> 
  custom:audio-encoder-webm-vorbis: bf7c407c2cedff20999df2af8eb42d56 -> 
========================================================================
Received Import Request.
  Time since last request: 215.072759 seconds.
  path: Assets/Scenes/A_Prologue/1-1_Pro_Dialogue1 1.unity
  artifactKey: Guid(ffe77fdbce0682d4e87241e849994139) Importer(815301076,1909f56bfc062723c751e8b465ee728b)
Start importing Assets/Scenes/A_Prologue/1-1_Pro_Dialogue1 1.unity using Guid(ffe77fdbce0682d4e87241e849994139) Importer(815301076,1909f56bfc062723c751e8b465ee728b)  -> (artifact id: 'c8fbe0eed50d2141ffefd1cd6677e39f') in 0.049031 seconds 
========================================================================
Received Import Request.
  Time since last request: 20.999804 seconds.
  path: Assets/Scenes/A_Prologue/0_Pro_Dialogue1.unity
  artifactKey: Guid(2cda990e2423bbf4892e6590ba056729) Importer(815301076,1909f56bfc062723c751e8b465ee728b)
Start importing Assets/Scenes/A_Prologue/0_Pro_Dialogue1.unity using Guid(2cda990e2423bbf4892e6590ba056729) Importer(815301076,1909f56bfc062723c751e8b465ee728b)  -> (artifact id: '4026743c2b373d154640cef290efda18') in 0.015856 seconds 
========================================================================
Received Import Request.
  Time since last request: 75.283933 seconds.
  path: Assets/Scenes/A_Prologue/1-1_Pro_Dialogue1 1.unity
  artifactKey: Guid(ffe77fdbce0682d4e87241e849994139) Importer(815301076,1909f56bfc062723c751e8b465ee728b)
Start importing Assets/Scenes/A_Prologue/1-1_Pro_Dialogue1 1.unity using Guid(ffe77fdbce0682d4e87241e849994139) Importer(815301076,1909f56bfc062723c751e8b465ee728b)  -> (artifact id: 'ebc7195fe1b1f2220601f4aa2c984dd8') in 0.010423 seconds 
========================================================================
Received Import Request.
  Time since last request: 43.289051 seconds.
  path: Assets/Scenes/A_Prologue/1-1_Pro_Dialogue1 1.unity
  artifactKey: Guid(ffe77fdbce0682d4e87241e849994139) Importer(815301076,1909f56bfc062723c751e8b465ee728b)
Start importing Assets/Scenes/A_Prologue/1-1_Pro_Dialogue1 1.unity using Guid(ffe77fdbce0682d4e87241e849994139) Importer(815301076,1909f56bfc062723c751e8b465ee728b)  -> (artifact id: 'd341724f42bb2cccdf8126d13480156a') in 0.021853 seconds 
========================================================================
Received Import Request.
  Time since last request: 68.343271 seconds.
  path: Assets/Scenes/A_Prologue/1-1_Pro_Dialogue1 1.unity
  artifactKey: Guid(ffe77fdbce0682d4e87241e849994139) Importer(815301076,1909f56bfc062723c751e8b465ee728b)
Start importing Assets/Scenes/A_Prologue/1-1_Pro_Dialogue1 1.unity using Guid(ffe77fdbce0682d4e87241e849994139) Importer(815301076,1909f56bfc062723c751e8b465ee728b)  -> (artifact id: '4f670e136e469c22d2e43f26cb61a76d') in 0.030886 seconds 
========================================================================
Received Import Request.
  Time since last request: 158.276208 seconds.
  path: Assets/Scenes/A_Prologue/1-1_Pro_Dialogue1 1.unity
  artifactKey: Guid(ffe77fdbce0682d4e87241e849994139) Importer(815301076,1909f56bfc062723c751e8b465ee728b)
Start importing Assets/Scenes/A_Prologue/1-1_Pro_Dialogue1 1.unity using Guid(ffe77fdbce0682d4e87241e849994139) Importer(815301076,1909f56bfc062723c751e8b465ee728b)  -> (artifact id: '1fd5f92c7800a6d09fbaad6105e35b21') in 0.009090 seconds 
========================================================================
Received Import Request.
  Time since last request: 48.657067 seconds.
  path: Assets/Scenes/A_Prologue/1-1_Pro_Dialogue1 1.unity
  artifactKey: Guid(ffe77fdbce0682d4e87241e849994139) Importer(815301076,1909f56bfc062723c751e8b465ee728b)
Start importing Assets/Scenes/A_Prologue/1-1_Pro_Dialogue1 1.unity using Guid(ffe77fdbce0682d4e87241e849994139) Importer(815301076,1909f56bfc062723c751e8b465ee728b)  -> (artifact id: '8c15b6212f92b03eb5846bd914d7c14f') in 0.012387 seconds 
========================================================================
Received Prepare
Registering precompiled user dll's ...
Registered in 0.104313 seconds.
Begin MonoManager ReloadAssembly
Symbol file LoadedFromMemory doesn't match image E:\AfterSchool\AfterSchool\Library\PackageCache\com.unity.visualscripting@1.6.1\Editor\VisualScripting.Core\Dependencies\YamlDotNet\Unity.VisualScripting.YamlDotNet.dll
Symbol file LoadedFromMemory doesn't match image E:\AfterSchool\AfterSchool\Library\PackageCache\com.unity.visualscripting@1.6.1\Editor\VisualScripting.Core\Dependencies\DotNetZip\Unity.VisualScripting.IonicZip.dll
Native extension for WindowsStandalone target not found
Refreshing native plugins compatible for Editor in 1.04 ms, found 4 plugins.
Preloading 0 native plugins for Editor in 0.00 ms.
Mono: successfully reloaded assembly
- Completed reload, in  3.214 seconds
Domain Reload Profiling:
	ReloadAssembly (3215ms)
		BeginReloadAssembly (531ms)
			ExecutionOrderSort (0ms)
			DisableScriptedObjects (96ms)
			BackupInstance (0ms)
			ReleaseScriptingObjects (0ms)
			CreateAndSetChildDomain (124ms)
		EndReloadAssembly (2450ms)
			LoadAssemblies (486ms)
			RebuildTransferFunctionScriptingTraits (0ms)
			SetupTypeCache (1095ms)
			ReleaseScriptCaches (2ms)
			RebuildScriptCaches (164ms)
			SetupLoadedEditorAssemblies (618ms)
				LogAssemblyErrors (0ms)
				InitializePlatformSupportModulesInManaged (10ms)
				SetLoadedEditorAssemblies (1ms)
				RefreshPlugins (1ms)
				BeforeProcessingInitializeOnLoad (119ms)
				ProcessInitializeOnLoadAttributes (462ms)
				ProcessInitializeOnLoadMethodAttributes (18ms)
				AfterProcessingInitializeOnLoad (7ms)
				EditorAssembliesLoaded (0ms)
			ExecutionOrderSort2 (0ms)
			AwakeInstancesAfterBackupRestoration (41ms)
Platform modules already initialized, skipping
Refreshing native plugins compatible for Editor in 1.68 ms, found 4 plugins.
Preloading 0 native plugins for Editor in 0.00 ms.
Unloading 3837 Unused Serialized files (Serialized files now loaded: 0)
System memory in use before: 202.1 MB.
System memory in use after: 202.3 MB.

Unloading 18 unused Assets to reduce memory usage. Loaded Objects now: 4742.
Total: 9.538808 ms (FindLiveObjects: 0.800470 ms CreateObjectMapping: 0.556176 ms MarkObjects: 8.124015 ms  DeleteObjects: 0.054749 ms)

AssetImportParameters requested are different than current active one (requested -> active):
  custom:framework-win-MediaFoundation: 216162199b28c13a410421893ffa2e32 -> 
  custom:video-decoder-ogg-theora: a1e56fd34408186e4bbccfd4996cb3dc -> 
  custom:container-muxer-webm: aa71ff27fc2769a1b78a27578f13a17b -> 
  custom:container-demuxer-webm: 4f35f7cbe854078d1ac9338744f61a02 -> 
  custom:container-demuxer-ogg: 62fdf1f143b41e24485cea50d1cbac27 -> 
  custom:video-encoder-webm-vp8: eb34c28f22e8b96e1ab97ce403110664 -> 
  custom:video-codec-MediaFoundation-h265: 746d11721c4dcdbdad8f713fa42b33f4 -> 
  custom:video-decoder-webm-vp8: 9c59270c3fd7afecdb556c50c9e8de78 -> 
  custom:audio-decoder-ogg-vorbis: bf7c407c2cedff20999df2af8eb42d56 -> 
  custom:audio-encoder-webm-vorbis: bf7c407c2cedff20999df2af8eb42d56 -> 
========================================================================
Received Import Request.
  Time since last request: 621.080639 seconds.
  path: Assets/Scenes/A_Prologue/1-3_PrologueGame.unity
  artifactKey: Guid(c5dd9bb74a2f85641a75604cdf795bc4) Importer(815301076,1909f56bfc062723c751e8b465ee728b)
Start importing Assets/Scenes/A_Prologue/1-3_PrologueGame.unity using Guid(c5dd9bb74a2f85641a75604cdf795bc4) Importer(815301076,1909f56bfc062723c751e8b465ee728b)  -> (artifact id: '49b8a5cec76a277e8e432ea5ef8f2790') in 0.035469 seconds 
========================================================================
Received Prepare
Registering precompiled user dll's ...
Registered in 0.008330 seconds.
Begin MonoManager ReloadAssembly
Symbol file LoadedFromMemory doesn't match image E:\AfterSchool\AfterSchool\Library\PackageCache\com.unity.visualscripting@1.6.1\Editor\VisualScripting.Core\Dependencies\YamlDotNet\Unity.VisualScripting.YamlDotNet.dll
Symbol file LoadedFromMemory doesn't match image E:\AfterSchool\AfterSchool\Library\PackageCache\com.unity.visualscripting@1.6.1\Editor\VisualScripting.Core\Dependencies\DotNetZip\Unity.VisualScripting.IonicZip.dll
Native extension for WindowsStandalone target not found
Refreshing native plugins compatible for Editor in 1.00 ms, found 4 plugins.
Preloading 0 native plugins for Editor in 0.00 ms.
Mono: successfully reloaded assembly
- Completed reload, in  1.850 seconds
Domain Reload Profiling:
	ReloadAssembly (1851ms)
		BeginReloadAssembly (198ms)
			ExecutionOrderSort (0ms)
			DisableScriptedObjects (17ms)
			BackupInstance (0ms)
			ReleaseScriptingObjects (0ms)
			CreateAndSetChildDomain (53ms)
		EndReloadAssembly (1576ms)
			LoadAssemblies (190ms)
			RebuildTransferFunctionScriptingTraits (0ms)
			SetupTypeCache (639ms)
			ReleaseScriptCaches (1ms)
			RebuildScriptCaches (65ms)
			SetupLoadedEditorAssemblies (544ms)
				LogAssemblyErrors (0ms)
				InitializePlatformSupportModulesInManaged (6ms)
				SetLoadedEditorAssemblies (1ms)
				RefreshPlugins (1ms)
				BeforeProcessingInitializeOnLoad (87ms)
				ProcessInitializeOnLoadAttributes (405ms)
				ProcessInitializeOnLoadMethodAttributes (36ms)
				AfterProcessingInitializeOnLoad (7ms)
				EditorAssembliesLoaded (0ms)
			ExecutionOrderSort2 (0ms)
			AwakeInstancesAfterBackupRestoration (32ms)
Platform modules already initialized, skipping
Refreshing native plugins compatible for Editor in 1.85 ms, found 4 plugins.
Preloading 0 native plugins for Editor in 0.00 ms.
Unloading 3837 Unused Serialized files (Serialized files now loaded: 0)
System memory in use before: 202.1 MB.
System memory in use after: 202.3 MB.

Unloading 18 unused Assets to reduce memory usage. Loaded Objects now: 4745.
Total: 8.880309 ms (FindLiveObjects: 0.794051 ms CreateObjectMapping: 0.495008 ms MarkObjects: 7.543675 ms  DeleteObjects: 0.045310 ms)

AssetImportParameters requested are different than current active one (requested -> active):
  custom:framework-win-MediaFoundation: 216162199b28c13a410421893ffa2e32 -> 
  custom:video-decoder-ogg-theora: a1e56fd34408186e4bbccfd4996cb3dc -> 
  custom:container-muxer-webm: aa71ff27fc2769a1b78a27578f13a17b -> 
  custom:container-demuxer-webm: 4f35f7cbe854078d1ac9338744f61a02 -> 
  custom:container-demuxer-ogg: 62fdf1f143b41e24485cea50d1cbac27 -> 
  custom:video-encoder-webm-vp8: eb34c28f22e8b96e1ab97ce403110664 -> 
  custom:video-codec-MediaFoundation-h265: 746d11721c4dcdbdad8f713fa42b33f4 -> 
  custom:video-decoder-webm-vp8: 9c59270c3fd7afecdb556c50c9e8de78 -> 
  custom:audio-decoder-ogg-vorbis: bf7c407c2cedff20999df2af8eb42d56 -> 
  custom:audio-encoder-webm-vorbis: bf7c407c2cedff20999df2af8eb42d56 -> 
========================================================================
Received Import Request.
  Time since last request: 742.361641 seconds.
  path: Assets/Scenes/A_Prologue/1-3_PrologueGame.unity
  artifactKey: Guid(c5dd9bb74a2f85641a75604cdf795bc4) Importer(815301076,1909f56bfc062723c751e8b465ee728b)
Start importing Assets/Scenes/A_Prologue/1-3_PrologueGame.unity using Guid(c5dd9bb74a2f85641a75604cdf795bc4) Importer(815301076,1909f56bfc062723c751e8b465ee728b)  -> (artifact id: '02daed65fc4a9aa42a754f3f87fba038') in 0.036651 seconds 
========================================================================
Received Prepare
Registering precompiled user dll's ...
Registered in 0.011600 seconds.
Begin MonoManager ReloadAssembly
Symbol file LoadedFromMemory doesn't match image E:\AfterSchool\AfterSchool\Library\PackageCache\com.unity.visualscripting@1.6.1\Editor\VisualScripting.Core\Dependencies\YamlDotNet\Unity.VisualScripting.YamlDotNet.dll
Symbol file LoadedFromMemory doesn't match image E:\AfterSchool\AfterSchool\Library\PackageCache\com.unity.visualscripting@1.6.1\Editor\VisualScripting.Core\Dependencies\DotNetZip\Unity.VisualScripting.IonicZip.dll
Native extension for WindowsStandalone target not found
Refreshing native plugins compatible for Editor in 1.42 ms, found 4 plugins.
Preloading 0 native plugins for Editor in 0.00 ms.
Mono: successfully reloaded assembly
- Completed reload, in  1.760 seconds
Domain Reload Profiling:
	ReloadAssembly (1760ms)
		BeginReloadAssembly (211ms)
			ExecutionOrderSort (0ms)
			DisableScriptedObjects (12ms)
			BackupInstance (0ms)
			ReleaseScriptingObjects (0ms)
			CreateAndSetChildDomain (54ms)
		EndReloadAssembly (1446ms)
			LoadAssemblies (225ms)
			RebuildTransferFunctionScriptingTraits (0ms)
			SetupTypeCache (599ms)
			ReleaseScriptCaches (2ms)
			RebuildScriptCaches (59ms)
			SetupLoadedEditorAssemblies (465ms)
				LogAssemblyErrors (0ms)
				InitializePlatformSupportModulesInManaged (6ms)
				SetLoadedEditorAssemblies (1ms)
				RefreshPlugins (2ms)
				BeforeProcessingInitializeOnLoad (126ms)
				ProcessInitializeOnLoadAttributes (314ms)
				ProcessInitializeOnLoadMethodAttributes (11ms)
				AfterProcessingInitializeOnLoad (5ms)
				EditorAssembliesLoaded (0ms)
			ExecutionOrderSort2 (0ms)
			AwakeInstancesAfterBackupRestoration (25ms)
Platform modules already initialized, skipping
Refreshing native plugins compatible for Editor in 2.52 ms, found 4 plugins.
Preloading 0 native plugins for Editor in 0.00 ms.
Unloading 3837 Unused Serialized files (Serialized files now loaded: 0)
System memory in use before: 202.1 MB.
System memory in use after: 202.4 MB.

Unloading 18 unused Assets to reduce memory usage. Loaded Objects now: 4748.
Total: 9.303954 ms (FindLiveObjects: 0.641131 ms CreateObjectMapping: 0.454229 ms MarkObjects: 8.148558 ms  DeleteObjects: 0.058147 ms)

AssetImportParameters requested are different than current active one (requested -> active):
  custom:framework-win-MediaFoundation: 216162199b28c13a410421893ffa2e32 -> 
  custom:video-decoder-ogg-theora: a1e56fd34408186e4bbccfd4996cb3dc -> 
  custom:container-muxer-webm: aa71ff27fc2769a1b78a27578f13a17b -> 
  custom:container-demuxer-webm: 4f35f7cbe854078d1ac9338744f61a02 -> 
  custom:container-demuxer-ogg: 62fdf1f143b41e24485cea50d1cbac27 -> 
  custom:video-encoder-webm-vp8: eb34c28f22e8b96e1ab97ce403110664 -> 
  custom:video-codec-MediaFoundation-h265: 746d11721c4dcdbdad8f713fa42b33f4 -> 
  custom:video-decoder-webm-vp8: 9c59270c3fd7afecdb556c50c9e8de78 -> 
  custom:audio-decoder-ogg-vorbis: bf7c407c2cedff20999df2af8eb42d56 -> 
  custom:audio-encoder-webm-vorbis: bf7c407c2cedff20999df2af8eb42d56 -> 
========================================================================
Received Import Request.
  Time since last request: 28.291825 seconds.
  path: Assets/Scenes/A_Prologue/1-1_Pro_Dialogue1 1.unity
  artifactKey: Guid(ffe77fdbce0682d4e87241e849994139) Importer(815301076,1909f56bfc062723c751e8b465ee728b)
Start importing Assets/Scenes/A_Prologue/1-1_Pro_Dialogue1 1.unity using Guid(ffe77fdbce0682d4e87241e849994139) Importer(815301076,1909f56bfc062723c751e8b465ee728b)  -> (artifact id: 'da233f8a99bea27ce2322bc126330f0a') in 0.029798 seconds 
========================================================================
Received Import Request.
  Time since last request: 26.935113 seconds.
  path: Assets/Scenes/A_Prologue/1-3_PrologueGame.unity
  artifactKey: Guid(c5dd9bb74a2f85641a75604cdf795bc4) Importer(815301076,1909f56bfc062723c751e8b465ee728b)
Start importing Assets/Scenes/A_Prologue/1-3_PrologueGame.unity using Guid(c5dd9bb74a2f85641a75604cdf795bc4) Importer(815301076,1909f56bfc062723c751e8b465ee728b)  -> (artifact id: '8fdc882204891892ebadb80460a0b6c5') in 0.008300 seconds 
========================================================================
Received Import Request.
  Time since last request: 28.775560 seconds.
  path: Assets/Scenes/A_Prologue/0_Pro_Dialogue1.unity
  artifactKey: Guid(2cda990e2423bbf4892e6590ba056729) Importer(815301076,1909f56bfc062723c751e8b465ee728b)
Start importing Assets/Scenes/A_Prologue/0_Pro_Dialogue1.unity using Guid(2cda990e2423bbf4892e6590ba056729) Importer(815301076,1909f56bfc062723c751e8b465ee728b)  -> (artifact id: 'd91b590cbdeaaab5da30e9a10dd36145') in 0.011778 seconds 
========================================================================
Received Import Request.
  Time since last request: 8.322409 seconds.
  path: Assets/Scenes/A_Prologue/1-3_PrologueGame.unity
  artifactKey: Guid(c5dd9bb74a2f85641a75604cdf795bc4) Importer(815301076,1909f56bfc062723c751e8b465ee728b)
Start importing Assets/Scenes/A_Prologue/1-3_PrologueGame.unity using Guid(c5dd9bb74a2f85641a75604cdf795bc4) Importer(815301076,1909f56bfc062723c751e8b465ee728b)  -> (artifact id: '38a028878132c788bd2bcec7cc372bdc') in 0.013360 seconds 
========================================================================
Received Import Request.
  Time since last request: 245.237758 seconds.
  path: Assets/Dialogue/C_2Chap/(2_1)Chap2.asset
  artifactKey: Guid(f37f5b287eb59884ea1f0542cf6cbdb8) Importer(815301076,1909f56bfc062723c751e8b465ee728b)
Start importing Assets/Dialogue/C_2Chap/(2_1)Chap2.asset using Guid(f37f5b287eb59884ea1f0542cf6cbdb8) Importer(815301076,1909f56bfc062723c751e8b465ee728b)  -> (artifact id: '21eb5a1053854a2a315ab24096d73310') in 0.016896 seconds 
========================================================================
Received Import Request.
  Time since last request: 226.474806 seconds.
  path: Assets/Dialogue/C_2Chap/(2_1)Chap2.asset
  artifactKey: Guid(f37f5b287eb59884ea1f0542cf6cbdb8) Importer(815301076,1909f56bfc062723c751e8b465ee728b)
Start importing Assets/Dialogue/C_2Chap/(2_1)Chap2.asset using Guid(f37f5b287eb59884ea1f0542cf6cbdb8) Importer(815301076,1909f56bfc062723c751e8b465ee728b)  -> (artifact id: 'd6c225b1a8e67856042cadd3cbf8354d') in 0.014431 seconds 
========================================================================
Received Import Request.
  Time since last request: 106.198485 seconds.
  path: Assets/Dialogue/C_2Chap/(2_1)Chap2.asset
  artifactKey: Guid(f37f5b287eb59884ea1f0542cf6cbdb8) Importer(815301076,1909f56bfc062723c751e8b465ee728b)
Start importing Assets/Dialogue/C_2Chap/(2_1)Chap2.asset using Guid(f37f5b287eb59884ea1f0542cf6cbdb8) Importer(815301076,1909f56bfc062723c751e8b465ee728b)  -> (artifact id: '0e4d25ca17272b76c51516267ac05a9f') in 0.014581 seconds 
========================================================================
Received Prepare
Registering precompiled user dll's ...
Registered in 0.011493 seconds.
Begin MonoManager ReloadAssembly
Symbol file LoadedFromMemory doesn't match image E:\AfterSchool\AfterSchool\Library\PackageCache\com.unity.visualscripting@1.6.1\Editor\VisualScripting.Core\Dependencies\YamlDotNet\Unity.VisualScripting.YamlDotNet.dll
Symbol file LoadedFromMemory doesn't match image E:\AfterSchool\AfterSchool\Library\PackageCache\com.unity.visualscripting@1.6.1\Editor\VisualScripting.Core\Dependencies\DotNetZip\Unity.VisualScripting.IonicZip.dll
Native extension for WindowsStandalone target not found
Refreshing native plugins compatible for Editor in 1.88 ms, found 4 plugins.
Preloading 0 native plugins for Editor in 0.00 ms.
Mono: successfully reloaded assembly
- Completed reload, in  2.085 seconds
Domain Reload Profiling:
	ReloadAssembly (2085ms)
		BeginReloadAssembly (270ms)
			ExecutionOrderSort (0ms)
			DisableScriptedObjects (16ms)
			BackupInstance (0ms)
			ReleaseScriptingObjects (0ms)
			CreateAndSetChildDomain (75ms)
		EndReloadAssembly (1682ms)
			LoadAssemblies (246ms)
			RebuildTransferFunctionScriptingTraits (0ms)
			SetupTypeCache (643ms)
			ReleaseScriptCaches (2ms)
			RebuildScriptCaches (76ms)
			SetupLoadedEditorAssemblies (577ms)
				LogAssemblyErrors (0ms)
				InitializePlatformSupportModulesInManaged (7ms)
				SetLoadedEditorAssemblies (1ms)
				RefreshPlugins (2ms)
				BeforeProcessingInitializeOnLoad (109ms)
				ProcessInitializeOnLoadAttributes (438ms)
				ProcessInitializeOnLoadMethodAttributes (15ms)
				AfterProcessingInitializeOnLoad (6ms)
				EditorAssembliesLoaded (0ms)
			ExecutionOrderSort2 (0ms)
			AwakeInstancesAfterBackupRestoration (37ms)
Platform modules already initialized, skipping
Refreshing native plugins compatible for Editor in 1.82 ms, found 4 plugins.
Preloading 0 native plugins for Editor in 0.00 ms.
Unloading 3837 Unused Serialized files (Serialized files now loaded: 0)
System memory in use before: 202.2 MB.
System memory in use after: 202.4 MB.

Unloading 18 unused Assets to reduce memory usage. Loaded Objects now: 4751.
Total: 8.986786 ms (FindLiveObjects: 0.717402 ms CreateObjectMapping: 0.690594 ms MarkObjects: 7.505539 ms  DeleteObjects: 0.064189 ms)

AssetImportParameters requested are different than current active one (requested -> active):
  custom:framework-win-MediaFoundation: 216162199b28c13a410421893ffa2e32 -> 
  custom:video-decoder-ogg-theora: a1e56fd34408186e4bbccfd4996cb3dc -> 
  custom:container-muxer-webm: aa71ff27fc2769a1b78a27578f13a17b -> 
  custom:container-demuxer-webm: 4f35f7cbe854078d1ac9338744f61a02 -> 
  custom:container-demuxer-ogg: 62fdf1f143b41e24485cea50d1cbac27 -> 
  custom:video-encoder-webm-vp8: eb34c28f22e8b96e1ab97ce403110664 -> 
  custom:video-codec-MediaFoundation-h265: 746d11721c4dcdbdad8f713fa42b33f4 -> 
  custom:video-decoder-webm-vp8: 9c59270c3fd7afecdb556c50c9e8de78 -> 
  custom:audio-decoder-ogg-vorbis: bf7c407c2cedff20999df2af8eb42d56 -> 
  custom:audio-encoder-webm-vorbis: bf7c407c2cedff20999df2af8eb42d56 -> 
========================================================================
Received Import Request.
  Time since last request: 392.537986 seconds.
  path: Assets/Dialogue/C_2Chap/(2_1)Chap2.asset
  artifactKey: Guid(f37f5b287eb59884ea1f0542cf6cbdb8) Importer(815301076,1909f56bfc062723c751e8b465ee728b)
Start importing Assets/Dialogue/C_2Chap/(2_1)Chap2.asset using Guid(f37f5b287eb59884ea1f0542cf6cbdb8) Importer(815301076,1909f56bfc062723c751e8b465ee728b)  -> (artifact id: '3919849f334021c0f905c0c809e67b3d') in 0.050653 seconds 
========================================================================
Received Import Request.
  Time since last request: 582.260317 seconds.
  path: Assets/Dialogue/C_2Chap/(2_1)Chap2.asset
  artifactKey: Guid(f37f5b287eb59884ea1f0542cf6cbdb8) Importer(815301076,1909f56bfc062723c751e8b465ee728b)
Start importing Assets/Dialogue/C_2Chap/(2_1)Chap2.asset using Guid(f37f5b287eb59884ea1f0542cf6cbdb8) Importer(815301076,1909f56bfc062723c751e8b465ee728b)  -> (artifact id: 'bc9267aee5ee6072a62bfe6ce58e97b6') in 0.022951 seconds 
========================================================================
Received Import Request.
  Time since last request: 292.131554 seconds.
  path: Assets/Dialogue/C_2Chap/(2_1)Chap2.asset
  artifactKey: Guid(f37f5b287eb59884ea1f0542cf6cbdb8) Importer(815301076,1909f56bfc062723c751e8b465ee728b)
Start importing Assets/Dialogue/C_2Chap/(2_1)Chap2.asset using Guid(f37f5b287eb59884ea1f0542cf6cbdb8) Importer(815301076,1909f56bfc062723c751e8b465ee728b)  -> (artifact id: '3a585061b3b2d0929ac1d6d23d458830') in 0.018040 seconds 
========================================================================
Received Import Request.
  Time since last request: 95.455727 seconds.
  path: Assets/Dialogue/C_2Chap/(2_1)Chap2.asset
  artifactKey: Guid(f37f5b287eb59884ea1f0542cf6cbdb8) Importer(815301076,1909f56bfc062723c751e8b465ee728b)
Start importing Assets/Dialogue/C_2Chap/(2_1)Chap2.asset using Guid(f37f5b287eb59884ea1f0542cf6cbdb8) Importer(815301076,1909f56bfc062723c751e8b465ee728b)  -> (artifact id: '4e55c042e95105bd1fd8e32b6807442c') in 0.009888 seconds 
========================================================================
Received Import Request.
  Time since last request: 21.458621 seconds.
  path: Assets/Dialogue/C_2Chap/(2_1)Chap2.asset
  artifactKey: Guid(f37f5b287eb59884ea1f0542cf6cbdb8) Importer(815301076,1909f56bfc062723c751e8b465ee728b)
Start importing Assets/Dialogue/C_2Chap/(2_1)Chap2.asset using Guid(f37f5b287eb59884ea1f0542cf6cbdb8) Importer(815301076,1909f56bfc062723c751e8b465ee728b)  -> (artifact id: '446673a6b7eab081f419fae113efc956') in 0.019949 seconds 
========================================================================
Received Import Request.
  Time since last request: 3.830421 seconds.
  path: Assets/Scenes/A_Prologue/1-1_Pro_Dialogue1 1.unity
  artifactKey: Guid(ffe77fdbce0682d4e87241e849994139) Importer(815301076,1909f56bfc062723c751e8b465ee728b)
Start importing Assets/Scenes/A_Prologue/1-1_Pro_Dialogue1 1.unity using Guid(ffe77fdbce0682d4e87241e849994139) Importer(815301076,1909f56bfc062723c751e8b465ee728b)  -> (artifact id: 'f332890d0b4855589b8b8388554b1b29') in 0.011784 seconds 
========================================================================
Received Prepare
Registering precompiled user dll's ...
Registered in 0.010063 seconds.
Begin MonoManager ReloadAssembly
Symbol file LoadedFromMemory doesn't match image E:\AfterSchool\AfterSchool\Library\PackageCache\com.unity.visualscripting@1.6.1\Editor\VisualScripting.Core\Dependencies\YamlDotNet\Unity.VisualScripting.YamlDotNet.dll
Symbol file LoadedFromMemory doesn't match image E:\AfterSchool\AfterSchool\Library\PackageCache\com.unity.visualscripting@1.6.1\Editor\VisualScripting.Core\Dependencies\DotNetZip\Unity.VisualScripting.IonicZip.dll
Native extension for WindowsStandalone target not found
Refreshing native plugins compatible for Editor in 1.35 ms, found 4 plugins.
Preloading 0 native plugins for Editor in 0.00 ms.
Mono: successfully reloaded assembly
- Completed reload, in  2.434 seconds
Domain Reload Profiling:
	ReloadAssembly (2446ms)
		BeginReloadAssembly (283ms)
			ExecutionOrderSort (0ms)
			DisableScriptedObjects (17ms)
			BackupInstance (0ms)
			ReleaseScriptingObjects (0ms)
			CreateAndSetChildDomain (66ms)
		EndReloadAssembly (2058ms)
			LoadAssemblies (311ms)
			RebuildTransferFunctionScriptingTraits (0ms)
			SetupTypeCache (792ms)
			ReleaseScriptCaches (2ms)
			RebuildScriptCaches (96ms)
			SetupLoadedEditorAssemblies (678ms)
				LogAssemblyErrors (0ms)
				InitializePlatformSupportModulesInManaged (9ms)
				SetLoadedEditorAssemblies (1ms)
				RefreshPlugins (2ms)
				BeforeProcessingInitializeOnLoad (141ms)
				ProcessInitializeOnLoadAttributes (487ms)
				ProcessInitializeOnLoadMethodAttributes (18ms)
				AfterProcessingInitializeOnLoad (9ms)
				EditorAssembliesLoaded (11ms)
			ExecutionOrderSort2 (0ms)
			AwakeInstancesAfterBackupRestoration (39ms)
Platform modules already initialized, skipping
Refreshing native plugins compatible for Editor in 2.31 ms, found 4 plugins.
Preloading 0 native plugins for Editor in 0.00 ms.
Unloading 3837 Unused Serialized files (Serialized files now loaded: 0)
System memory in use before: 202.2 MB.
System memory in use after: 202.5 MB.

Unloading 18 unused Assets to reduce memory usage. Loaded Objects now: 4754.
Total: 10.325308 ms (FindLiveObjects: 0.673225 ms CreateObjectMapping: 0.510488 ms MarkObjects: 9.087600 ms  DeleteObjects: 0.051728 ms)

AssetImportParameters requested are different than current active one (requested -> active):
  custom:framework-win-MediaFoundation: 216162199b28c13a410421893ffa2e32 -> 
  custom:video-decoder-ogg-theora: a1e56fd34408186e4bbccfd4996cb3dc -> 
  custom:container-muxer-webm: aa71ff27fc2769a1b78a27578f13a17b -> 
  custom:container-demuxer-webm: 4f35f7cbe854078d1ac9338744f61a02 -> 
  custom:container-demuxer-ogg: 62fdf1f143b41e24485cea50d1cbac27 -> 
  custom:video-encoder-webm-vp8: eb34c28f22e8b96e1ab97ce403110664 -> 
  custom:video-codec-MediaFoundation-h265: 746d11721c4dcdbdad8f713fa42b33f4 -> 
  custom:video-decoder-webm-vp8: 9c59270c3fd7afecdb556c50c9e8de78 -> 
  custom:audio-decoder-ogg-vorbis: bf7c407c2cedff20999df2af8eb42d56 -> 
  custom:audio-encoder-webm-vorbis: bf7c407c2cedff20999df2af8eb42d56 -> 
========================================================================
Received Prepare
Registering precompiled user dll's ...
Registered in 0.091025 seconds.
Begin MonoManager ReloadAssembly
Symbol file LoadedFromMemory doesn't match image E:\AfterSchool\AfterSchool\Library\PackageCache\com.unity.visualscripting@1.6.1\Editor\VisualScripting.Core\Dependencies\YamlDotNet\Unity.VisualScripting.YamlDotNet.dll
Symbol file LoadedFromMemory doesn't match image E:\AfterSchool\AfterSchool\Library\PackageCache\com.unity.visualscripting@1.6.1\Editor\VisualScripting.Core\Dependencies\DotNetZip\Unity.VisualScripting.IonicZip.dll
Native extension for WindowsStandalone target not found
Refreshing native plugins compatible for Editor in 1.78 ms, found 4 plugins.
Preloading 0 native plugins for Editor in 0.00 ms.
Mono: successfully reloaded assembly
- Completed reload, in  5.152 seconds
Domain Reload Profiling:
	ReloadAssembly (5153ms)
		BeginReloadAssembly (549ms)
			ExecutionOrderSort (0ms)
			DisableScriptedObjects (31ms)
			BackupInstance (0ms)
			ReleaseScriptingObjects (0ms)
			CreateAndSetChildDomain (85ms)
		EndReloadAssembly (4181ms)
			LoadAssemblies (648ms)
			RebuildTransferFunctionScriptingTraits (0ms)
			SetupTypeCache (1054ms)
			ReleaseScriptCaches (3ms)
			RebuildScriptCaches (135ms)
			SetupLoadedEditorAssemblies (977ms)
				LogAssemblyErrors (0ms)
				InitializePlatformSupportModulesInManaged (14ms)
				SetLoadedEditorAssemblies (1ms)
				RefreshPlugins (2ms)
				BeforeProcessingInitializeOnLoad (191ms)
				ProcessInitializeOnLoadAttributes (732ms)
				ProcessInitializeOnLoadMethodAttributes (23ms)
				AfterProcessingInitializeOnLoad (13ms)
				EditorAssembliesLoaded (0ms)
			ExecutionOrderSort2 (0ms)
			AwakeInstancesAfterBackupRestoration (51ms)
Platform modules already initialized, skipping
Refreshing native plugins compatible for Editor in 2.23 ms, found 4 plugins.
Preloading 0 native plugins for Editor in 0.00 ms.
Unloading 3837 Unused Serialized files (Serialized files now loaded: 0)
System memory in use before: 202.2 MB.
System memory in use after: 202.5 MB.

Unloading 18 unused Assets to reduce memory usage. Loaded Objects now: 4757.
Total: 11.505246 ms (FindLiveObjects: 0.744211 ms CreateObjectMapping: 0.521816 ms MarkObjects: 10.125568 ms  DeleteObjects: 0.111009 ms)

AssetImportParameters requested are different than current active one (requested -> active):
  custom:framework-win-MediaFoundation: 216162199b28c13a410421893ffa2e32 -> 
  custom:video-decoder-ogg-theora: a1e56fd34408186e4bbccfd4996cb3dc -> 
  custom:container-muxer-webm: aa71ff27fc2769a1b78a27578f13a17b -> 
  custom:container-demuxer-webm: 4f35f7cbe854078d1ac9338744f61a02 -> 
  custom:container-demuxer-ogg: 62fdf1f143b41e24485cea50d1cbac27 -> 
  custom:video-encoder-webm-vp8: eb34c28f22e8b96e1ab97ce403110664 -> 
  custom:video-codec-MediaFoundation-h265: 746d11721c4dcdbdad8f713fa42b33f4 -> 
  custom:video-decoder-webm-vp8: 9c59270c3fd7afecdb556c50c9e8de78 -> 
  custom:audio-decoder-ogg-vorbis: bf7c407c2cedff20999df2af8eb42d56 -> 
  custom:audio-encoder-webm-vorbis: bf7c407c2cedff20999df2af8eb42d56 -> 
========================================================================
Received Prepare
Registering precompiled user dll's ...
Registered in 0.018728 seconds.
Begin MonoManager ReloadAssembly
Symbol file LoadedFromMemory doesn't match image E:\AfterSchool\AfterSchool\Library\PackageCache\com.unity.visualscripting@1.6.1\Editor\VisualScripting.Core\Dependencies\YamlDotNet\Unity.VisualScripting.YamlDotNet.dll
Symbol file LoadedFromMemory doesn't match image E:\AfterSchool\AfterSchool\Library\PackageCache\com.unity.visualscripting@1.6.1\Editor\VisualScripting.Core\Dependencies\DotNetZip\Unity.VisualScripting.IonicZip.dll
Native extension for WindowsStandalone target not found
Refreshing native plugins compatible for Editor in 3.18 ms, found 4 plugins.
Preloading 0 native plugins for Editor in 0.00 ms.
Mono: successfully reloaded assembly
- Completed reload, in  3.515 seconds
Domain Reload Profiling:
	ReloadAssembly (3531ms)
		BeginReloadAssembly (386ms)
			ExecutionOrderSort (0ms)
			DisableScriptedObjects (26ms)
			BackupInstance (0ms)
			ReleaseScriptingObjects (0ms)
			CreateAndSetChildDomain (117ms)
		EndReloadAssembly (2972ms)
			LoadAssemblies (367ms)
			RebuildTransferFunctionScriptingTraits (0ms)
			SetupTypeCache (1181ms)
			ReleaseScriptCaches (2ms)
			RebuildScriptCaches (127ms)
			SetupLoadedEditorAssemblies (942ms)
				LogAssemblyErrors (0ms)
				InitializePlatformSupportModulesInManaged (11ms)
				SetLoadedEditorAssemblies (1ms)
				RefreshPlugins (3ms)
				BeforeProcessingInitializeOnLoad (174ms)
				ProcessInitializeOnLoadAttributes (719ms)
				ProcessInitializeOnLoadMethodAttributes (23ms)
				AfterProcessingInitializeOnLoad (10ms)
				EditorAssembliesLoaded (0ms)
			ExecutionOrderSort2 (0ms)
			AwakeInstancesAfterBackupRestoration (62ms)
Platform modules already initialized, skipping
Refreshing native plugins compatible for Editor in 3.56 ms, found 4 plugins.
Preloading 0 native plugins for Editor in 0.00 ms.
Unloading 3837 Unused Serialized files (Serialized files now loaded: 0)
System memory in use before: 202.2 MB.
System memory in use after: 202.5 MB.

Unloading 18 unused Assets to reduce memory usage. Loaded Objects now: 4760.
Total: 11.771440 ms (FindLiveObjects: 0.828789 ms CreateObjectMapping: 0.664164 ms MarkObjects: 10.215055 ms  DeleteObjects: 0.061546 ms)

AssetImportParameters requested are different than current active one (requested -> active):
  custom:framework-win-MediaFoundation: 216162199b28c13a410421893ffa2e32 -> 
  custom:video-decoder-ogg-theora: a1e56fd34408186e4bbccfd4996cb3dc -> 
  custom:container-muxer-webm: aa71ff27fc2769a1b78a27578f13a17b -> 
  custom:container-demuxer-webm: 4f35f7cbe854078d1ac9338744f61a02 -> 
  custom:container-demuxer-ogg: 62fdf1f143b41e24485cea50d1cbac27 -> 
  custom:video-encoder-webm-vp8: eb34c28f22e8b96e1ab97ce403110664 -> 
  custom:video-codec-MediaFoundation-h265: 746d11721c4dcdbdad8f713fa42b33f4 -> 
  custom:video-decoder-webm-vp8: 9c59270c3fd7afecdb556c50c9e8de78 -> 
  custom:audio-decoder-ogg-vorbis: bf7c407c2cedff20999df2af8eb42d56 -> 
  custom:audio-encoder-webm-vorbis: bf7c407c2cedff20999df2af8eb42d56 -> 
========================================================================
Received Prepare
Registering precompiled user dll's ...
Registered in 0.018215 seconds.
Begin MonoManager ReloadAssembly
Symbol file LoadedFromMemory doesn't match image E:\AfterSchool\AfterSchool\Library\PackageCache\com.unity.visualscripting@1.6.1\Editor\VisualScripting.Core\Dependencies\YamlDotNet\Unity.VisualScripting.YamlDotNet.dll
Symbol file LoadedFromMemory doesn't match image E:\AfterSchool\AfterSchool\Library\PackageCache\com.unity.visualscripting@1.6.1\Editor\VisualScripting.Core\Dependencies\DotNetZip\Unity.VisualScripting.IonicZip.dll
Native extension for WindowsStandalone target not found
Refreshing native plugins compatible for Editor in 2.02 ms, found 4 plugins.
Preloading 0 native plugins for Editor in 0.00 ms.
Mono: successfully reloaded assembly
- Completed reload, in  4.656 seconds
Domain Reload Profiling:
	ReloadAssembly (4657ms)
		BeginReloadAssembly (417ms)
			ExecutionOrderSort (0ms)
			DisableScriptedObjects (29ms)
			BackupInstance (0ms)
			ReleaseScriptingObjects (0ms)
			CreateAndSetChildDomain (106ms)
		EndReloadAssembly (4038ms)
			LoadAssemblies (471ms)
			RebuildTransferFunctionScriptingTraits (0ms)
			SetupTypeCache (1210ms)
			ReleaseScriptCaches (3ms)
			RebuildScriptCaches (294ms)
			SetupLoadedEditorAssemblies (886ms)
				LogAssemblyErrors (0ms)
				InitializePlatformSupportModulesInManaged (12ms)
				SetLoadedEditorAssemblies (1ms)
				RefreshPlugins (2ms)
				BeforeProcessingInitializeOnLoad (197ms)
				ProcessInitializeOnLoadAttributes (644ms)
				ProcessInitializeOnLoadMethodAttributes (20ms)
				AfterProcessingInitializeOnLoad (9ms)
				EditorAssembliesLoaded (0ms)
			ExecutionOrderSort2 (0ms)
			AwakeInstancesAfterBackupRestoration (41ms)
Platform modules already initialized, skipping
Refreshing native plugins compatible for Editor in 2.44 ms, found 4 plugins.
Preloading 0 native plugins for Editor in 0.00 ms.
Unloading 3837 Unused Serialized files (Serialized files now loaded: 0)
System memory in use before: 202.2 MB.
System memory in use after: 202.5 MB.

Unloading 18 unused Assets to reduce memory usage. Loaded Objects now: 4763.
Total: 12.312890 ms (FindLiveObjects: 0.788010 ms CreateObjectMapping: 0.615833 ms MarkObjects: 10.852410 ms  DeleteObjects: 0.054372 ms)

AssetImportParameters requested are different than current active one (requested -> active):
  custom:framework-win-MediaFoundation: 216162199b28c13a410421893ffa2e32 -> 
  custom:video-decoder-ogg-theora: a1e56fd34408186e4bbccfd4996cb3dc -> 
  custom:container-muxer-webm: aa71ff27fc2769a1b78a27578f13a17b -> 
  custom:container-demuxer-webm: 4f35f7cbe854078d1ac9338744f61a02 -> 
  custom:container-demuxer-ogg: 62fdf1f143b41e24485cea50d1cbac27 -> 
  custom:video-encoder-webm-vp8: eb34c28f22e8b96e1ab97ce403110664 -> 
  custom:video-codec-MediaFoundation-h265: 746d11721c4dcdbdad8f713fa42b33f4 -> 
  custom:video-decoder-webm-vp8: 9c59270c3fd7afecdb556c50c9e8de78 -> 
  custom:audio-decoder-ogg-vorbis: bf7c407c2cedff20999df2af8eb42d56 -> 
  custom:audio-encoder-webm-vorbis: bf7c407c2cedff20999df2af8eb42d56 -> 
