Using pre-set license
Built from '2021.1/staging' branch; Version is '2021.1.24f1 (6667702a1e7c) revision 6711152'; Using compiler version '192528614'; Build Type 'Release'
OS: 'Windows 10 Education; OS build 17134.2026; Version 1803; 64bit' Language: 'ko' Physical Memory: 7860 MB
BatchMode: 1, IsHumanControllingUs: 0, StartBugReporterOnCrash: 0, Is64bit: 1, IsPro: 0

COMMAND LINE ARGUMENTS:
E:\새 폴더\2021.1.24f1\Editor\Unity.exe
-adb2
-batchMode
-noUpm
-name
AssetImportWorker1
-projectPath
E:/AfterSchool/AfterSchool
-logFile
Logs/AssetImportWorker1.log
-srvPort
58498
Successfully changed project path to: E:/AfterSchool/AfterSchool
E:/AfterSchool/AfterSchool
Using Asset Import Pipeline V2.
Refreshing native plugins compatible for Editor in 347.15 ms, found 4 plugins.
Preloading 0 native plugins for Editor in 0.00 ms.
Initialize engine version: 2021.1.24f1 (6667702a1e7c)
[Subsystems] Discovering subsystems at path E:/새 폴더/2021.1.24f1/Editor/Data/Resources/UnitySubsystems
[Subsystems] Discovering subsystems at path E:/AfterSchool/AfterSchool/Assets
GfxDevice: creating device client; threaded=0; jobified=0
Direct3D:
    Version:  Direct3D 11.0 [level 11.1]
    Renderer: Intel(R) HD Graphics 620 (ID=0x5916)
    Vendor:   Intel
    VRAM:     3930 MB
    Driver:   23.20.16.4849
Initialize mono
Mono path[0] = 'E:/새 폴더/2021.1.24f1/Editor/Data/Managed'
Mono path[1] = 'E:/새 폴더/2021.1.24f1/Editor/Data/MonoBleedingEdge/lib/mono/unityjit'
Mono config path = 'E:/새 폴더/2021.1.24f1/Editor/Data/MonoBleedingEdge/etc'
Using monoOptions --debugger-agent=transport=dt_socket,embedding=1,server=y,suspend=n,address=127.0.0.1:56312
Begin MonoManager ReloadAssembly
Registering precompiled unity dll's ...
Register platform support module: E:/새 폴더/2021.1.24f1/Editor/Data/PlaybackEngines/WindowsStandaloneSupport/UnityEditor.WindowsStandalone.Extensions.dll
Registered in 0.003889 seconds.
Native extension for WindowsStandalone target not found
Refreshing native plugins compatible for Editor in 453.40 ms, found 4 plugins.
Preloading 0 native plugins for Editor in 0.00 ms.
Mono: successfully reloaded assembly
- Completed reload, in  5.728 seconds
Domain Reload Profiling:
	ReloadAssembly (5728ms)
		BeginReloadAssembly (224ms)
			ExecutionOrderSort (0ms)
			DisableScriptedObjects (0ms)
			BackupInstance (0ms)
			ReleaseScriptingObjects (0ms)
			CreateAndSetChildDomain (2ms)
		EndReloadAssembly (1699ms)
			LoadAssemblies (223ms)
			RebuildTransferFunctionScriptingTraits (0ms)
			SetupTypeCache (466ms)
			ReleaseScriptCaches (0ms)
			RebuildScriptCaches (90ms)
			SetupLoadedEditorAssemblies (1005ms)
				LogAssemblyErrors (0ms)
				InitializePlatformSupportModulesInManaged (15ms)
				SetLoadedEditorAssemblies (0ms)
				RefreshPlugins (454ms)
				BeforeProcessingInitializeOnLoad (3ms)
				ProcessInitializeOnLoadAttributes (436ms)
				ProcessInitializeOnLoadMethodAttributes (96ms)
				AfterProcessingInitializeOnLoad (0ms)
				EditorAssembliesLoaded (1ms)
			ExecutionOrderSort2 (0ms)
			AwakeInstancesAfterBackupRestoration (0ms)
Platform modules already initialized, skipping
Registering precompiled user dll's ...
Registered in 0.021480 seconds.
Begin MonoManager ReloadAssembly
Symbol file LoadedFromMemory doesn't match image E:\AfterSchool\AfterSchool\Library\PackageCache\com.unity.visualscripting@1.6.1\Editor\VisualScripting.Core\Dependencies\YamlDotNet\Unity.VisualScripting.YamlDotNet.dll
Symbol file LoadedFromMemory doesn't match image E:\AfterSchool\AfterSchool\Library\PackageCache\com.unity.visualscripting@1.6.1\Editor\VisualScripting.Core\Dependencies\DotNetZip\Unity.VisualScripting.IonicZip.dll
Native extension for WindowsStandalone target not found
Refreshing native plugins compatible for Editor in 708.43 ms, found 4 plugins.
Preloading 0 native plugins for Editor in 0.00 ms.
Mono: successfully reloaded assembly
- Completed reload, in  5.485 seconds
Domain Reload Profiling:
	ReloadAssembly (5486ms)
		BeginReloadAssembly (1009ms)
			ExecutionOrderSort (0ms)
			DisableScriptedObjects (8ms)
			BackupInstance (0ms)
			ReleaseScriptingObjects (1ms)
			CreateAndSetChildDomain (55ms)
		EndReloadAssembly (4000ms)
			LoadAssemblies (824ms)
			RebuildTransferFunctionScriptingTraits (0ms)
			SetupTypeCache (1500ms)
			ReleaseScriptCaches (2ms)
			RebuildScriptCaches (198ms)
			SetupLoadedEditorAssemblies (1651ms)
				LogAssemblyErrors (0ms)
				InitializePlatformSupportModulesInManaged (116ms)
				SetLoadedEditorAssemblies (1ms)
				RefreshPlugins (709ms)
				BeforeProcessingInitializeOnLoad (230ms)
				ProcessInitializeOnLoadAttributes (541ms)
				ProcessInitializeOnLoadMethodAttributes (45ms)
				AfterProcessingInitializeOnLoad (9ms)
				EditorAssembliesLoaded (0ms)
			ExecutionOrderSort2 (0ms)
			AwakeInstancesAfterBackupRestoration (16ms)
Platform modules already initialized, skipping
========================================================================
Worker process is ready to serve import requests
Launched and connected shader compiler UnityShaderCompiler.exe after 0.14 seconds
Refreshing native plugins compatible for Editor in 1.58 ms, found 4 plugins.
Preloading 0 native plugins for Editor in 0.00 ms.
Unloading 3757 Unused Serialized files (Serialized files now loaded: 0)
System memory in use before: 141.4 MB.
System memory in use after: 141.6 MB.

Unloading 30 unused Assets to reduce memory usage. Loaded Objects now: 4209.
Total: 13.042380 ms (FindLiveObjects: 0.866169 ms CreateObjectMapping: 0.523704 ms MarkObjects: 11.489014 ms  DeleteObjects: 0.155186 ms)

AssetImportParameters requested are different than current active one (requested -> active):
  custom:framework-win-MediaFoundation: 216162199b28c13a410421893ffa2e32 -> 
  custom:video-decoder-ogg-theora: a1e56fd34408186e4bbccfd4996cb3dc -> 
  custom:container-muxer-webm: aa71ff27fc2769a1b78a27578f13a17b -> 
  custom:container-demuxer-webm: 4f35f7cbe854078d1ac9338744f61a02 -> 
  custom:container-demuxer-ogg: 62fdf1f143b41e24485cea50d1cbac27 -> 
  custom:video-encoder-webm-vp8: eb34c28f22e8b96e1ab97ce403110664 -> 
  custom:video-codec-MediaFoundation-h265: 746d11721c4dcdbdad8f713fa42b33f4 -> 
  custom:video-decoder-webm-vp8: 9c59270c3fd7afecdb556c50c9e8de78 -> 
  custom:audio-decoder-ogg-vorbis: bf7c407c2cedff20999df2af8eb42d56 -> 
  custom:audio-encoder-webm-vorbis: bf7c407c2cedff20999df2af8eb42d56 -> 
========================================================================
Received Import Request.
  path: Assets/Dialogue/B_1Chap/(1_7)Chap1.asset
  artifactKey: Guid(e7c642cf0d5eb9a458660fd9a8fdccd4) Importer(815301076,1909f56bfc062723c751e8b465ee728b)
Start importing Assets/Dialogue/B_1Chap/(1_7)Chap1.asset using Guid(e7c642cf0d5eb9a458660fd9a8fdccd4) Importer(815301076,1909f56bfc062723c751e8b465ee728b)  -> (artifact id: 'c9285cb5af3a46a9301c6bf805c4c26f') in 0.531707 seconds 
========================================================================
Received Prepare
Registering precompiled user dll's ...
Registered in 0.071356 seconds.
Begin MonoManager ReloadAssembly
Symbol file LoadedFromMemory doesn't match image E:\AfterSchool\AfterSchool\Library\PackageCache\com.unity.visualscripting@1.6.1\Editor\VisualScripting.Core\Dependencies\YamlDotNet\Unity.VisualScripting.YamlDotNet.dll
Symbol file LoadedFromMemory doesn't match image E:\AfterSchool\AfterSchool\Library\PackageCache\com.unity.visualscripting@1.6.1\Editor\VisualScripting.Core\Dependencies\DotNetZip\Unity.VisualScripting.IonicZip.dll
Native extension for WindowsStandalone target not found
Refreshing native plugins compatible for Editor in 2.03 ms, found 4 plugins.
Preloading 0 native plugins for Editor in 0.00 ms.
Mono: successfully reloaded assembly
- Completed reload, in  6.252 seconds
Domain Reload Profiling:
	ReloadAssembly (6254ms)
		BeginReloadAssembly (995ms)
			ExecutionOrderSort (0ms)
			DisableScriptedObjects (30ms)
			BackupInstance (0ms)
			ReleaseScriptingObjects (0ms)
			CreateAndSetChildDomain (158ms)
		EndReloadAssembly (4106ms)
			LoadAssemblies (1022ms)
			RebuildTransferFunctionScriptingTraits (0ms)
			SetupTypeCache (1698ms)
			ReleaseScriptCaches (3ms)
			RebuildScriptCaches (245ms)
			SetupLoadedEditorAssemblies (1228ms)
				LogAssemblyErrors (0ms)
				InitializePlatformSupportModulesInManaged (20ms)
				SetLoadedEditorAssemblies (1ms)
				RefreshPlugins (2ms)
				BeforeProcessingInitializeOnLoad (199ms)
				ProcessInitializeOnLoadAttributes (932ms)
				ProcessInitializeOnLoadMethodAttributes (53ms)
				AfterProcessingInitializeOnLoad (20ms)
				EditorAssembliesLoaded (1ms)
			ExecutionOrderSort2 (0ms)
			AwakeInstancesAfterBackupRestoration (53ms)
Platform modules already initialized, skipping
Refreshing native plugins compatible for Editor in 3.50 ms, found 4 plugins.
Preloading 0 native plugins for Editor in 0.00 ms.
Unloading 3733 Unused Serialized files (Serialized files now loaded: 0)
System memory in use before: 139.5 MB.
System memory in use after: 139.8 MB.

Unloading 18 unused Assets to reduce memory usage. Loaded Objects now: 4212.
Total: 10.625488 ms (FindLiveObjects: 0.647173 ms CreateObjectMapping: 0.448565 ms MarkObjects: 9.467827 ms  DeleteObjects: 0.059658 ms)

AssetImportParameters requested are different than current active one (requested -> active):
  custom:framework-win-MediaFoundation: 216162199b28c13a410421893ffa2e32 -> 
  custom:video-decoder-ogg-theora: a1e56fd34408186e4bbccfd4996cb3dc -> 
  custom:container-muxer-webm: aa71ff27fc2769a1b78a27578f13a17b -> 
  custom:container-demuxer-webm: 4f35f7cbe854078d1ac9338744f61a02 -> 
  custom:container-demuxer-ogg: 62fdf1f143b41e24485cea50d1cbac27 -> 
  custom:video-encoder-webm-vp8: eb34c28f22e8b96e1ab97ce403110664 -> 
  custom:video-codec-MediaFoundation-h265: 746d11721c4dcdbdad8f713fa42b33f4 -> 
  custom:video-decoder-webm-vp8: 9c59270c3fd7afecdb556c50c9e8de78 -> 
  custom:audio-decoder-ogg-vorbis: bf7c407c2cedff20999df2af8eb42d56 -> 
  custom:audio-encoder-webm-vorbis: bf7c407c2cedff20999df2af8eb42d56 -> 
========================================================================
Received Import Request.
  Time since last request: 317.620466 seconds.
  path: Assets/Scripts/MiniGame/TimeAttack.cs
  artifactKey: Guid(6db7bcda35c85664eb16d94a3a387de5) Importer(815301076,1909f56bfc062723c751e8b465ee728b)
Start importing Assets/Scripts/MiniGame/TimeAttack.cs using Guid(6db7bcda35c85664eb16d94a3a387de5) Importer(815301076,1909f56bfc062723c751e8b465ee728b)  -> (artifact id: '8cde65bfa32311ec3d0737d0f14f0107') in 0.070168 seconds 
========================================================================
Received Import Request.
  Time since last request: 0.000491 seconds.
  path: Assets/Scripts/MiniGame/RandomBtnBatch.cs
  artifactKey: Guid(e72aab6a066c79b40a920046412a478f) Importer(815301076,1909f56bfc062723c751e8b465ee728b)
Start importing Assets/Scripts/MiniGame/RandomBtnBatch.cs using Guid(e72aab6a066c79b40a920046412a478f) Importer(815301076,1909f56bfc062723c751e8b465ee728b)  -> (artifact id: 'c7ecaeb1bd02595077e790a484569af0') in 0.012970 seconds 
========================================================================
Received Import Request.
  Time since last request: 54.613285 seconds.
  path: Assets/Dialogue/B_1Chap/(1_7)Chap1.asset
  artifactKey: Guid(e7c642cf0d5eb9a458660fd9a8fdccd4) Importer(815301076,1909f56bfc062723c751e8b465ee728b)
Start importing Assets/Dialogue/B_1Chap/(1_7)Chap1.asset using Guid(e7c642cf0d5eb9a458660fd9a8fdccd4) Importer(815301076,1909f56bfc062723c751e8b465ee728b)  -> (artifact id: 'fbd8750460f3f7ab706530835ba86cfe') in 0.025655 seconds 
========================================================================
Received Import Request.
  Time since last request: 26.336793 seconds.
  path: Assets/Dialogue/B_1Chap/(1_7)Chap1.asset
  artifactKey: Guid(e7c642cf0d5eb9a458660fd9a8fdccd4) Importer(815301076,1909f56bfc062723c751e8b465ee728b)
Start importing Assets/Dialogue/B_1Chap/(1_7)Chap1.asset using Guid(e7c642cf0d5eb9a458660fd9a8fdccd4) Importer(815301076,1909f56bfc062723c751e8b465ee728b)  -> (artifact id: 'd0ff3704b7b2abd5e564dcd989d84e75') in 0.012281 seconds 
========================================================================
Received Import Request.
  Time since last request: 11.298607 seconds.
  path: Assets/Dialogue/B_1Chap/(1_7)Chap1.asset
  artifactKey: Guid(e7c642cf0d5eb9a458660fd9a8fdccd4) Importer(815301076,1909f56bfc062723c751e8b465ee728b)
Start importing Assets/Dialogue/B_1Chap/(1_7)Chap1.asset using Guid(e7c642cf0d5eb9a458660fd9a8fdccd4) Importer(815301076,1909f56bfc062723c751e8b465ee728b)  -> (artifact id: '9d7d73f58d405b436b503d07f597b2db') in 0.008394 seconds 
========================================================================
Received Import Request.
  Time since last request: 31.417284 seconds.
  path: Assets/Dialogue/B_1Chap/(1_7)Chap1.asset
  artifactKey: Guid(e7c642cf0d5eb9a458660fd9a8fdccd4) Importer(815301076,1909f56bfc062723c751e8b465ee728b)
Start importing Assets/Dialogue/B_1Chap/(1_7)Chap1.asset using Guid(e7c642cf0d5eb9a458660fd9a8fdccd4) Importer(815301076,1909f56bfc062723c751e8b465ee728b)  -> (artifact id: 'fb99d0cd403bbd80d340017c0b8f167a') in 0.013079 seconds 
========================================================================
Received Import Request.
  Time since last request: 16.921953 seconds.
  path: Assets/Dialogue/B_1Chap/(1_7)Chap1.asset
  artifactKey: Guid(e7c642cf0d5eb9a458660fd9a8fdccd4) Importer(815301076,1909f56bfc062723c751e8b465ee728b)
Start importing Assets/Dialogue/B_1Chap/(1_7)Chap1.asset using Guid(e7c642cf0d5eb9a458660fd9a8fdccd4) Importer(815301076,1909f56bfc062723c751e8b465ee728b)  -> (artifact id: '4a491eadfff594d4b040d2f9fa8406b6') in 0.013111 seconds 
========================================================================
Received Import Request.
  Time since last request: 13.769964 seconds.
  path: Assets/Dialogue/B_1Chap/(1_7)Chap1.asset
  artifactKey: Guid(e7c642cf0d5eb9a458660fd9a8fdccd4) Importer(815301076,1909f56bfc062723c751e8b465ee728b)
Start importing Assets/Dialogue/B_1Chap/(1_7)Chap1.asset using Guid(e7c642cf0d5eb9a458660fd9a8fdccd4) Importer(815301076,1909f56bfc062723c751e8b465ee728b)  -> (artifact id: 'b87553e0a5d4e77187e528c42d516dc2') in 0.014238 seconds 
========================================================================
Received Import Request.
  Time since last request: 15.798425 seconds.
  path: Assets/Dialogue/B_1Chap/(1_7)Chap1.asset
  artifactKey: Guid(e7c642cf0d5eb9a458660fd9a8fdccd4) Importer(815301076,1909f56bfc062723c751e8b465ee728b)
Start importing Assets/Dialogue/B_1Chap/(1_7)Chap1.asset using Guid(e7c642cf0d5eb9a458660fd9a8fdccd4) Importer(815301076,1909f56bfc062723c751e8b465ee728b)  -> (artifact id: '688441b1980560cd9f9125418296f4ce') in 0.013314 seconds 
========================================================================
Received Import Request.
  Time since last request: 76.953762 seconds.
  path: Assets/Dialogue/B_1Chap/(1_7)Chap1.asset
  artifactKey: Guid(e7c642cf0d5eb9a458660fd9a8fdccd4) Importer(815301076,1909f56bfc062723c751e8b465ee728b)
Start importing Assets/Dialogue/B_1Chap/(1_7)Chap1.asset using Guid(e7c642cf0d5eb9a458660fd9a8fdccd4) Importer(815301076,1909f56bfc062723c751e8b465ee728b)  -> (artifact id: '4c051d86b0761e34c0dac0382479a2eb') in 0.010506 seconds 
========================================================================
Received Import Request.
  Time since last request: 7.919856 seconds.
  path: Assets/Dialogue/B_1Chap/(1_7)Chap1.asset
  artifactKey: Guid(e7c642cf0d5eb9a458660fd9a8fdccd4) Importer(815301076,1909f56bfc062723c751e8b465ee728b)
Start importing Assets/Dialogue/B_1Chap/(1_7)Chap1.asset using Guid(e7c642cf0d5eb9a458660fd9a8fdccd4) Importer(815301076,1909f56bfc062723c751e8b465ee728b)  -> (artifact id: '6d1e8dc1e8774bd679146b05c68ca0ea') in 0.032894 seconds 
========================================================================
Received Import Request.
  Time since last request: 24.032077 seconds.
  path: Assets/Dialogue/B_1Chap/(1_7)Chap1.asset
  artifactKey: Guid(e7c642cf0d5eb9a458660fd9a8fdccd4) Importer(815301076,1909f56bfc062723c751e8b465ee728b)
Start importing Assets/Dialogue/B_1Chap/(1_7)Chap1.asset using Guid(e7c642cf0d5eb9a458660fd9a8fdccd4) Importer(815301076,1909f56bfc062723c751e8b465ee728b)  -> (artifact id: '6fade65c4542d28322e75c5ab0e2c6d0') in 0.012432 seconds 
========================================================================
Received Import Request.
  Time since last request: 10.652095 seconds.
  path: Assets/Dialogue/B_1Chap/(1_7)Chap1.asset
  artifactKey: Guid(e7c642cf0d5eb9a458660fd9a8fdccd4) Importer(815301076,1909f56bfc062723c751e8b465ee728b)
Start importing Assets/Dialogue/B_1Chap/(1_7)Chap1.asset using Guid(e7c642cf0d5eb9a458660fd9a8fdccd4) Importer(815301076,1909f56bfc062723c751e8b465ee728b)  -> (artifact id: 'ae779d2b2718e7f7bf3e439e7c598916') in 0.012411 seconds 
========================================================================
Received Import Request.
  Time since last request: 26.542567 seconds.
  path: Assets/Dialogue/B_1Chap/(1_7)Chap1.asset
  artifactKey: Guid(e7c642cf0d5eb9a458660fd9a8fdccd4) Importer(815301076,1909f56bfc062723c751e8b465ee728b)
Start importing Assets/Dialogue/B_1Chap/(1_7)Chap1.asset using Guid(e7c642cf0d5eb9a458660fd9a8fdccd4) Importer(815301076,1909f56bfc062723c751e8b465ee728b)  -> (artifact id: '59102a9016c19a8ef48a320c0b6476b0') in 0.023742 seconds 
========================================================================
Received Import Request.
  Time since last request: 24.781211 seconds.
  path: Assets/Dialogue/B_1Chap/(1_7)Chap1.asset
  artifactKey: Guid(e7c642cf0d5eb9a458660fd9a8fdccd4) Importer(815301076,1909f56bfc062723c751e8b465ee728b)
Start importing Assets/Dialogue/B_1Chap/(1_7)Chap1.asset using Guid(e7c642cf0d5eb9a458660fd9a8fdccd4) Importer(815301076,1909f56bfc062723c751e8b465ee728b)  -> (artifact id: '3c3e450b6d92b479ed2ed0168b75b530') in 0.019193 seconds 
========================================================================
Received Import Request.
  Time since last request: 21.898818 seconds.
  path: Assets/Dialogue/B_1Chap/(1_7)Chap1.asset
  artifactKey: Guid(e7c642cf0d5eb9a458660fd9a8fdccd4) Importer(815301076,1909f56bfc062723c751e8b465ee728b)
Start importing Assets/Dialogue/B_1Chap/(1_7)Chap1.asset using Guid(e7c642cf0d5eb9a458660fd9a8fdccd4) Importer(815301076,1909f56bfc062723c751e8b465ee728b)  -> (artifact id: '441a971af2320caa1f50b01bc25d1ee7') in 0.014440 seconds 
========================================================================
Received Import Request.
  Time since last request: 17.451637 seconds.
  path: Assets/Dialogue/B_1Chap/(1_7)Chap1.asset
  artifactKey: Guid(e7c642cf0d5eb9a458660fd9a8fdccd4) Importer(815301076,1909f56bfc062723c751e8b465ee728b)
Start importing Assets/Dialogue/B_1Chap/(1_7)Chap1.asset using Guid(e7c642cf0d5eb9a458660fd9a8fdccd4) Importer(815301076,1909f56bfc062723c751e8b465ee728b)  -> (artifact id: '6a7d29888e6742cad6c75ba37f6bb01c') in 0.014288 seconds 
========================================================================
Received Import Request.
  Time since last request: 19.652227 seconds.
  path: Assets/Dialogue/B_1Chap/(1_7)Chap1.asset
  artifactKey: Guid(e7c642cf0d5eb9a458660fd9a8fdccd4) Importer(815301076,1909f56bfc062723c751e8b465ee728b)
Start importing Assets/Dialogue/B_1Chap/(1_7)Chap1.asset using Guid(e7c642cf0d5eb9a458660fd9a8fdccd4) Importer(815301076,1909f56bfc062723c751e8b465ee728b)  -> (artifact id: 'd4adb2a9a4ad96db4167b1de037256e2') in 0.015852 seconds 
========================================================================
Received Import Request.
  Time since last request: 18.538672 seconds.
  path: Assets/Dialogue/B_1Chap/(1_7)Chap1.asset
  artifactKey: Guid(e7c642cf0d5eb9a458660fd9a8fdccd4) Importer(815301076,1909f56bfc062723c751e8b465ee728b)
Start importing Assets/Dialogue/B_1Chap/(1_7)Chap1.asset using Guid(e7c642cf0d5eb9a458660fd9a8fdccd4) Importer(815301076,1909f56bfc062723c751e8b465ee728b)  -> (artifact id: 'b7f624b25a998a6bbfd825bae317abfa') in 0.014732 seconds 
========================================================================
Received Import Request.
  Time since last request: 17.173050 seconds.
  path: Assets/Dialogue/B_1Chap/(1_7)Chap1.asset
  artifactKey: Guid(e7c642cf0d5eb9a458660fd9a8fdccd4) Importer(815301076,1909f56bfc062723c751e8b465ee728b)
Start importing Assets/Dialogue/B_1Chap/(1_7)Chap1.asset using Guid(e7c642cf0d5eb9a458660fd9a8fdccd4) Importer(815301076,1909f56bfc062723c751e8b465ee728b)  -> (artifact id: '6a83e3ea45a1bb8ae91db39c142634e9') in 0.016065 seconds 
========================================================================
Received Import Request.
  Time since last request: 15.829807 seconds.
  path: Assets/Dialogue/B_1Chap/(1_7)Chap1.asset
  artifactKey: Guid(e7c642cf0d5eb9a458660fd9a8fdccd4) Importer(815301076,1909f56bfc062723c751e8b465ee728b)
Start importing Assets/Dialogue/B_1Chap/(1_7)Chap1.asset using Guid(e7c642cf0d5eb9a458660fd9a8fdccd4) Importer(815301076,1909f56bfc062723c751e8b465ee728b)  -> (artifact id: '6300d9a1eabef2332a636dfb4bd1017d') in 0.014188 seconds 
========================================================================
Received Import Request.
  Time since last request: 17.548958 seconds.
  path: Assets/Dialogue/B_1Chap/(1_7)Chap1.asset
  artifactKey: Guid(e7c642cf0d5eb9a458660fd9a8fdccd4) Importer(815301076,1909f56bfc062723c751e8b465ee728b)
Start importing Assets/Dialogue/B_1Chap/(1_7)Chap1.asset using Guid(e7c642cf0d5eb9a458660fd9a8fdccd4) Importer(815301076,1909f56bfc062723c751e8b465ee728b)  -> (artifact id: '163ba59ea439f57023e45bd0ddc3b35f') in 0.010658 seconds 
========================================================================
Received Import Request.
  Time since last request: 62.243875 seconds.
  path: Assets/Dialogue/B_1Chap/(1_7)Chap1.asset
  artifactKey: Guid(e7c642cf0d5eb9a458660fd9a8fdccd4) Importer(815301076,1909f56bfc062723c751e8b465ee728b)
Start importing Assets/Dialogue/B_1Chap/(1_7)Chap1.asset using Guid(e7c642cf0d5eb9a458660fd9a8fdccd4) Importer(815301076,1909f56bfc062723c751e8b465ee728b)  -> (artifact id: '0a5065f6e0990ecb31d0ace0390aeda5') in 0.013581 seconds 
========================================================================
Received Import Request.
  Time since last request: 411.104618 seconds.
  path: Assets/Dialogue/B_1Chap/(1_7)Chap1.asset
  artifactKey: Guid(e7c642cf0d5eb9a458660fd9a8fdccd4) Importer(815301076,1909f56bfc062723c751e8b465ee728b)
Start importing Assets/Dialogue/B_1Chap/(1_7)Chap1.asset using Guid(e7c642cf0d5eb9a458660fd9a8fdccd4) Importer(815301076,1909f56bfc062723c751e8b465ee728b)  -> (artifact id: 'e1469b478403a5cd3394cc96d6ba74bc') in 0.012542 seconds 
========================================================================
Received Import Request.
  Time since last request: 161.592865 seconds.
  path: Assets/Dialogue/B_1Chap/(1_7)Chap1.asset
  artifactKey: Guid(e7c642cf0d5eb9a458660fd9a8fdccd4) Importer(815301076,1909f56bfc062723c751e8b465ee728b)
Start importing Assets/Dialogue/B_1Chap/(1_7)Chap1.asset using Guid(e7c642cf0d5eb9a458660fd9a8fdccd4) Importer(815301076,1909f56bfc062723c751e8b465ee728b)  -> (artifact id: '5b33c2e625769d43a5538f9236df3d7b') in 0.023316 seconds 
========================================================================
Received Import Request.
  Time since last request: 12.927147 seconds.
  path: Assets/Dialogue/B_1Chap/(1_7)Chap1.asset
  artifactKey: Guid(e7c642cf0d5eb9a458660fd9a8fdccd4) Importer(815301076,1909f56bfc062723c751e8b465ee728b)
Start importing Assets/Dialogue/B_1Chap/(1_7)Chap1.asset using Guid(e7c642cf0d5eb9a458660fd9a8fdccd4) Importer(815301076,1909f56bfc062723c751e8b465ee728b)  -> (artifact id: 'e2339de0029252242e46ac5a761193bd') in 0.010363 seconds 
========================================================================
Received Import Request.
  Time since last request: 55.593086 seconds.
  path: Assets/Dialogue/B_1Chap/(1_7)Chap1.asset
  artifactKey: Guid(e7c642cf0d5eb9a458660fd9a8fdccd4) Importer(815301076,1909f56bfc062723c751e8b465ee728b)
Start importing Assets/Dialogue/B_1Chap/(1_7)Chap1.asset using Guid(e7c642cf0d5eb9a458660fd9a8fdccd4) Importer(815301076,1909f56bfc062723c751e8b465ee728b)  -> (artifact id: '35083110fa093372b00e2f5f7ea43ff9') in 0.012044 seconds 
========================================================================
Received Import Request.
  Time since last request: 43.187057 seconds.
  path: Assets/Dialogue/B_1Chap/(1_7)Chap1.asset
  artifactKey: Guid(e7c642cf0d5eb9a458660fd9a8fdccd4) Importer(815301076,1909f56bfc062723c751e8b465ee728b)
Start importing Assets/Dialogue/B_1Chap/(1_7)Chap1.asset using Guid(e7c642cf0d5eb9a458660fd9a8fdccd4) Importer(815301076,1909f56bfc062723c751e8b465ee728b)  -> (artifact id: '6987883d457fcd03e1b6c27cc85be335') in 0.010565 seconds 
========================================================================
Received Import Request.
  Time since last request: 14.155539 seconds.
  path: Assets/Dialogue/B_1Chap/(1_7)Chap1.asset
  artifactKey: Guid(e7c642cf0d5eb9a458660fd9a8fdccd4) Importer(815301076,1909f56bfc062723c751e8b465ee728b)
Start importing Assets/Dialogue/B_1Chap/(1_7)Chap1.asset using Guid(e7c642cf0d5eb9a458660fd9a8fdccd4) Importer(815301076,1909f56bfc062723c751e8b465ee728b)  -> (artifact id: '5aff53600029c19c97c4f82912bc09ae') in 0.009819 seconds 
========================================================================
Received Import Request.
  Time since last request: 192.994666 seconds.
  path: Assets/Dialogue/B_1Chap/(1_7)Chap1.asset
  artifactKey: Guid(e7c642cf0d5eb9a458660fd9a8fdccd4) Importer(815301076,1909f56bfc062723c751e8b465ee728b)
Start importing Assets/Dialogue/B_1Chap/(1_7)Chap1.asset using Guid(e7c642cf0d5eb9a458660fd9a8fdccd4) Importer(815301076,1909f56bfc062723c751e8b465ee728b)  -> (artifact id: 'f8c475e538958166a24b9c21cdb3c29e') in 0.012157 seconds 
========================================================================
Received Import Request.
  Time since last request: 30.911119 seconds.
  path: Assets/Dialogue/B_1Chap/(1_7)Chap1.asset
  artifactKey: Guid(e7c642cf0d5eb9a458660fd9a8fdccd4) Importer(815301076,1909f56bfc062723c751e8b465ee728b)
Start importing Assets/Dialogue/B_1Chap/(1_7)Chap1.asset using Guid(e7c642cf0d5eb9a458660fd9a8fdccd4) Importer(815301076,1909f56bfc062723c751e8b465ee728b)  -> (artifact id: '4a53e919833ca23769305682343d704f') in 0.013858 seconds 
========================================================================
Received Import Request.
  Time since last request: 46.162626 seconds.
  path: Assets/Scenes/A_Prologue/0_Pro_Dialogue1.unity
  artifactKey: Guid(2cda990e2423bbf4892e6590ba056729) Importer(815301076,1909f56bfc062723c751e8b465ee728b)
Start importing Assets/Scenes/A_Prologue/0_Pro_Dialogue1.unity using Guid(2cda990e2423bbf4892e6590ba056729) Importer(815301076,1909f56bfc062723c751e8b465ee728b)  -> (artifact id: '7157806b75465e8da92786f506ca469c') in 0.010177 seconds 
========================================================================
Received Prepare
Registering precompiled user dll's ...
Registered in 0.008229 seconds.
Begin MonoManager ReloadAssembly
Symbol file LoadedFromMemory doesn't match image E:\AfterSchool\AfterSchool\Library\PackageCache\com.unity.visualscripting@1.6.1\Editor\VisualScripting.Core\Dependencies\YamlDotNet\Unity.VisualScripting.YamlDotNet.dll
Symbol file LoadedFromMemory doesn't match image E:\AfterSchool\AfterSchool\Library\PackageCache\com.unity.visualscripting@1.6.1\Editor\VisualScripting.Core\Dependencies\DotNetZip\Unity.VisualScripting.IonicZip.dll
Native extension for WindowsStandalone target not found
Refreshing native plugins compatible for Editor in 1.25 ms, found 4 plugins.
Preloading 0 native plugins for Editor in 0.00 ms.
Mono: successfully reloaded assembly
- Completed reload, in  1.633 seconds
Domain Reload Profiling:
	ReloadAssembly (1634ms)
		BeginReloadAssembly (208ms)
			ExecutionOrderSort (0ms)
			DisableScriptedObjects (9ms)
			BackupInstance (0ms)
			ReleaseScriptingObjects (0ms)
			CreateAndSetChildDomain (63ms)
		EndReloadAssembly (1336ms)
			LoadAssemblies (185ms)
			RebuildTransferFunctionScriptingTraits (0ms)
			SetupTypeCache (532ms)
			ReleaseScriptCaches (2ms)
			RebuildScriptCaches (60ms)
			SetupLoadedEditorAssemblies (466ms)
				LogAssemblyErrors (0ms)
				InitializePlatformSupportModulesInManaged (7ms)
				SetLoadedEditorAssemblies (1ms)
				RefreshPlugins (1ms)
				BeforeProcessingInitializeOnLoad (91ms)
				ProcessInitializeOnLoadAttributes (346ms)
				ProcessInitializeOnLoadMethodAttributes (14ms)
				AfterProcessingInitializeOnLoad (5ms)
				EditorAssembliesLoaded (0ms)
			ExecutionOrderSort2 (0ms)
			AwakeInstancesAfterBackupRestoration (14ms)
Platform modules already initialized, skipping
Refreshing native plugins compatible for Editor in 1.52 ms, found 4 plugins.
Preloading 0 native plugins for Editor in 0.00 ms.
Unloading 3733 Unused Serialized files (Serialized files now loaded: 0)
System memory in use before: 139.6 MB.
System memory in use after: 139.9 MB.

Unloading 18 unused Assets to reduce memory usage. Loaded Objects now: 4215.
Total: 5.213252 ms (FindLiveObjects: 0.328872 ms CreateObjectMapping: 0.237876 ms MarkObjects: 4.614409 ms  DeleteObjects: 0.030962 ms)

AssetImportParameters requested are different than current active one (requested -> active):
  custom:framework-win-MediaFoundation: 216162199b28c13a410421893ffa2e32 -> 
  custom:video-decoder-ogg-theora: a1e56fd34408186e4bbccfd4996cb3dc -> 
  custom:container-muxer-webm: aa71ff27fc2769a1b78a27578f13a17b -> 
  custom:container-demuxer-webm: 4f35f7cbe854078d1ac9338744f61a02 -> 
  custom:container-demuxer-ogg: 62fdf1f143b41e24485cea50d1cbac27 -> 
  custom:video-encoder-webm-vp8: eb34c28f22e8b96e1ab97ce403110664 -> 
  custom:video-codec-MediaFoundation-h265: 746d11721c4dcdbdad8f713fa42b33f4 -> 
  custom:video-decoder-webm-vp8: 9c59270c3fd7afecdb556c50c9e8de78 -> 
  custom:audio-decoder-ogg-vorbis: bf7c407c2cedff20999df2af8eb42d56 -> 
  custom:audio-encoder-webm-vorbis: bf7c407c2cedff20999df2af8eb42d56 -> 
========================================================================
Received Import Request.
  Time since last request: 38.755675 seconds.
  path: Assets/Sprites/BackGround/BackGround.asset
  artifactKey: Guid(549295e303e3ce342ad23823660b0fc9) Importer(815301076,1909f56bfc062723c751e8b465ee728b)
Start importing Assets/Sprites/BackGround/BackGround.asset using Guid(549295e303e3ce342ad23823660b0fc9) Importer(815301076,1909f56bfc062723c751e8b465ee728b)  -> (artifact id: 'ea5afba7e9f8c4fe815aaca676172989') in 0.040579 seconds 
========================================================================
Received Prepare
Registering precompiled user dll's ...
Registered in 0.010764 seconds.
Begin MonoManager ReloadAssembly
Symbol file LoadedFromMemory doesn't match image E:\AfterSchool\AfterSchool\Library\PackageCache\com.unity.visualscripting@1.6.1\Editor\VisualScripting.Core\Dependencies\YamlDotNet\Unity.VisualScripting.YamlDotNet.dll
Symbol file LoadedFromMemory doesn't match image E:\AfterSchool\AfterSchool\Library\PackageCache\com.unity.visualscripting@1.6.1\Editor\VisualScripting.Core\Dependencies\DotNetZip\Unity.VisualScripting.IonicZip.dll
Native extension for WindowsStandalone target not found
Refreshing native plugins compatible for Editor in 1.11 ms, found 4 plugins.
Preloading 0 native plugins for Editor in 0.00 ms.
Mono: successfully reloaded assembly
- Completed reload, in  1.699 seconds
Domain Reload Profiling:
	ReloadAssembly (1700ms)
		BeginReloadAssembly (196ms)
			ExecutionOrderSort (0ms)
			DisableScriptedObjects (10ms)
			BackupInstance (0ms)
			ReleaseScriptingObjects (0ms)
			CreateAndSetChildDomain (63ms)
		EndReloadAssembly (1369ms)
			LoadAssemblies (176ms)
			RebuildTransferFunctionScriptingTraits (0ms)
			SetupTypeCache (534ms)
			ReleaseScriptCaches (1ms)
			RebuildScriptCaches (61ms)
			SetupLoadedEditorAssemblies (501ms)
				LogAssemblyErrors (0ms)
				InitializePlatformSupportModulesInManaged (6ms)
				SetLoadedEditorAssemblies (1ms)
				RefreshPlugins (1ms)
				BeforeProcessingInitializeOnLoad (93ms)
				ProcessInitializeOnLoadAttributes (383ms)
				ProcessInitializeOnLoadMethodAttributes (11ms)
				AfterProcessingInitializeOnLoad (5ms)
				EditorAssembliesLoaded (0ms)
			ExecutionOrderSort2 (0ms)
			AwakeInstancesAfterBackupRestoration (15ms)
Platform modules already initialized, skipping
Refreshing native plugins compatible for Editor in 2.22 ms, found 4 plugins.
Preloading 0 native plugins for Editor in 0.00 ms.
Unloading 3733 Unused Serialized files (Serialized files now loaded: 0)
System memory in use before: 139.7 MB.
System memory in use after: 139.9 MB.

Unloading 18 unused Assets to reduce memory usage. Loaded Objects now: 4218.
Total: 8.150449 ms (FindLiveObjects: 0.634335 ms CreateObjectMapping: 0.381356 ms MarkObjects: 7.092469 ms  DeleteObjects: 0.039268 ms)

AssetImportParameters requested are different than current active one (requested -> active):
  custom:framework-win-MediaFoundation: 216162199b28c13a410421893ffa2e32 -> 
  custom:video-decoder-ogg-theora: a1e56fd34408186e4bbccfd4996cb3dc -> 
  custom:container-muxer-webm: aa71ff27fc2769a1b78a27578f13a17b -> 
  custom:container-demuxer-webm: 4f35f7cbe854078d1ac9338744f61a02 -> 
  custom:container-demuxer-ogg: 62fdf1f143b41e24485cea50d1cbac27 -> 
  custom:video-encoder-webm-vp8: eb34c28f22e8b96e1ab97ce403110664 -> 
  custom:video-codec-MediaFoundation-h265: 746d11721c4dcdbdad8f713fa42b33f4 -> 
  custom:video-decoder-webm-vp8: 9c59270c3fd7afecdb556c50c9e8de78 -> 
  custom:audio-decoder-ogg-vorbis: bf7c407c2cedff20999df2af8eb42d56 -> 
  custom:audio-encoder-webm-vorbis: bf7c407c2cedff20999df2af8eb42d56 -> 
========================================================================
Received Import Request.
  Time since last request: 136.095566 seconds.
  path: Assets/Dialogue/B_1Chap/(1_7)Chap1.asset
  artifactKey: Guid(e7c642cf0d5eb9a458660fd9a8fdccd4) Importer(815301076,1909f56bfc062723c751e8b465ee728b)
Start importing Assets/Dialogue/B_1Chap/(1_7)Chap1.asset using Guid(e7c642cf0d5eb9a458660fd9a8fdccd4) Importer(815301076,1909f56bfc062723c751e8b465ee728b)  -> (artifact id: 'b3efc0592e198d2ab181aa9155b815ee') in 0.030812 seconds 
========================================================================
Received Import Request.
  Time since last request: 61.633927 seconds.
  path: Assets/Scenes/A_Prologue/0_Pro_Dialogue1.unity
  artifactKey: Guid(2cda990e2423bbf4892e6590ba056729) Importer(815301076,1909f56bfc062723c751e8b465ee728b)
Start importing Assets/Scenes/A_Prologue/0_Pro_Dialogue1.unity using Guid(2cda990e2423bbf4892e6590ba056729) Importer(815301076,1909f56bfc062723c751e8b465ee728b)  -> (artifact id: 'f8653c417f7afb7e756e8737f47ec5af') in 0.014594 seconds 
========================================================================
Received Prepare
Registering precompiled user dll's ...
Registered in 0.009841 seconds.
Begin MonoManager ReloadAssembly
Symbol file LoadedFromMemory doesn't match image E:\AfterSchool\AfterSchool\Library\PackageCache\com.unity.visualscripting@1.6.1\Editor\VisualScripting.Core\Dependencies\YamlDotNet\Unity.VisualScripting.YamlDotNet.dll
Symbol file LoadedFromMemory doesn't match image E:\AfterSchool\AfterSchool\Library\PackageCache\com.unity.visualscripting@1.6.1\Editor\VisualScripting.Core\Dependencies\DotNetZip\Unity.VisualScripting.IonicZip.dll
Native extension for WindowsStandalone target not found
Refreshing native plugins compatible for Editor in 0.84 ms, found 4 plugins.
Preloading 0 native plugins for Editor in 0.00 ms.
Mono: successfully reloaded assembly
- Completed reload, in  1.856 seconds
Domain Reload Profiling:
	ReloadAssembly (1857ms)
		BeginReloadAssembly (217ms)
			ExecutionOrderSort (0ms)
			DisableScriptedObjects (8ms)
			BackupInstance (0ms)
			ReleaseScriptingObjects (0ms)
			CreateAndSetChildDomain (53ms)
		EndReloadAssembly (1557ms)
			LoadAssemblies (218ms)
			RebuildTransferFunctionScriptingTraits (0ms)
			SetupTypeCache (640ms)
			ReleaseScriptCaches (5ms)
			RebuildScriptCaches (103ms)
			SetupLoadedEditorAssemblies (492ms)
				LogAssemblyErrors (0ms)
				InitializePlatformSupportModulesInManaged (6ms)
				SetLoadedEditorAssemblies (1ms)
				RefreshPlugins (1ms)
				BeforeProcessingInitializeOnLoad (90ms)
				ProcessInitializeOnLoadAttributes (375ms)
				ProcessInitializeOnLoadMethodAttributes (12ms)
				AfterProcessingInitializeOnLoad (7ms)
				EditorAssembliesLoaded (0ms)
			ExecutionOrderSort2 (0ms)
			AwakeInstancesAfterBackupRestoration (14ms)
Platform modules already initialized, skipping
Refreshing native plugins compatible for Editor in 1.74 ms, found 4 plugins.
Preloading 0 native plugins for Editor in 0.00 ms.
Unloading 3733 Unused Serialized files (Serialized files now loaded: 0)
System memory in use before: 139.7 MB.
System memory in use after: 139.9 MB.

Unloading 18 unused Assets to reduce memory usage. Loaded Objects now: 4221.
Total: 7.908420 ms (FindLiveObjects: 0.584117 ms CreateObjectMapping: 0.405521 ms MarkObjects: 6.876871 ms  DeleteObjects: 0.040024 ms)

AssetImportParameters requested are different than current active one (requested -> active):
  custom:framework-win-MediaFoundation: 216162199b28c13a410421893ffa2e32 -> 
  custom:video-decoder-ogg-theora: a1e56fd34408186e4bbccfd4996cb3dc -> 
  custom:container-muxer-webm: aa71ff27fc2769a1b78a27578f13a17b -> 
  custom:container-demuxer-webm: 4f35f7cbe854078d1ac9338744f61a02 -> 
  custom:container-demuxer-ogg: 62fdf1f143b41e24485cea50d1cbac27 -> 
  custom:video-encoder-webm-vp8: eb34c28f22e8b96e1ab97ce403110664 -> 
  custom:video-codec-MediaFoundation-h265: 746d11721c4dcdbdad8f713fa42b33f4 -> 
  custom:video-decoder-webm-vp8: 9c59270c3fd7afecdb556c50c9e8de78 -> 
  custom:audio-decoder-ogg-vorbis: bf7c407c2cedff20999df2af8eb42d56 -> 
  custom:audio-encoder-webm-vorbis: bf7c407c2cedff20999df2af8eb42d56 -> 
========================================================================
Received Prepare
Registering precompiled user dll's ...
Registered in 0.008160 seconds.
Begin MonoManager ReloadAssembly
Symbol file LoadedFromMemory doesn't match image E:\AfterSchool\AfterSchool\Library\PackageCache\com.unity.visualscripting@1.6.1\Editor\VisualScripting.Core\Dependencies\YamlDotNet\Unity.VisualScripting.YamlDotNet.dll
Symbol file LoadedFromMemory doesn't match image E:\AfterSchool\AfterSchool\Library\PackageCache\com.unity.visualscripting@1.6.1\Editor\VisualScripting.Core\Dependencies\DotNetZip\Unity.VisualScripting.IonicZip.dll
Native extension for WindowsStandalone target not found
Refreshing native plugins compatible for Editor in 0.83 ms, found 4 plugins.
Preloading 0 native plugins for Editor in 0.00 ms.
Mono: successfully reloaded assembly
- Completed reload, in  1.828 seconds
Domain Reload Profiling:
	ReloadAssembly (1829ms)
		BeginReloadAssembly (188ms)
			ExecutionOrderSort (0ms)
			DisableScriptedObjects (11ms)
			BackupInstance (0ms)
			ReleaseScriptingObjects (0ms)
			CreateAndSetChildDomain (52ms)
		EndReloadAssembly (1558ms)
			LoadAssemblies (199ms)
			RebuildTransferFunctionScriptingTraits (0ms)
			SetupTypeCache (535ms)
			ReleaseScriptCaches (2ms)
			RebuildScriptCaches (70ms)
			SetupLoadedEditorAssemblies (649ms)
				LogAssemblyErrors (0ms)
				InitializePlatformSupportModulesInManaged (6ms)
				SetLoadedEditorAssemblies (1ms)
				RefreshPlugins (1ms)
				BeforeProcessingInitializeOnLoad (83ms)
				ProcessInitializeOnLoadAttributes (537ms)
				ProcessInitializeOnLoadMethodAttributes (14ms)
				AfterProcessingInitializeOnLoad (6ms)
				EditorAssembliesLoaded (0ms)
			ExecutionOrderSort2 (0ms)
			AwakeInstancesAfterBackupRestoration (16ms)
Platform modules already initialized, skipping
Refreshing native plugins compatible for Editor in 1.74 ms, found 4 plugins.
Preloading 0 native plugins for Editor in 0.00 ms.
Unloading 3733 Unused Serialized files (Serialized files now loaded: 0)
System memory in use before: 139.7 MB.
System memory in use after: 139.9 MB.

Unloading 18 unused Assets to reduce memory usage. Loaded Objects now: 4224.
Total: 7.986579 ms (FindLiveObjects: 0.533899 ms CreateObjectMapping: 0.494630 ms MarkObjects: 6.870074 ms  DeleteObjects: 0.085711 ms)

AssetImportParameters requested are different than current active one (requested -> active):
  custom:framework-win-MediaFoundation: 216162199b28c13a410421893ffa2e32 -> 
  custom:video-decoder-ogg-theora: a1e56fd34408186e4bbccfd4996cb3dc -> 
  custom:container-muxer-webm: aa71ff27fc2769a1b78a27578f13a17b -> 
  custom:container-demuxer-webm: 4f35f7cbe854078d1ac9338744f61a02 -> 
  custom:container-demuxer-ogg: 62fdf1f143b41e24485cea50d1cbac27 -> 
  custom:video-encoder-webm-vp8: eb34c28f22e8b96e1ab97ce403110664 -> 
  custom:video-codec-MediaFoundation-h265: 746d11721c4dcdbdad8f713fa42b33f4 -> 
  custom:video-decoder-webm-vp8: 9c59270c3fd7afecdb556c50c9e8de78 -> 
  custom:audio-decoder-ogg-vorbis: bf7c407c2cedff20999df2af8eb42d56 -> 
  custom:audio-encoder-webm-vorbis: bf7c407c2cedff20999df2af8eb42d56 -> 
========================================================================
Received Import Request.
  Time since last request: 95.995392 seconds.
  path: Assets/Dialogue/B_1Chap/(1_7)Chap1.asset
  artifactKey: Guid(e7c642cf0d5eb9a458660fd9a8fdccd4) Importer(815301076,1909f56bfc062723c751e8b465ee728b)
Start importing Assets/Dialogue/B_1Chap/(1_7)Chap1.asset using Guid(e7c642cf0d5eb9a458660fd9a8fdccd4) Importer(815301076,1909f56bfc062723c751e8b465ee728b)  -> (artifact id: '4c454abd70f8a14b1648b77f226b143a') in 0.030085 seconds 
========================================================================
Received Import Request.
  Time since last request: 465.648417 seconds.
  path: Assets/Dialogue/B_1Chap/(1_7)Chap1.asset
  artifactKey: Guid(e7c642cf0d5eb9a458660fd9a8fdccd4) Importer(815301076,1909f56bfc062723c751e8b465ee728b)
Start importing Assets/Dialogue/B_1Chap/(1_7)Chap1.asset using Guid(e7c642cf0d5eb9a458660fd9a8fdccd4) Importer(815301076,1909f56bfc062723c751e8b465ee728b)  -> (artifact id: '8bdfefb2144dfb13fe0bdef300cf6297') in 0.013999 seconds 
========================================================================
Received Import Request.
  Time since last request: 650.755056 seconds.
  path: Assets/Dialogue/B_1Chap/(1_7)Chap1.asset
  artifactKey: Guid(e7c642cf0d5eb9a458660fd9a8fdccd4) Importer(815301076,1909f56bfc062723c751e8b465ee728b)
Start importing Assets/Dialogue/B_1Chap/(1_7)Chap1.asset using Guid(e7c642cf0d5eb9a458660fd9a8fdccd4) Importer(815301076,1909f56bfc062723c751e8b465ee728b)  -> (artifact id: '3020a20ade593981ce534d4817f7217f') in 0.011330 seconds 
========================================================================
Received Import Request.
  Time since last request: 54.829933 seconds.
  path: Assets/Dialogue/B_1Chap/(1_7)Chap1.asset
  artifactKey: Guid(e7c642cf0d5eb9a458660fd9a8fdccd4) Importer(815301076,1909f56bfc062723c751e8b465ee728b)
Start importing Assets/Dialogue/B_1Chap/(1_7)Chap1.asset using Guid(e7c642cf0d5eb9a458660fd9a8fdccd4) Importer(815301076,1909f56bfc062723c751e8b465ee728b)  -> (artifact id: 'b20529604f292ed1c7f3cc7a048ffd06') in 0.011964 seconds 
========================================================================
Received Import Request.
  Time since last request: 30.812003 seconds.
  path: Assets/Dialogue/B_1Chap/(1_7)Chap1.asset
  artifactKey: Guid(e7c642cf0d5eb9a458660fd9a8fdccd4) Importer(815301076,1909f56bfc062723c751e8b465ee728b)
Start importing Assets/Dialogue/B_1Chap/(1_7)Chap1.asset using Guid(e7c642cf0d5eb9a458660fd9a8fdccd4) Importer(815301076,1909f56bfc062723c751e8b465ee728b)  -> (artifact id: 'da14ed09a566bf364f6c75c03498a00e') in 0.012738 seconds 
========================================================================
Received Import Request.
  Time since last request: 47.069013 seconds.
  path: Assets/Dialogue/B_1Chap/(1_7)Chap1.asset
  artifactKey: Guid(e7c642cf0d5eb9a458660fd9a8fdccd4) Importer(815301076,1909f56bfc062723c751e8b465ee728b)
Start importing Assets/Dialogue/B_1Chap/(1_7)Chap1.asset using Guid(e7c642cf0d5eb9a458660fd9a8fdccd4) Importer(815301076,1909f56bfc062723c751e8b465ee728b)  -> (artifact id: '52a6e69694cda8356055ea7fd8ebdc14') in 0.014203 seconds 
========================================================================
Received Import Request.
  Time since last request: 19.140177 seconds.
  path: Assets/Dialogue/B_1Chap/(1_7)Chap1.asset
  artifactKey: Guid(e7c642cf0d5eb9a458660fd9a8fdccd4) Importer(815301076,1909f56bfc062723c751e8b465ee728b)
Start importing Assets/Dialogue/B_1Chap/(1_7)Chap1.asset using Guid(e7c642cf0d5eb9a458660fd9a8fdccd4) Importer(815301076,1909f56bfc062723c751e8b465ee728b)  -> (artifact id: 'f5d6398fd7448bafa78d795a086c59c6') in 0.014468 seconds 
========================================================================
Received Import Request.
  Time since last request: 11.850849 seconds.
  path: Assets/Dialogue/B_1Chap/(1_7)Chap1.asset
  artifactKey: Guid(e7c642cf0d5eb9a458660fd9a8fdccd4) Importer(815301076,1909f56bfc062723c751e8b465ee728b)
Start importing Assets/Dialogue/B_1Chap/(1_7)Chap1.asset using Guid(e7c642cf0d5eb9a458660fd9a8fdccd4) Importer(815301076,1909f56bfc062723c751e8b465ee728b)  -> (artifact id: '4e35b0e73af3c067cb9076d8a9212212') in 0.013499 seconds 
========================================================================
Received Import Request.
  Time since last request: 127.711687 seconds.
  path: Assets/Dialogue/B_1Chap/(1_7)Chap1.asset
  artifactKey: Guid(e7c642cf0d5eb9a458660fd9a8fdccd4) Importer(815301076,1909f56bfc062723c751e8b465ee728b)
Start importing Assets/Dialogue/B_1Chap/(1_7)Chap1.asset using Guid(e7c642cf0d5eb9a458660fd9a8fdccd4) Importer(815301076,1909f56bfc062723c751e8b465ee728b)  -> (artifact id: '1a657d8f8656777fdded31ffde143c3c') in 0.012511 seconds 
========================================================================
Received Import Request.
  Time since last request: 27.288642 seconds.
  path: Assets/Dialogue/B_1Chap/(1_7)Chap1.asset
  artifactKey: Guid(e7c642cf0d5eb9a458660fd9a8fdccd4) Importer(815301076,1909f56bfc062723c751e8b465ee728b)
Start importing Assets/Dialogue/B_1Chap/(1_7)Chap1.asset using Guid(e7c642cf0d5eb9a458660fd9a8fdccd4) Importer(815301076,1909f56bfc062723c751e8b465ee728b)  -> (artifact id: 'bc6408646cb5a5a2933ed599067ffbdc') in 0.024289 seconds 
========================================================================
Received Import Request.
  Time since last request: 35.556351 seconds.
  path: Assets/Dialogue/B_1Chap/(1_7)Chap1.asset
  artifactKey: Guid(e7c642cf0d5eb9a458660fd9a8fdccd4) Importer(815301076,1909f56bfc062723c751e8b465ee728b)
Start importing Assets/Dialogue/B_1Chap/(1_7)Chap1.asset using Guid(e7c642cf0d5eb9a458660fd9a8fdccd4) Importer(815301076,1909f56bfc062723c751e8b465ee728b)  -> (artifact id: '5f3d4b06540a4ce95129190b4307ef5b') in 0.018292 seconds 
========================================================================
Received Import Request.
  Time since last request: 14.092453 seconds.
  path: Assets/Dialogue/B_1Chap/(1_7)Chap1.asset
  artifactKey: Guid(e7c642cf0d5eb9a458660fd9a8fdccd4) Importer(815301076,1909f56bfc062723c751e8b465ee728b)
Start importing Assets/Dialogue/B_1Chap/(1_7)Chap1.asset using Guid(e7c642cf0d5eb9a458660fd9a8fdccd4) Importer(815301076,1909f56bfc062723c751e8b465ee728b)  -> (artifact id: '476613997ea53ad14b6bda5417845dac') in 0.014186 seconds 
========================================================================
Received Import Request.
  Time since last request: 31.356999 seconds.
  path: Assets/Dialogue/B_1Chap/(1_7)Chap1.asset
  artifactKey: Guid(e7c642cf0d5eb9a458660fd9a8fdccd4) Importer(815301076,1909f56bfc062723c751e8b465ee728b)
Start importing Assets/Dialogue/B_1Chap/(1_7)Chap1.asset using Guid(e7c642cf0d5eb9a458660fd9a8fdccd4) Importer(815301076,1909f56bfc062723c751e8b465ee728b)  -> (artifact id: '18ecd70f53ba507754b6e34200d21fe4') in 0.031878 seconds 
========================================================================
Received Import Request.
  Time since last request: 43.546199 seconds.
  path: Assets/Dialogue/B_1Chap/(1_7)Chap1.asset
  artifactKey: Guid(e7c642cf0d5eb9a458660fd9a8fdccd4) Importer(815301076,1909f56bfc062723c751e8b465ee728b)
Start importing Assets/Dialogue/B_1Chap/(1_7)Chap1.asset using Guid(e7c642cf0d5eb9a458660fd9a8fdccd4) Importer(815301076,1909f56bfc062723c751e8b465ee728b)  -> (artifact id: '2322c45a900bd595ca2720142da6bd51') in 0.012129 seconds 
========================================================================
Received Import Request.
  Time since last request: 13.185306 seconds.
  path: Assets/Dialogue/B_1Chap/(1_7)Chap1.asset
  artifactKey: Guid(e7c642cf0d5eb9a458660fd9a8fdccd4) Importer(815301076,1909f56bfc062723c751e8b465ee728b)
Start importing Assets/Dialogue/B_1Chap/(1_7)Chap1.asset using Guid(e7c642cf0d5eb9a458660fd9a8fdccd4) Importer(815301076,1909f56bfc062723c751e8b465ee728b)  -> (artifact id: '788d83a759b609f8b0d5a5546b283abb') in 0.021781 seconds 
========================================================================
Received Import Request.
  Time since last request: 21.209579 seconds.
  path: Assets/Dialogue/B_1Chap/(1_7)Chap1.asset
  artifactKey: Guid(e7c642cf0d5eb9a458660fd9a8fdccd4) Importer(815301076,1909f56bfc062723c751e8b465ee728b)
Start importing Assets/Dialogue/B_1Chap/(1_7)Chap1.asset using Guid(e7c642cf0d5eb9a458660fd9a8fdccd4) Importer(815301076,1909f56bfc062723c751e8b465ee728b)  -> (artifact id: 'd4fc710e2d9de2e79072fb9f3a3ff3e4') in 0.014372 seconds 
========================================================================
Received Import Request.
  Time since last request: 13.776591 seconds.
  path: Assets/Dialogue/B_1Chap/(1_7)Chap1.asset
  artifactKey: Guid(e7c642cf0d5eb9a458660fd9a8fdccd4) Importer(815301076,1909f56bfc062723c751e8b465ee728b)
Start importing Assets/Dialogue/B_1Chap/(1_7)Chap1.asset using Guid(e7c642cf0d5eb9a458660fd9a8fdccd4) Importer(815301076,1909f56bfc062723c751e8b465ee728b)  -> (artifact id: 'ca42f63f83f632804747a61939a2f883') in 0.015372 seconds 
========================================================================
Received Import Request.
  Time since last request: 20.199942 seconds.
  path: Assets/Dialogue/B_1Chap/(1_7)Chap1.asset
  artifactKey: Guid(e7c642cf0d5eb9a458660fd9a8fdccd4) Importer(815301076,1909f56bfc062723c751e8b465ee728b)
Start importing Assets/Dialogue/B_1Chap/(1_7)Chap1.asset using Guid(e7c642cf0d5eb9a458660fd9a8fdccd4) Importer(815301076,1909f56bfc062723c751e8b465ee728b)  -> (artifact id: '2c6d1472f975f5309f1158e6213c0e63') in 0.018063 seconds 
========================================================================
Received Import Request.
  Time since last request: 14.732653 seconds.
  path: Assets/Dialogue/B_1Chap/(1_7)Chap1.asset
  artifactKey: Guid(e7c642cf0d5eb9a458660fd9a8fdccd4) Importer(815301076,1909f56bfc062723c751e8b465ee728b)
Start importing Assets/Dialogue/B_1Chap/(1_7)Chap1.asset using Guid(e7c642cf0d5eb9a458660fd9a8fdccd4) Importer(815301076,1909f56bfc062723c751e8b465ee728b)  -> (artifact id: 'a5cee9ef7be41cb970c5634bf0eb1ab6') in 0.012549 seconds 
========================================================================
Received Prepare
Registering precompiled user dll's ...
Registered in 0.008437 seconds.
Begin MonoManager ReloadAssembly
Symbol file LoadedFromMemory doesn't match image E:\AfterSchool\AfterSchool\Library\PackageCache\com.unity.visualscripting@1.6.1\Editor\VisualScripting.Core\Dependencies\YamlDotNet\Unity.VisualScripting.YamlDotNet.dll
Symbol file LoadedFromMemory doesn't match image E:\AfterSchool\AfterSchool\Library\PackageCache\com.unity.visualscripting@1.6.1\Editor\VisualScripting.Core\Dependencies\DotNetZip\Unity.VisualScripting.IonicZip.dll
Native extension for WindowsStandalone target not found
Refreshing native plugins compatible for Editor in 0.89 ms, found 4 plugins.
Preloading 0 native plugins for Editor in 0.00 ms.
Mono: successfully reloaded assembly
- Completed reload, in  1.624 seconds
Domain Reload Profiling:
	ReloadAssembly (1624ms)
		BeginReloadAssembly (203ms)
			ExecutionOrderSort (0ms)
			DisableScriptedObjects (10ms)
			BackupInstance (0ms)
			ReleaseScriptingObjects (0ms)
			CreateAndSetChildDomain (57ms)
		EndReloadAssembly (1343ms)
			LoadAssemblies (188ms)
			RebuildTransferFunctionScriptingTraits (0ms)
			SetupTypeCache (532ms)
			ReleaseScriptCaches (1ms)
			RebuildScriptCaches (65ms)
			SetupLoadedEditorAssemblies (460ms)
				LogAssemblyErrors (0ms)
				InitializePlatformSupportModulesInManaged (6ms)
				SetLoadedEditorAssemblies (1ms)
				RefreshPlugins (1ms)
				BeforeProcessingInitializeOnLoad (101ms)
				ProcessInitializeOnLoadAttributes (326ms)
				ProcessInitializeOnLoadMethodAttributes (18ms)
				AfterProcessingInitializeOnLoad (6ms)
				EditorAssembliesLoaded (0ms)
			ExecutionOrderSort2 (0ms)
			AwakeInstancesAfterBackupRestoration (16ms)
Platform modules already initialized, skipping
Refreshing native plugins compatible for Editor in 1.60 ms, found 4 plugins.
Preloading 0 native plugins for Editor in 0.00 ms.
Unloading 3733 Unused Serialized files (Serialized files now loaded: 0)
System memory in use before: 139.7 MB.
System memory in use after: 140.0 MB.

Unloading 18 unused Assets to reduce memory usage. Loaded Objects now: 4227.
Total: 7.896338 ms (FindLiveObjects: 0.683798 ms CreateObjectMapping: 0.510866 ms MarkObjects: 6.661650 ms  DeleteObjects: 0.038136 ms)

AssetImportParameters requested are different than current active one (requested -> active):
  custom:framework-win-MediaFoundation: 216162199b28c13a410421893ffa2e32 -> 
  custom:video-decoder-ogg-theora: a1e56fd34408186e4bbccfd4996cb3dc -> 
  custom:container-muxer-webm: aa71ff27fc2769a1b78a27578f13a17b -> 
  custom:container-demuxer-webm: 4f35f7cbe854078d1ac9338744f61a02 -> 
  custom:container-demuxer-ogg: 62fdf1f143b41e24485cea50d1cbac27 -> 
  custom:video-encoder-webm-vp8: eb34c28f22e8b96e1ab97ce403110664 -> 
  custom:video-codec-MediaFoundation-h265: 746d11721c4dcdbdad8f713fa42b33f4 -> 
  custom:video-decoder-webm-vp8: 9c59270c3fd7afecdb556c50c9e8de78 -> 
  custom:audio-decoder-ogg-vorbis: bf7c407c2cedff20999df2af8eb42d56 -> 
  custom:audio-encoder-webm-vorbis: bf7c407c2cedff20999df2af8eb42d56 -> 
========================================================================
Received Import Request.
  Time since last request: 217.671143 seconds.
  path: Assets/Dialogue/B_1Chap/(1_7)Chap1.asset
  artifactKey: Guid(e7c642cf0d5eb9a458660fd9a8fdccd4) Importer(815301076,1909f56bfc062723c751e8b465ee728b)
Start importing Assets/Dialogue/B_1Chap/(1_7)Chap1.asset using Guid(e7c642cf0d5eb9a458660fd9a8fdccd4) Importer(815301076,1909f56bfc062723c751e8b465ee728b)  -> (artifact id: '4b76bc6993e868be11b336dade6f4508') in 0.033322 seconds 
========================================================================
Received Import Request.
  Time since last request: 19.482009 seconds.
  path: Assets/Dialogue/B_1Chap/(1_8)Chap1.asset
  artifactKey: Guid(21ba70fd53173464fa0302af915710e1) Importer(815301076,1909f56bfc062723c751e8b465ee728b)
Start importing Assets/Dialogue/B_1Chap/(1_8)Chap1.asset using Guid(21ba70fd53173464fa0302af915710e1) Importer(815301076,1909f56bfc062723c751e8b465ee728b)  -> (artifact id: 'cf3c00f92b926e5c539e1de22c6c3956') in 0.010606 seconds 
========================================================================
Received Import Request.
  Time since last request: 73.384398 seconds.
  path: Assets/Dialogue/B_1Chap/(1_8)Chap1.asset
  artifactKey: Guid(21ba70fd53173464fa0302af915710e1) Importer(815301076,1909f56bfc062723c751e8b465ee728b)
Start importing Assets/Dialogue/B_1Chap/(1_8)Chap1.asset using Guid(21ba70fd53173464fa0302af915710e1) Importer(815301076,1909f56bfc062723c751e8b465ee728b)  -> (artifact id: '4f131d9a0154621afa9dedf4f81f8699') in 0.011611 seconds 
========================================================================
Received Import Request.
  Time since last request: 86.464534 seconds.
  path: Assets/Dialogue/B_1Chap/(1_8)Chap1.asset
  artifactKey: Guid(21ba70fd53173464fa0302af915710e1) Importer(815301076,1909f56bfc062723c751e8b465ee728b)
Start importing Assets/Dialogue/B_1Chap/(1_8)Chap1.asset using Guid(21ba70fd53173464fa0302af915710e1) Importer(815301076,1909f56bfc062723c751e8b465ee728b)  -> (artifact id: 'd1bbed7c348bb6457178c1b71efc3708') in 0.010384 seconds 
========================================================================
Received Import Request.
  Time since last request: 23.168588 seconds.
  path: Assets/Dialogue/B_1Chap/(1_8)Chap1.asset
  artifactKey: Guid(21ba70fd53173464fa0302af915710e1) Importer(815301076,1909f56bfc062723c751e8b465ee728b)
Start importing Assets/Dialogue/B_1Chap/(1_8)Chap1.asset using Guid(21ba70fd53173464fa0302af915710e1) Importer(815301076,1909f56bfc062723c751e8b465ee728b)  -> (artifact id: '2cf59fdd7d7ae37d48531b3b0b9a8242') in 0.013143 seconds 
========================================================================
Received Import Request.
  Time since last request: 26.404745 seconds.
  path: Assets/Dialogue/B_1Chap/(1_8)Chap1.asset
  artifactKey: Guid(21ba70fd53173464fa0302af915710e1) Importer(815301076,1909f56bfc062723c751e8b465ee728b)
Start importing Assets/Dialogue/B_1Chap/(1_8)Chap1.asset using Guid(21ba70fd53173464fa0302af915710e1) Importer(815301076,1909f56bfc062723c751e8b465ee728b)  -> (artifact id: '1a6017f814750693430f6417c475c04a') in 0.012902 seconds 
========================================================================
Received Import Request.
  Time since last request: 40.746096 seconds.
  path: Assets/Dialogue/B_1Chap/(1_8)Chap1.asset
  artifactKey: Guid(21ba70fd53173464fa0302af915710e1) Importer(815301076,1909f56bfc062723c751e8b465ee728b)
Start importing Assets/Dialogue/B_1Chap/(1_8)Chap1.asset using Guid(21ba70fd53173464fa0302af915710e1) Importer(815301076,1909f56bfc062723c751e8b465ee728b)  -> (artifact id: '68dfb2dd3e301841c7bc72d996411090') in 0.009393 seconds 
========================================================================
Received Import Request.
  Time since last request: 27.471453 seconds.
  path: Assets/Dialogue/B_1Chap/(1_8)Chap1.asset
  artifactKey: Guid(21ba70fd53173464fa0302af915710e1) Importer(815301076,1909f56bfc062723c751e8b465ee728b)
Start importing Assets/Dialogue/B_1Chap/(1_8)Chap1.asset using Guid(21ba70fd53173464fa0302af915710e1) Importer(815301076,1909f56bfc062723c751e8b465ee728b)  -> (artifact id: '0d2eb5facb591582b1d56ee3487cd675') in 0.010228 seconds 
========================================================================
Received Import Request.
  Time since last request: 48.860873 seconds.
  path: Assets/Dialogue/B_1Chap/(1_8)Chap1.asset
  artifactKey: Guid(21ba70fd53173464fa0302af915710e1) Importer(815301076,1909f56bfc062723c751e8b465ee728b)
Start importing Assets/Dialogue/B_1Chap/(1_8)Chap1.asset using Guid(21ba70fd53173464fa0302af915710e1) Importer(815301076,1909f56bfc062723c751e8b465ee728b)  -> (artifact id: 'e56306448093725af2aca6944f595a52') in 0.017295 seconds 
========================================================================
Received Import Request.
  Time since last request: 13.977295 seconds.
  path: Assets/Dialogue/B_1Chap/(1_8)Chap1.asset
  artifactKey: Guid(21ba70fd53173464fa0302af915710e1) Importer(815301076,1909f56bfc062723c751e8b465ee728b)
Start importing Assets/Dialogue/B_1Chap/(1_8)Chap1.asset using Guid(21ba70fd53173464fa0302af915710e1) Importer(815301076,1909f56bfc062723c751e8b465ee728b)  -> (artifact id: '701d11622078cee644766df9751bef14') in 0.012066 seconds 
========================================================================
Received Import Request.
  Time since last request: 13.367093 seconds.
  path: Assets/Dialogue/B_1Chap/(1_8)Chap1.asset
  artifactKey: Guid(21ba70fd53173464fa0302af915710e1) Importer(815301076,1909f56bfc062723c751e8b465ee728b)
Start importing Assets/Dialogue/B_1Chap/(1_8)Chap1.asset using Guid(21ba70fd53173464fa0302af915710e1) Importer(815301076,1909f56bfc062723c751e8b465ee728b)  -> (artifact id: '0b4203654fcffbfb76ddd6fd1a84f9bb') in 0.009734 seconds 
========================================================================
Received Import Request.
  Time since last request: 21.374856 seconds.
  path: Assets/Dialogue/B_1Chap/(1_8)Chap1.asset
  artifactKey: Guid(21ba70fd53173464fa0302af915710e1) Importer(815301076,1909f56bfc062723c751e8b465ee728b)
Start importing Assets/Dialogue/B_1Chap/(1_8)Chap1.asset using Guid(21ba70fd53173464fa0302af915710e1) Importer(815301076,1909f56bfc062723c751e8b465ee728b)  -> (artifact id: '55fcdda44b3e8bcbb1b4d017b9e4fb3c') in 0.009924 seconds 
========================================================================
Received Import Request.
  Time since last request: 60.109020 seconds.
  path: Assets/Dialogue/B_1Chap/(1_8)Chap1.asset
  artifactKey: Guid(21ba70fd53173464fa0302af915710e1) Importer(815301076,1909f56bfc062723c751e8b465ee728b)
Start importing Assets/Dialogue/B_1Chap/(1_8)Chap1.asset using Guid(21ba70fd53173464fa0302af915710e1) Importer(815301076,1909f56bfc062723c751e8b465ee728b)  -> (artifact id: '3daffa5ea83e55d567862400f3466911') in 0.020515 seconds 
========================================================================
Received Import Request.
  Time since last request: 18.007797 seconds.
  path: Assets/Dialogue/B_1Chap/(1_8)Chap1.asset
  artifactKey: Guid(21ba70fd53173464fa0302af915710e1) Importer(815301076,1909f56bfc062723c751e8b465ee728b)
Start importing Assets/Dialogue/B_1Chap/(1_8)Chap1.asset using Guid(21ba70fd53173464fa0302af915710e1) Importer(815301076,1909f56bfc062723c751e8b465ee728b)  -> (artifact id: '74a8a9310cd70bf4e119193d06f62d2d') in 0.009156 seconds 
========================================================================
Received Import Request.
  Time since last request: 23.989330 seconds.
  path: Assets/Dialogue/B_1Chap/(1_8)Chap1.asset
  artifactKey: Guid(21ba70fd53173464fa0302af915710e1) Importer(815301076,1909f56bfc062723c751e8b465ee728b)
Start importing Assets/Dialogue/B_1Chap/(1_8)Chap1.asset using Guid(21ba70fd53173464fa0302af915710e1) Importer(815301076,1909f56bfc062723c751e8b465ee728b)  -> (artifact id: '054d4fbc193cdaecab9ca41b95073871') in 0.014375 seconds 
========================================================================
Received Import Request.
  Time since last request: 19.737472 seconds.
  path: Assets/Dialogue/B_1Chap/(1_8)Chap1.asset
  artifactKey: Guid(21ba70fd53173464fa0302af915710e1) Importer(815301076,1909f56bfc062723c751e8b465ee728b)
Start importing Assets/Dialogue/B_1Chap/(1_8)Chap1.asset using Guid(21ba70fd53173464fa0302af915710e1) Importer(815301076,1909f56bfc062723c751e8b465ee728b)  -> (artifact id: 'f2c145c02a81afe1fceff274a987778d') in 0.010386 seconds 
========================================================================
Received Import Request.
  Time since last request: 8.001469 seconds.
  path: Assets/Dialogue/B_1Chap/(1_8)Chap1.asset
  artifactKey: Guid(21ba70fd53173464fa0302af915710e1) Importer(815301076,1909f56bfc062723c751e8b465ee728b)
Start importing Assets/Dialogue/B_1Chap/(1_8)Chap1.asset using Guid(21ba70fd53173464fa0302af915710e1) Importer(815301076,1909f56bfc062723c751e8b465ee728b)  -> (artifact id: '8c652d7ff0c6b7c316ef5f85809ea44c') in 0.010568 seconds 
========================================================================
Received Import Request.
  Time since last request: 19.577249 seconds.
  path: Assets/Dialogue/B_1Chap/(1_8)Chap1.asset
  artifactKey: Guid(21ba70fd53173464fa0302af915710e1) Importer(815301076,1909f56bfc062723c751e8b465ee728b)
Start importing Assets/Dialogue/B_1Chap/(1_8)Chap1.asset using Guid(21ba70fd53173464fa0302af915710e1) Importer(815301076,1909f56bfc062723c751e8b465ee728b)  -> (artifact id: '033332c33585355bf6b4fb783a6723b7') in 0.009912 seconds 
========================================================================
Received Import Request.
  Time since last request: 18.333546 seconds.
  path: Assets/Dialogue/B_1Chap/(1_8)Chap1.asset
  artifactKey: Guid(21ba70fd53173464fa0302af915710e1) Importer(815301076,1909f56bfc062723c751e8b465ee728b)
Start importing Assets/Dialogue/B_1Chap/(1_8)Chap1.asset using Guid(21ba70fd53173464fa0302af915710e1) Importer(815301076,1909f56bfc062723c751e8b465ee728b)  -> (artifact id: '61c472185566e6400ffb0aac7d7227a8') in 0.009908 seconds 
========================================================================
Received Import Request.
  Time since last request: 18.373972 seconds.
  path: Assets/Dialogue/B_1Chap/(1_8)Chap1.asset
  artifactKey: Guid(21ba70fd53173464fa0302af915710e1) Importer(815301076,1909f56bfc062723c751e8b465ee728b)
Start importing Assets/Dialogue/B_1Chap/(1_8)Chap1.asset using Guid(21ba70fd53173464fa0302af915710e1) Importer(815301076,1909f56bfc062723c751e8b465ee728b)  -> (artifact id: '61fbeb70ddb55de1af74d5075bacb195') in 0.011071 seconds 
========================================================================
Received Import Request.
  Time since last request: 12.267253 seconds.
  path: Assets/Dialogue/B_1Chap/(1_8)Chap1.asset
  artifactKey: Guid(21ba70fd53173464fa0302af915710e1) Importer(815301076,1909f56bfc062723c751e8b465ee728b)
Start importing Assets/Dialogue/B_1Chap/(1_8)Chap1.asset using Guid(21ba70fd53173464fa0302af915710e1) Importer(815301076,1909f56bfc062723c751e8b465ee728b)  -> (artifact id: '0efe8aaaa4c043d091bf6a4a17e5253a') in 0.014592 seconds 
========================================================================
Received Import Request.
  Time since last request: 45.507750 seconds.
  path: Assets/Dialogue/B_1Chap/(1_8)Chap1.asset
  artifactKey: Guid(21ba70fd53173464fa0302af915710e1) Importer(815301076,1909f56bfc062723c751e8b465ee728b)
Start importing Assets/Dialogue/B_1Chap/(1_8)Chap1.asset using Guid(21ba70fd53173464fa0302af915710e1) Importer(815301076,1909f56bfc062723c751e8b465ee728b)  -> (artifact id: '6242c63189f2b45d9072bb3b8a74e927') in 0.011155 seconds 
========================================================================
Received Import Request.
  Time since last request: 10.524933 seconds.
  path: Assets/Dialogue/B_1Chap/(1_8)Chap1.asset
  artifactKey: Guid(21ba70fd53173464fa0302af915710e1) Importer(815301076,1909f56bfc062723c751e8b465ee728b)
Start importing Assets/Dialogue/B_1Chap/(1_8)Chap1.asset using Guid(21ba70fd53173464fa0302af915710e1) Importer(815301076,1909f56bfc062723c751e8b465ee728b)  -> (artifact id: '2b0d773ce5c744566e13878948d7edf6') in 0.021330 seconds 
========================================================================
Received Import Request.
  Time since last request: 25.177827 seconds.
  path: Assets/Dialogue/B_1Chap/(1_8)Chap1.asset
  artifactKey: Guid(21ba70fd53173464fa0302af915710e1) Importer(815301076,1909f56bfc062723c751e8b465ee728b)
Start importing Assets/Dialogue/B_1Chap/(1_8)Chap1.asset using Guid(21ba70fd53173464fa0302af915710e1) Importer(815301076,1909f56bfc062723c751e8b465ee728b)  -> (artifact id: '9e3e0f09ee3d827a0b2825ecfee7e888') in 0.016986 seconds 
========================================================================
Received Import Request.
  Time since last request: 48.785535 seconds.
  path: Assets/Dialogue/B_1Chap/(1_8)Chap1.asset
  artifactKey: Guid(21ba70fd53173464fa0302af915710e1) Importer(815301076,1909f56bfc062723c751e8b465ee728b)
Start importing Assets/Dialogue/B_1Chap/(1_8)Chap1.asset using Guid(21ba70fd53173464fa0302af915710e1) Importer(815301076,1909f56bfc062723c751e8b465ee728b)  -> (artifact id: 'b84bd29cd9fb58fa901cc8dce2a639ef') in 0.008730 seconds 
========================================================================
Received Import Request.
  Time since last request: 30.137139 seconds.
  path: Assets/Dialogue/B_1Chap/(1_8)Chap1.asset
  artifactKey: Guid(21ba70fd53173464fa0302af915710e1) Importer(815301076,1909f56bfc062723c751e8b465ee728b)
Start importing Assets/Dialogue/B_1Chap/(1_8)Chap1.asset using Guid(21ba70fd53173464fa0302af915710e1) Importer(815301076,1909f56bfc062723c751e8b465ee728b)  -> (artifact id: '42df20a61b21a31d05c50ee3129a9a0b') in 0.009642 seconds 
========================================================================
Received Import Request.
  Time since last request: 13.851526 seconds.
  path: Assets/Dialogue/B_1Chap/(1_8)Chap1.asset
  artifactKey: Guid(21ba70fd53173464fa0302af915710e1) Importer(815301076,1909f56bfc062723c751e8b465ee728b)
Start importing Assets/Dialogue/B_1Chap/(1_8)Chap1.asset using Guid(21ba70fd53173464fa0302af915710e1) Importer(815301076,1909f56bfc062723c751e8b465ee728b)  -> (artifact id: '550a0fea0e96dd982e8360f7a04fb9bf') in 0.009891 seconds 
========================================================================
Received Import Request.
  Time since last request: 22.116977 seconds.
  path: Assets/Dialogue/B_1Chap/(1_8)Chap1.asset
  artifactKey: Guid(21ba70fd53173464fa0302af915710e1) Importer(815301076,1909f56bfc062723c751e8b465ee728b)
Start importing Assets/Dialogue/B_1Chap/(1_8)Chap1.asset using Guid(21ba70fd53173464fa0302af915710e1) Importer(815301076,1909f56bfc062723c751e8b465ee728b)  -> (artifact id: 'f20d04841766ecd97696a5628fb1b14a') in 0.010934 seconds 
========================================================================
Received Import Request.
  Time since last request: 12.575371 seconds.
  path: Assets/Dialogue/B_1Chap/(1_8)Chap1.asset
  artifactKey: Guid(21ba70fd53173464fa0302af915710e1) Importer(815301076,1909f56bfc062723c751e8b465ee728b)
Start importing Assets/Dialogue/B_1Chap/(1_8)Chap1.asset using Guid(21ba70fd53173464fa0302af915710e1) Importer(815301076,1909f56bfc062723c751e8b465ee728b)  -> (artifact id: '39131f9e0353957ccd4bd7a385363180') in 0.012149 seconds 
========================================================================
Received Import Request.
  Time since last request: 31.218133 seconds.
  path: Assets/Dialogue/B_1Chap/(1_8)Chap1.asset
  artifactKey: Guid(21ba70fd53173464fa0302af915710e1) Importer(815301076,1909f56bfc062723c751e8b465ee728b)
Start importing Assets/Dialogue/B_1Chap/(1_8)Chap1.asset using Guid(21ba70fd53173464fa0302af915710e1) Importer(815301076,1909f56bfc062723c751e8b465ee728b)  -> (artifact id: '0c2ec9a16028319342fd74bffc6dc384') in 0.018346 seconds 
========================================================================
Received Import Request.
  Time since last request: 16.952975 seconds.
  path: Assets/Dialogue/B_1Chap/(1_8)Chap1.asset
  artifactKey: Guid(21ba70fd53173464fa0302af915710e1) Importer(815301076,1909f56bfc062723c751e8b465ee728b)
Start importing Assets/Dialogue/B_1Chap/(1_8)Chap1.asset using Guid(21ba70fd53173464fa0302af915710e1) Importer(815301076,1909f56bfc062723c751e8b465ee728b)  -> (artifact id: '281eaa24c273835e14200a76a2649ac6') in 0.013270 seconds 
========================================================================
Received Import Request.
  Time since last request: 24.460511 seconds.
  path: Assets/Dialogue/B_1Chap/(1_8)Chap1.asset
  artifactKey: Guid(21ba70fd53173464fa0302af915710e1) Importer(815301076,1909f56bfc062723c751e8b465ee728b)
Start importing Assets/Dialogue/B_1Chap/(1_8)Chap1.asset using Guid(21ba70fd53173464fa0302af915710e1) Importer(815301076,1909f56bfc062723c751e8b465ee728b)  -> (artifact id: '5aed289f4c46b7fd32d65451e2e0e433') in 0.021927 seconds 
========================================================================
Received Import Request.
  Time since last request: 7.715218 seconds.
  path: Assets/Dialogue/B_1Chap/(1_8)Chap1.asset
  artifactKey: Guid(21ba70fd53173464fa0302af915710e1) Importer(815301076,1909f56bfc062723c751e8b465ee728b)
Start importing Assets/Dialogue/B_1Chap/(1_8)Chap1.asset using Guid(21ba70fd53173464fa0302af915710e1) Importer(815301076,1909f56bfc062723c751e8b465ee728b)  -> (artifact id: 'd31695e1c225ae404be7d3fc49050292') in 0.011663 seconds 
========================================================================
Received Import Request.
  Time since last request: 163.236631 seconds.
  path: Assets/Dialogue/B_1Chap/(1_8)Chap1.asset
  artifactKey: Guid(21ba70fd53173464fa0302af915710e1) Importer(815301076,1909f56bfc062723c751e8b465ee728b)
Start importing Assets/Dialogue/B_1Chap/(1_8)Chap1.asset using Guid(21ba70fd53173464fa0302af915710e1) Importer(815301076,1909f56bfc062723c751e8b465ee728b)  -> (artifact id: '067ce69ffa2c193979f1c753443b5e52') in 0.017308 seconds 
========================================================================
Received Import Request.
  Time since last request: 21.888108 seconds.
  path: Assets/Dialogue/B_1Chap/(1_8)Chap1.asset
  artifactKey: Guid(21ba70fd53173464fa0302af915710e1) Importer(815301076,1909f56bfc062723c751e8b465ee728b)
Start importing Assets/Dialogue/B_1Chap/(1_8)Chap1.asset using Guid(21ba70fd53173464fa0302af915710e1) Importer(815301076,1909f56bfc062723c751e8b465ee728b)  -> (artifact id: '496cf92064220b4a8ab7ef1d976121c0') in 0.013623 seconds 
========================================================================
Received Import Request.
  Time since last request: 13.714203 seconds.
  path: Assets/Scenes/A_Prologue/1-1_Pro_Dialogue1 1.unity
  artifactKey: Guid(ffe77fdbce0682d4e87241e849994139) Importer(815301076,1909f56bfc062723c751e8b465ee728b)
Start importing Assets/Scenes/A_Prologue/1-1_Pro_Dialogue1 1.unity using Guid(ffe77fdbce0682d4e87241e849994139) Importer(815301076,1909f56bfc062723c751e8b465ee728b)  -> (artifact id: '0c7cff8f16fd43d843c34877e63f4be4') in 0.012102 seconds 
========================================================================
Received Import Request.
  Time since last request: 88.484118 seconds.
  path: Assets/Scenes/A_Prologue/1-1_Pro_Dialogue1 1.unity
  artifactKey: Guid(ffe77fdbce0682d4e87241e849994139) Importer(815301076,1909f56bfc062723c751e8b465ee728b)
Start importing Assets/Scenes/A_Prologue/1-1_Pro_Dialogue1 1.unity using Guid(ffe77fdbce0682d4e87241e849994139) Importer(815301076,1909f56bfc062723c751e8b465ee728b)  -> (artifact id: '8f14b16512d816709e0374cd52306ef4') in 0.009712 seconds 
========================================================================
Received Import Request.
  Time since last request: 11.201083 seconds.
  path: Assets/Scenes/A_Prologue/0_Pro_Dialogue1.unity
  artifactKey: Guid(2cda990e2423bbf4892e6590ba056729) Importer(815301076,1909f56bfc062723c751e8b465ee728b)
Start importing Assets/Scenes/A_Prologue/0_Pro_Dialogue1.unity using Guid(2cda990e2423bbf4892e6590ba056729) Importer(815301076,1909f56bfc062723c751e8b465ee728b)  -> (artifact id: '0d44d46b64b5e6b3357b88f06c7247d3') in 0.016106 seconds 
========================================================================
Received Prepare
Registering precompiled user dll's ...
Registered in 0.014607 seconds.
Begin MonoManager ReloadAssembly
Symbol file LoadedFromMemory doesn't match image E:\AfterSchool\AfterSchool\Library\PackageCache\com.unity.visualscripting@1.6.1\Editor\VisualScripting.Core\Dependencies\YamlDotNet\Unity.VisualScripting.YamlDotNet.dll
Symbol file LoadedFromMemory doesn't match image E:\AfterSchool\AfterSchool\Library\PackageCache\com.unity.visualscripting@1.6.1\Editor\VisualScripting.Core\Dependencies\DotNetZip\Unity.VisualScripting.IonicZip.dll
Native extension for WindowsStandalone target not found
Refreshing native plugins compatible for Editor in 0.98 ms, found 4 plugins.
Preloading 0 native plugins for Editor in 0.00 ms.
Mono: successfully reloaded assembly
- Completed reload, in  2.212 seconds
Domain Reload Profiling:
	ReloadAssembly (2212ms)
		BeginReloadAssembly (246ms)
			ExecutionOrderSort (0ms)
			DisableScriptedObjects (12ms)
			BackupInstance (0ms)
			ReleaseScriptingObjects (0ms)
			CreateAndSetChildDomain (68ms)
		EndReloadAssembly (1865ms)
			LoadAssemblies (236ms)
			RebuildTransferFunctionScriptingTraits (0ms)
			SetupTypeCache (673ms)
			ReleaseScriptCaches (2ms)
			RebuildScriptCaches (75ms)
			SetupLoadedEditorAssemblies (700ms)
				LogAssemblyErrors (0ms)
				InitializePlatformSupportModulesInManaged (8ms)
				SetLoadedEditorAssemblies (1ms)
				RefreshPlugins (1ms)
				BeforeProcessingInitializeOnLoad (107ms)
				ProcessInitializeOnLoadAttributes (560ms)
				ProcessInitializeOnLoadMethodAttributes (17ms)
				AfterProcessingInitializeOnLoad (7ms)
				EditorAssembliesLoaded (0ms)
			ExecutionOrderSort2 (0ms)
			AwakeInstancesAfterBackupRestoration (48ms)
Platform modules already initialized, skipping
Refreshing native plugins compatible for Editor in 2.63 ms, found 4 plugins.
Preloading 0 native plugins for Editor in 0.00 ms.
Unloading 3733 Unused Serialized files (Serialized files now loaded: 0)
System memory in use before: 139.8 MB.
System memory in use after: 140.0 MB.

Unloading 18 unused Assets to reduce memory usage. Loaded Objects now: 4230.
Total: 8.687368 ms (FindLiveObjects: 0.522571 ms CreateObjectMapping: 0.490099 ms MarkObjects: 7.626745 ms  DeleteObjects: 0.046442 ms)

AssetImportParameters requested are different than current active one (requested -> active):
  custom:framework-win-MediaFoundation: 216162199b28c13a410421893ffa2e32 -> 
  custom:video-decoder-ogg-theora: a1e56fd34408186e4bbccfd4996cb3dc -> 
  custom:container-muxer-webm: aa71ff27fc2769a1b78a27578f13a17b -> 
  custom:container-demuxer-webm: 4f35f7cbe854078d1ac9338744f61a02 -> 
  custom:container-demuxer-ogg: 62fdf1f143b41e24485cea50d1cbac27 -> 
  custom:video-encoder-webm-vp8: eb34c28f22e8b96e1ab97ce403110664 -> 
  custom:video-codec-MediaFoundation-h265: 746d11721c4dcdbdad8f713fa42b33f4 -> 
  custom:video-decoder-webm-vp8: 9c59270c3fd7afecdb556c50c9e8de78 -> 
  custom:audio-decoder-ogg-vorbis: bf7c407c2cedff20999df2af8eb42d56 -> 
  custom:audio-encoder-webm-vorbis: bf7c407c2cedff20999df2af8eb42d56 -> 
========================================================================
Received Import Request.
  Time since last request: 36.975919 seconds.
  path: Assets/Scenes/A_Prologue/1-1_Pro_Dialogue1 1.unity
  artifactKey: Guid(ffe77fdbce0682d4e87241e849994139) Importer(815301076,1909f56bfc062723c751e8b465ee728b)
Start importing Assets/Scenes/A_Prologue/1-1_Pro_Dialogue1 1.unity using Guid(ffe77fdbce0682d4e87241e849994139) Importer(815301076,1909f56bfc062723c751e8b465ee728b)  -> (artifact id: '0947150689f5c38d2da05422329705a4') in 0.025975 seconds 
========================================================================
Received Import Request.
  Time since last request: 20.402390 seconds.
  path: Assets/Scenes/A_Prologue/1-1_Pro_Dialogue1 1.unity
  artifactKey: Guid(ffe77fdbce0682d4e87241e849994139) Importer(815301076,1909f56bfc062723c751e8b465ee728b)
Start importing Assets/Scenes/A_Prologue/1-1_Pro_Dialogue1 1.unity using Guid(ffe77fdbce0682d4e87241e849994139) Importer(815301076,1909f56bfc062723c751e8b465ee728b)  -> (artifact id: '48b509178b882bf52d4671ce566785e0') in 0.011095 seconds 
========================================================================
Received Import Request.
  Time since last request: 29.086522 seconds.
  path: Assets/Scenes/A_Prologue/1-1_Pro_Dialogue1 1.unity
  artifactKey: Guid(ffe77fdbce0682d4e87241e849994139) Importer(815301076,1909f56bfc062723c751e8b465ee728b)
Start importing Assets/Scenes/A_Prologue/1-1_Pro_Dialogue1 1.unity using Guid(ffe77fdbce0682d4e87241e849994139) Importer(815301076,1909f56bfc062723c751e8b465ee728b)  -> (artifact id: '0de774fde2ccf2e38787225a5287580d') in 0.013320 seconds 
========================================================================
Received Prepare
Registering precompiled user dll's ...
Registered in 0.010764 seconds.
Begin MonoManager ReloadAssembly
Symbol file LoadedFromMemory doesn't match image E:\AfterSchool\AfterSchool\Library\PackageCache\com.unity.visualscripting@1.6.1\Editor\VisualScripting.Core\Dependencies\YamlDotNet\Unity.VisualScripting.YamlDotNet.dll
Symbol file LoadedFromMemory doesn't match image E:\AfterSchool\AfterSchool\Library\PackageCache\com.unity.visualscripting@1.6.1\Editor\VisualScripting.Core\Dependencies\DotNetZip\Unity.VisualScripting.IonicZip.dll
Native extension for WindowsStandalone target not found
Refreshing native plugins compatible for Editor in 1.35 ms, found 4 plugins.
Preloading 0 native plugins for Editor in 0.00 ms.
Mono: successfully reloaded assembly
- Completed reload, in  2.414 seconds
Domain Reload Profiling:
	ReloadAssembly (2414ms)
		BeginReloadAssembly (266ms)
			ExecutionOrderSort (0ms)
			DisableScriptedObjects (10ms)
			BackupInstance (0ms)
			ReleaseScriptingObjects (0ms)
			CreateAndSetChildDomain (74ms)
		EndReloadAssembly (2048ms)
			LoadAssemblies (327ms)
			RebuildTransferFunctionScriptingTraits (0ms)
			SetupTypeCache (655ms)
			ReleaseScriptCaches (2ms)
			RebuildScriptCaches (74ms)
			SetupLoadedEditorAssemblies (843ms)
				LogAssemblyErrors (0ms)
				InitializePlatformSupportModulesInManaged (12ms)
				SetLoadedEditorAssemblies (1ms)
				RefreshPlugins (2ms)
				BeforeProcessingInitializeOnLoad (223ms)
				ProcessInitializeOnLoadAttributes (578ms)
				ProcessInitializeOnLoadMethodAttributes (21ms)
				AfterProcessingInitializeOnLoad (7ms)
				EditorAssembliesLoaded (0ms)
			ExecutionOrderSort2 (0ms)
			AwakeInstancesAfterBackupRestoration (20ms)
Platform modules already initialized, skipping
Refreshing native plugins compatible for Editor in 1.95 ms, found 4 plugins.
Preloading 0 native plugins for Editor in 0.00 ms.
Unloading 3733 Unused Serialized files (Serialized files now loaded: 0)
System memory in use before: 139.8 MB.
System memory in use after: 140.0 MB.

Unloading 18 unused Assets to reduce memory usage. Loaded Objects now: 4233.
Total: 8.109670 ms (FindLiveObjects: 0.609792 ms CreateObjectMapping: 0.459893 ms MarkObjects: 6.997696 ms  DeleteObjects: 0.040401 ms)

AssetImportParameters requested are different than current active one (requested -> active):
  custom:framework-win-MediaFoundation: 216162199b28c13a410421893ffa2e32 -> 
  custom:video-decoder-ogg-theora: a1e56fd34408186e4bbccfd4996cb3dc -> 
  custom:container-muxer-webm: aa71ff27fc2769a1b78a27578f13a17b -> 
  custom:container-demuxer-webm: 4f35f7cbe854078d1ac9338744f61a02 -> 
  custom:container-demuxer-ogg: 62fdf1f143b41e24485cea50d1cbac27 -> 
  custom:video-encoder-webm-vp8: eb34c28f22e8b96e1ab97ce403110664 -> 
  custom:video-codec-MediaFoundation-h265: 746d11721c4dcdbdad8f713fa42b33f4 -> 
  custom:video-decoder-webm-vp8: 9c59270c3fd7afecdb556c50c9e8de78 -> 
  custom:audio-decoder-ogg-vorbis: bf7c407c2cedff20999df2af8eb42d56 -> 
  custom:audio-encoder-webm-vorbis: bf7c407c2cedff20999df2af8eb42d56 -> 
========================================================================
Received Import Request.
  Time since last request: 70.418293 seconds.
  path: Assets/Scenes/A_Prologue/1-1_Pro_Dialogue1 1.unity
  artifactKey: Guid(ffe77fdbce0682d4e87241e849994139) Importer(815301076,1909f56bfc062723c751e8b465ee728b)
Start importing Assets/Scenes/A_Prologue/1-1_Pro_Dialogue1 1.unity using Guid(ffe77fdbce0682d4e87241e849994139) Importer(815301076,1909f56bfc062723c751e8b465ee728b)  -> (artifact id: '46bc3704d0f5aa6fa70155e55140d0bd') in 0.028087 seconds 
========================================================================
Received Prepare
Registering precompiled user dll's ...
Registered in 0.019134 seconds.
Begin MonoManager ReloadAssembly
Symbol file LoadedFromMemory doesn't match image E:\AfterSchool\AfterSchool\Library\PackageCache\com.unity.visualscripting@1.6.1\Editor\VisualScripting.Core\Dependencies\YamlDotNet\Unity.VisualScripting.YamlDotNet.dll
Symbol file LoadedFromMemory doesn't match image E:\AfterSchool\AfterSchool\Library\PackageCache\com.unity.visualscripting@1.6.1\Editor\VisualScripting.Core\Dependencies\DotNetZip\Unity.VisualScripting.IonicZip.dll
Native extension for WindowsStandalone target not found
Refreshing native plugins compatible for Editor in 0.96 ms, found 4 plugins.
Preloading 0 native plugins for Editor in 0.00 ms.
Mono: successfully reloaded assembly
- Completed reload, in  2.180 seconds
Domain Reload Profiling:
	ReloadAssembly (2181ms)
		BeginReloadAssembly (239ms)
			ExecutionOrderSort (0ms)
			DisableScriptedObjects (11ms)
			BackupInstance (0ms)
			ReleaseScriptingObjects (0ms)
			CreateAndSetChildDomain (61ms)
		EndReloadAssembly (1841ms)
			LoadAssemblies (238ms)
			RebuildTransferFunctionScriptingTraits (0ms)
			SetupTypeCache (774ms)
			ReleaseScriptCaches (2ms)
			RebuildScriptCaches (97ms)
			SetupLoadedEditorAssemblies (496ms)
				LogAssemblyErrors (0ms)
				InitializePlatformSupportModulesInManaged (7ms)
				SetLoadedEditorAssemblies (1ms)
				RefreshPlugins (1ms)
				BeforeProcessingInitializeOnLoad (100ms)
				ProcessInitializeOnLoadAttributes (347ms)
				ProcessInitializeOnLoadMethodAttributes (27ms)
				AfterProcessingInitializeOnLoad (13ms)
				EditorAssembliesLoaded (0ms)
			ExecutionOrderSort2 (0ms)
			AwakeInstancesAfterBackupRestoration (34ms)
Platform modules already initialized, skipping
Refreshing native plugins compatible for Editor in 1.84 ms, found 4 plugins.
Preloading 0 native plugins for Editor in 0.00 ms.
Unloading 3733 Unused Serialized files (Serialized files now loaded: 0)
System memory in use before: 139.8 MB.
System memory in use after: 140.0 MB.

Unloading 18 unused Assets to reduce memory usage. Loaded Objects now: 4236.
Total: 7.428893 ms (FindLiveObjects: 0.475374 ms CreateObjectMapping: 0.348884 ms MarkObjects: 6.563479 ms  DeleteObjects: 0.039646 ms)

AssetImportParameters requested are different than current active one (requested -> active):
  custom:framework-win-MediaFoundation: 216162199b28c13a410421893ffa2e32 -> 
  custom:video-decoder-ogg-theora: a1e56fd34408186e4bbccfd4996cb3dc -> 
  custom:container-muxer-webm: aa71ff27fc2769a1b78a27578f13a17b -> 
  custom:container-demuxer-webm: 4f35f7cbe854078d1ac9338744f61a02 -> 
  custom:container-demuxer-ogg: 62fdf1f143b41e24485cea50d1cbac27 -> 
  custom:video-encoder-webm-vp8: eb34c28f22e8b96e1ab97ce403110664 -> 
  custom:video-codec-MediaFoundation-h265: 746d11721c4dcdbdad8f713fa42b33f4 -> 
  custom:video-decoder-webm-vp8: 9c59270c3fd7afecdb556c50c9e8de78 -> 
  custom:audio-decoder-ogg-vorbis: bf7c407c2cedff20999df2af8eb42d56 -> 
  custom:audio-encoder-webm-vorbis: bf7c407c2cedff20999df2af8eb42d56 -> 
========================================================================
Received Prepare
Registering precompiled user dll's ...
Registered in 0.012545 seconds.
Begin MonoManager ReloadAssembly
Symbol file LoadedFromMemory doesn't match image E:\AfterSchool\AfterSchool\Library\PackageCache\com.unity.visualscripting@1.6.1\Editor\VisualScripting.Core\Dependencies\YamlDotNet\Unity.VisualScripting.YamlDotNet.dll
Symbol file LoadedFromMemory doesn't match image E:\AfterSchool\AfterSchool\Library\PackageCache\com.unity.visualscripting@1.6.1\Editor\VisualScripting.Core\Dependencies\DotNetZip\Unity.VisualScripting.IonicZip.dll
Native extension for WindowsStandalone target not found
Refreshing native plugins compatible for Editor in 1.18 ms, found 4 plugins.
Preloading 0 native plugins for Editor in 0.00 ms.
Mono: successfully reloaded assembly
- Completed reload, in  2.715 seconds
Domain Reload Profiling:
	ReloadAssembly (2716ms)
		BeginReloadAssembly (286ms)
			ExecutionOrderSort (0ms)
			DisableScriptedObjects (10ms)
			BackupInstance (0ms)
			ReleaseScriptingObjects (0ms)
			CreateAndSetChildDomain (91ms)
		EndReloadAssembly (2227ms)
			LoadAssemblies (285ms)
			RebuildTransferFunctionScriptingTraits (0ms)
			SetupTypeCache (770ms)
			ReleaseScriptCaches (3ms)
			RebuildScriptCaches (187ms)
			SetupLoadedEditorAssemblies (831ms)
				LogAssemblyErrors (0ms)
				InitializePlatformSupportModulesInManaged (8ms)
				SetLoadedEditorAssemblies (1ms)
				RefreshPlugins (1ms)
				BeforeProcessingInitializeOnLoad (134ms)
				ProcessInitializeOnLoadAttributes (657ms)
				ProcessInitializeOnLoadMethodAttributes (23ms)
				AfterProcessingInitializeOnLoad (7ms)
				EditorAssembliesLoaded (0ms)
			ExecutionOrderSort2 (0ms)
			AwakeInstancesAfterBackupRestoration (19ms)
Platform modules already initialized, skipping
Refreshing native plugins compatible for Editor in 0.91 ms, found 4 plugins.
Preloading 0 native plugins for Editor in 0.00 ms.
Unloading 3733 Unused Serialized files (Serialized files now loaded: 0)
System memory in use before: 139.8 MB.
System memory in use after: 140.0 MB.

Unloading 18 unused Assets to reduce memory usage. Loaded Objects now: 4239.
Total: 5.800767 ms (FindLiveObjects: 0.376448 ms CreateObjectMapping: 0.296401 ms MarkObjects: 5.052025 ms  DeleteObjects: 0.074006 ms)

AssetImportParameters requested are different than current active one (requested -> active):
  custom:framework-win-MediaFoundation: 216162199b28c13a410421893ffa2e32 -> 
  custom:video-decoder-ogg-theora: a1e56fd34408186e4bbccfd4996cb3dc -> 
  custom:container-muxer-webm: aa71ff27fc2769a1b78a27578f13a17b -> 
  custom:container-demuxer-webm: 4f35f7cbe854078d1ac9338744f61a02 -> 
  custom:container-demuxer-ogg: 62fdf1f143b41e24485cea50d1cbac27 -> 
  custom:video-encoder-webm-vp8: eb34c28f22e8b96e1ab97ce403110664 -> 
  custom:video-codec-MediaFoundation-h265: 746d11721c4dcdbdad8f713fa42b33f4 -> 
  custom:video-decoder-webm-vp8: 9c59270c3fd7afecdb556c50c9e8de78 -> 
  custom:audio-decoder-ogg-vorbis: bf7c407c2cedff20999df2af8eb42d56 -> 
  custom:audio-encoder-webm-vorbis: bf7c407c2cedff20999df2af8eb42d56 -> 
========================================================================
Received Prepare
Registering precompiled user dll's ...
Registered in 0.013404 seconds.
Begin MonoManager ReloadAssembly
Symbol file LoadedFromMemory doesn't match image E:\AfterSchool\AfterSchool\Library\PackageCache\com.unity.visualscripting@1.6.1\Editor\VisualScripting.Core\Dependencies\YamlDotNet\Unity.VisualScripting.YamlDotNet.dll
Symbol file LoadedFromMemory doesn't match image E:\AfterSchool\AfterSchool\Library\PackageCache\com.unity.visualscripting@1.6.1\Editor\VisualScripting.Core\Dependencies\DotNetZip\Unity.VisualScripting.IonicZip.dll
Native extension for WindowsStandalone target not found
Refreshing native plugins compatible for Editor in 1.46 ms, found 4 plugins.
Preloading 0 native plugins for Editor in 0.00 ms.
Mono: successfully reloaded assembly
- Completed reload, in  3.949 seconds
Domain Reload Profiling:
	ReloadAssembly (3950ms)
		BeginReloadAssembly (757ms)
			ExecutionOrderSort (0ms)
			DisableScriptedObjects (11ms)
			BackupInstance (0ms)
			ReleaseScriptingObjects (0ms)
			CreateAndSetChildDomain (54ms)
		EndReloadAssembly (3079ms)
			LoadAssemblies (750ms)
			RebuildTransferFunctionScriptingTraits (0ms)
			SetupTypeCache (998ms)
			ReleaseScriptCaches (3ms)
			RebuildScriptCaches (143ms)
			SetupLoadedEditorAssemblies (1168ms)
				LogAssemblyErrors (0ms)
				InitializePlatformSupportModulesInManaged (24ms)
				SetLoadedEditorAssemblies (2ms)
				RefreshPlugins (2ms)
				BeforeProcessingInitializeOnLoad (225ms)
				ProcessInitializeOnLoadAttributes (897ms)
				ProcessInitializeOnLoadMethodAttributes (13ms)
				AfterProcessingInitializeOnLoad (5ms)
				EditorAssembliesLoaded (0ms)
			ExecutionOrderSort2 (0ms)
			AwakeInstancesAfterBackupRestoration (20ms)
Platform modules already initialized, skipping
Refreshing native plugins compatible for Editor in 1.69 ms, found 4 plugins.
Preloading 0 native plugins for Editor in 0.00 ms.
Unloading 3733 Unused Serialized files (Serialized files now loaded: 0)
System memory in use before: 139.8 MB.
System memory in use after: 140.1 MB.

Unloading 18 unused Assets to reduce memory usage. Loaded Objects now: 4242.
Total: 8.936949 ms (FindLiveObjects: 0.587137 ms CreateObjectMapping: 0.626406 ms MarkObjects: 7.675076 ms  DeleteObjects: 0.046442 ms)

AssetImportParameters requested are different than current active one (requested -> active):
  custom:framework-win-MediaFoundation: 216162199b28c13a410421893ffa2e32 -> 
  custom:video-decoder-ogg-theora: a1e56fd34408186e4bbccfd4996cb3dc -> 
  custom:container-muxer-webm: aa71ff27fc2769a1b78a27578f13a17b -> 
  custom:container-demuxer-webm: 4f35f7cbe854078d1ac9338744f61a02 -> 
  custom:container-demuxer-ogg: 62fdf1f143b41e24485cea50d1cbac27 -> 
  custom:video-encoder-webm-vp8: eb34c28f22e8b96e1ab97ce403110664 -> 
  custom:video-codec-MediaFoundation-h265: 746d11721c4dcdbdad8f713fa42b33f4 -> 
  custom:video-decoder-webm-vp8: 9c59270c3fd7afecdb556c50c9e8de78 -> 
  custom:audio-decoder-ogg-vorbis: bf7c407c2cedff20999df2af8eb42d56 -> 
  custom:audio-encoder-webm-vorbis: bf7c407c2cedff20999df2af8eb42d56 -> 
