Using pre-set license
Built from '2021.1/staging' branch; Version is '2021.1.24f1 (6667702a1e7c) revision 6711152'; Using compiler version '192528614'; Build Type 'Release'
OS: 'Windows 10 Education; OS build 17134.2026; Version 1803; 64bit' Language: 'ko' Physical Memory: 7860 MB
BatchMode: 1, IsHumanControllingUs: 0, StartBugReporterOnCrash: 0, Is64bit: 1, IsPro: 0

COMMAND LINE ARGUMENTS:
E:\새 폴더\2021.1.24f1\Editor\Unity.exe
-adb2
-batchMode
-noUpm
-name
AssetImportWorker3
-projectPath
E:/AfterSchool/AfterSchool
-logFile
Logs/AssetImportWorker3.log
-srvPort
59769
Successfully changed project path to: E:/AfterSchool/AfterSchool
E:/AfterSchool/AfterSchool
Using Asset Import Pipeline V2.
Refreshing native plugins compatible for Editor in 616.57 ms, found 4 plugins.
Preloading 0 native plugins for Editor in 0.00 ms.
Initialize engine version: 2021.1.24f1 (6667702a1e7c)
[Subsystems] Discovering subsystems at path E:/새 폴더/2021.1.24f1/Editor/Data/Resources/UnitySubsystems
[Subsystems] Discovering subsystems at path E:/AfterSchool/AfterSchool/Assets
GfxDevice: creating device client; threaded=0; jobified=0
Direct3D:
    Version:  Direct3D 11.0 [level 11.1]
    Renderer: Intel(R) HD Graphics 620 (ID=0x5916)
    Vendor:   Intel
    VRAM:     3930 MB
    Driver:   23.20.16.4849
Initialize mono
Mono path[0] = 'E:/새 폴더/2021.1.24f1/Editor/Data/Managed'
Mono path[1] = 'E:/새 폴더/2021.1.24f1/Editor/Data/MonoBleedingEdge/lib/mono/unityjit'
Mono config path = 'E:/새 폴더/2021.1.24f1/Editor/Data/MonoBleedingEdge/etc'
Using monoOptions --debugger-agent=transport=dt_socket,embedding=1,server=y,suspend=n,address=127.0.0.1:56576
Begin MonoManager ReloadAssembly
Registering precompiled unity dll's ...
Register platform support module: E:/새 폴더/2021.1.24f1/Editor/Data/PlaybackEngines/WindowsStandaloneSupport/UnityEditor.WindowsStandalone.Extensions.dll
Registered in 0.004950 seconds.
Native extension for WindowsStandalone target not found
Refreshing native plugins compatible for Editor in 468.60 ms, found 4 plugins.
Preloading 0 native plugins for Editor in 0.00 ms.
Mono: successfully reloaded assembly
- Completed reload, in  8.601 seconds
Domain Reload Profiling:
	ReloadAssembly (8601ms)
		BeginReloadAssembly (342ms)
			ExecutionOrderSort (0ms)
			DisableScriptedObjects (0ms)
			BackupInstance (0ms)
			ReleaseScriptingObjects (0ms)
			CreateAndSetChildDomain (3ms)
		EndReloadAssembly (2112ms)
			LoadAssemblies (338ms)
			RebuildTransferFunctionScriptingTraits (0ms)
			SetupTypeCache (915ms)
			ReleaseScriptCaches (0ms)
			RebuildScriptCaches (114ms)
			SetupLoadedEditorAssemblies (920ms)
				LogAssemblyErrors (0ms)
				InitializePlatformSupportModulesInManaged (19ms)
				SetLoadedEditorAssemblies (1ms)
				RefreshPlugins (469ms)
				BeforeProcessingInitializeOnLoad (6ms)
				ProcessInitializeOnLoadAttributes (327ms)
				ProcessInitializeOnLoadMethodAttributes (99ms)
				AfterProcessingInitializeOnLoad (0ms)
				EditorAssembliesLoaded (1ms)
			ExecutionOrderSort2 (0ms)
			AwakeInstancesAfterBackupRestoration (0ms)
Platform modules already initialized, skipping
Registering precompiled user dll's ...
Registered in 0.020800 seconds.
Begin MonoManager ReloadAssembly
Symbol file LoadedFromMemory doesn't match image E:\AfterSchool\AfterSchool\Library\PackageCache\com.unity.visualscripting@1.6.1\Editor\VisualScripting.Core\Dependencies\YamlDotNet\Unity.VisualScripting.YamlDotNet.dll
Symbol file LoadedFromMemory doesn't match image E:\AfterSchool\AfterSchool\Library\PackageCache\com.unity.visualscripting@1.6.1\Editor\VisualScripting.Core\Dependencies\DotNetZip\Unity.VisualScripting.IonicZip.dll
Native extension for WindowsStandalone target not found
Refreshing native plugins compatible for Editor in 432.17 ms, found 4 plugins.
Preloading 0 native plugins for Editor in 0.00 ms.
Mono: successfully reloaded assembly
- Completed reload, in  5.521 seconds
Domain Reload Profiling:
	ReloadAssembly (5523ms)
		BeginReloadAssembly (705ms)
			ExecutionOrderSort (0ms)
			DisableScriptedObjects (15ms)
			BackupInstance (0ms)
			ReleaseScriptingObjects (0ms)
			CreateAndSetChildDomain (63ms)
		EndReloadAssembly (4635ms)
			LoadAssemblies (856ms)
			RebuildTransferFunctionScriptingTraits (0ms)
			SetupTypeCache (1299ms)
			ReleaseScriptCaches (1ms)
			RebuildScriptCaches (344ms)
			SetupLoadedEditorAssemblies (1841ms)
				LogAssemblyErrors (0ms)
				InitializePlatformSupportModulesInManaged (10ms)
				SetLoadedEditorAssemblies (1ms)
				RefreshPlugins (432ms)
				BeforeProcessingInitializeOnLoad (475ms)
				ProcessInitializeOnLoadAttributes (858ms)
				ProcessInitializeOnLoadMethodAttributes (52ms)
				AfterProcessingInitializeOnLoad (12ms)
				EditorAssembliesLoaded (0ms)
			ExecutionOrderSort2 (0ms)
			AwakeInstancesAfterBackupRestoration (51ms)
Platform modules already initialized, skipping
========================================================================
Worker process is ready to serve import requests
Launched and connected shader compiler UnityShaderCompiler.exe after 0.15 seconds
Refreshing native plugins compatible for Editor in 2.45 ms, found 4 plugins.
Preloading 0 native plugins for Editor in 0.00 ms.
Unloading 5058 Unused Serialized files (Serialized files now loaded: 0)
System memory in use before: 198.9 MB.
System memory in use after: 199.4 MB.

Unloading 30 unused Assets to reduce memory usage. Loaded Objects now: 5511.
Total: 48.516577 ms (FindLiveObjects: 1.122550 ms CreateObjectMapping: 0.831434 ms MarkObjects: 46.202002 ms  DeleteObjects: 0.357947 ms)

AssetImportParameters requested are different than current active one (requested -> active):
  custom:framework-win-MediaFoundation: 216162199b28c13a410421893ffa2e32 -> 
  custom:video-decoder-ogg-theora: a1e56fd34408186e4bbccfd4996cb3dc -> 
  custom:container-muxer-webm: aa71ff27fc2769a1b78a27578f13a17b -> 
  custom:container-demuxer-webm: 4f35f7cbe854078d1ac9338744f61a02 -> 
  custom:container-demuxer-ogg: 62fdf1f143b41e24485cea50d1cbac27 -> 
  custom:video-encoder-webm-vp8: eb34c28f22e8b96e1ab97ce403110664 -> 
  custom:video-codec-MediaFoundation-h265: 746d11721c4dcdbdad8f713fa42b33f4 -> 
  custom:video-decoder-webm-vp8: 9c59270c3fd7afecdb556c50c9e8de78 -> 
  custom:audio-decoder-ogg-vorbis: bf7c407c2cedff20999df2af8eb42d56 -> 
  custom:audio-encoder-webm-vorbis: bf7c407c2cedff20999df2af8eb42d56 -> 
========================================================================
Received Import Request.
  path: Assets/Dialogue/D_3Chap/(3_21)Chap3.asset
  artifactKey: Guid(5786bb909872ef84e921bdc4647dbdf4) Importer(815301076,1909f56bfc062723c751e8b465ee728b)
Start importing Assets/Dialogue/D_3Chap/(3_21)Chap3.asset using Guid(5786bb909872ef84e921bdc4647dbdf4) Importer(815301076,1909f56bfc062723c751e8b465ee728b)  -> (artifact id: 'dfbd73d99ebc7a0a0ba523df241593c9') in 0.178429 seconds 
========================================================================
Received Import Request.
  Time since last request: 0.557603 seconds.
  path: Assets/Dialogue/D_3Chap/(3_21)Chap3.asset
  artifactKey: Guid(5786bb909872ef84e921bdc4647dbdf4) Importer(815301076,1909f56bfc062723c751e8b465ee728b)
Start importing Assets/Dialogue/D_3Chap/(3_21)Chap3.asset using Guid(5786bb909872ef84e921bdc4647dbdf4) Importer(815301076,1909f56bfc062723c751e8b465ee728b)  -> (artifact id: '2251311d8eff4305f8312a1ac4cd05a2') in 0.016839 seconds 
========================================================================
Received Import Request.
  Time since last request: 21.760027 seconds.
  path: Assets/Dialogue/D_3Chap/(3_21)Chap3.asset
  artifactKey: Guid(5786bb909872ef84e921bdc4647dbdf4) Importer(815301076,1909f56bfc062723c751e8b465ee728b)
Start importing Assets/Dialogue/D_3Chap/(3_21)Chap3.asset using Guid(5786bb909872ef84e921bdc4647dbdf4) Importer(815301076,1909f56bfc062723c751e8b465ee728b)  -> (artifact id: '9e923653d6e09d6bb820021e2fbbb7ba') in 0.011696 seconds 
========================================================================
Received Import Request.
  Time since last request: 15.406895 seconds.
  path: Assets/Dialogue/D_3Chap/(3_21)Chap3.asset
  artifactKey: Guid(5786bb909872ef84e921bdc4647dbdf4) Importer(815301076,1909f56bfc062723c751e8b465ee728b)
Start importing Assets/Dialogue/D_3Chap/(3_21)Chap3.asset using Guid(5786bb909872ef84e921bdc4647dbdf4) Importer(815301076,1909f56bfc062723c751e8b465ee728b)  -> (artifact id: '48a0135e42a0b0202b582920e788de30') in 0.016881 seconds 
========================================================================
Received Import Request.
  Time since last request: 11.102868 seconds.
  path: Assets/Dialogue/D_3Chap/(3_21)Chap3.asset
  artifactKey: Guid(5786bb909872ef84e921bdc4647dbdf4) Importer(815301076,1909f56bfc062723c751e8b465ee728b)
Start importing Assets/Dialogue/D_3Chap/(3_21)Chap3.asset using Guid(5786bb909872ef84e921bdc4647dbdf4) Importer(815301076,1909f56bfc062723c751e8b465ee728b)  -> (artifact id: '56930add0a5fe16b81fe2c80c3e176fa') in 0.011626 seconds 
========================================================================
Received Import Request.
  Time since last request: 8.503033 seconds.
  path: Assets/Dialogue/D_3Chap/(3_21)Chap3.asset
  artifactKey: Guid(5786bb909872ef84e921bdc4647dbdf4) Importer(815301076,1909f56bfc062723c751e8b465ee728b)
Start importing Assets/Dialogue/D_3Chap/(3_21)Chap3.asset using Guid(5786bb909872ef84e921bdc4647dbdf4) Importer(815301076,1909f56bfc062723c751e8b465ee728b)  -> (artifact id: 'e8eb725e85ac6704fdafa0075f350dc4') in 0.012489 seconds 
========================================================================
Received Import Request.
  Time since last request: 38.218861 seconds.
  path: Assets/Dialogue/D_3Chap/(3_21)Chap3.asset
  artifactKey: Guid(5786bb909872ef84e921bdc4647dbdf4) Importer(815301076,1909f56bfc062723c751e8b465ee728b)
Start importing Assets/Dialogue/D_3Chap/(3_21)Chap3.asset using Guid(5786bb909872ef84e921bdc4647dbdf4) Importer(815301076,1909f56bfc062723c751e8b465ee728b)  -> (artifact id: '8e1268403d5638ce30877d0fd19a1b3d') in 0.013236 seconds 
========================================================================
Received Import Request.
  Time since last request: 42.615708 seconds.
  path: Assets/Dialogue/D_3Chap/(3_21)Chap3.asset
  artifactKey: Guid(5786bb909872ef84e921bdc4647dbdf4) Importer(815301076,1909f56bfc062723c751e8b465ee728b)
Start importing Assets/Dialogue/D_3Chap/(3_21)Chap3.asset using Guid(5786bb909872ef84e921bdc4647dbdf4) Importer(815301076,1909f56bfc062723c751e8b465ee728b)  -> (artifact id: 'cdd83a1a104f12c0761560e4c06cffab') in 0.010895 seconds 
========================================================================
Received Import Request.
  Time since last request: 16.355522 seconds.
  path: Assets/Dialogue/D_3Chap/(3_21)Chap3.asset
  artifactKey: Guid(5786bb909872ef84e921bdc4647dbdf4) Importer(815301076,1909f56bfc062723c751e8b465ee728b)
Start importing Assets/Dialogue/D_3Chap/(3_21)Chap3.asset using Guid(5786bb909872ef84e921bdc4647dbdf4) Importer(815301076,1909f56bfc062723c751e8b465ee728b)  -> (artifact id: '8ab8d4fc292ae28be85c662d7819c2f9') in 0.011327 seconds 
========================================================================
Received Import Request.
  Time since last request: 14.780536 seconds.
  path: Assets/Dialogue/D_3Chap/(3_21)Chap3.asset
  artifactKey: Guid(5786bb909872ef84e921bdc4647dbdf4) Importer(815301076,1909f56bfc062723c751e8b465ee728b)
Start importing Assets/Dialogue/D_3Chap/(3_21)Chap3.asset using Guid(5786bb909872ef84e921bdc4647dbdf4) Importer(815301076,1909f56bfc062723c751e8b465ee728b)  -> (artifact id: '3f25eec48737c58c900268e07642d3c5') in 0.029121 seconds 
========================================================================
Received Import Request.
  Time since last request: 16.615017 seconds.
  path: Assets/Dialogue/D_3Chap/(3_21)Chap3.asset
  artifactKey: Guid(5786bb909872ef84e921bdc4647dbdf4) Importer(815301076,1909f56bfc062723c751e8b465ee728b)
Start importing Assets/Dialogue/D_3Chap/(3_21)Chap3.asset using Guid(5786bb909872ef84e921bdc4647dbdf4) Importer(815301076,1909f56bfc062723c751e8b465ee728b)  -> (artifact id: 'e512a1eb61eca2d56efe4189ad0a3d39') in 0.016854 seconds 
========================================================================
Received Import Request.
  Time since last request: 45.826698 seconds.
  path: Assets/Dialogue/D_3Chap/(3_21)Chap3.asset
  artifactKey: Guid(5786bb909872ef84e921bdc4647dbdf4) Importer(815301076,1909f56bfc062723c751e8b465ee728b)
Start importing Assets/Dialogue/D_3Chap/(3_21)Chap3.asset using Guid(5786bb909872ef84e921bdc4647dbdf4) Importer(815301076,1909f56bfc062723c751e8b465ee728b)  -> (artifact id: '118df6a95ac92e98379f71ea3aebef64') in 0.010664 seconds 
========================================================================
Received Import Request.
  Time since last request: 11.204884 seconds.
  path: Assets/Dialogue/D_3Chap/(3_21)Chap3.asset
  artifactKey: Guid(5786bb909872ef84e921bdc4647dbdf4) Importer(815301076,1909f56bfc062723c751e8b465ee728b)
Start importing Assets/Dialogue/D_3Chap/(3_21)Chap3.asset using Guid(5786bb909872ef84e921bdc4647dbdf4) Importer(815301076,1909f56bfc062723c751e8b465ee728b)  -> (artifact id: 'c76d905aceae0dcd223d62efeb019a8a') in 0.011206 seconds 
========================================================================
Received Import Request.
  Time since last request: 69.845707 seconds.
  path: Assets/Dialogue/D_3Chap/(3_21)Chap3.asset
  artifactKey: Guid(5786bb909872ef84e921bdc4647dbdf4) Importer(815301076,1909f56bfc062723c751e8b465ee728b)
Start importing Assets/Dialogue/D_3Chap/(3_21)Chap3.asset using Guid(5786bb909872ef84e921bdc4647dbdf4) Importer(815301076,1909f56bfc062723c751e8b465ee728b)  -> (artifact id: 'ea115b0c02d02165f6fe0809569263b4') in 0.036519 seconds 
========================================================================
Received Import Request.
  Time since last request: 16.949429 seconds.
  path: Assets/Dialogue/D_3Chap/(3_21)Chap3.asset
  artifactKey: Guid(5786bb909872ef84e921bdc4647dbdf4) Importer(815301076,1909f56bfc062723c751e8b465ee728b)
Start importing Assets/Dialogue/D_3Chap/(3_21)Chap3.asset using Guid(5786bb909872ef84e921bdc4647dbdf4) Importer(815301076,1909f56bfc062723c751e8b465ee728b)  -> (artifact id: 'a514cdd4d3a50db530349a9c35fa67d0') in 0.013823 seconds 
========================================================================
Received Import Request.
  Time since last request: 11.455505 seconds.
  path: Assets/Dialogue/D_3Chap/(3_21)Chap3.asset
  artifactKey: Guid(5786bb909872ef84e921bdc4647dbdf4) Importer(815301076,1909f56bfc062723c751e8b465ee728b)
Start importing Assets/Dialogue/D_3Chap/(3_21)Chap3.asset using Guid(5786bb909872ef84e921bdc4647dbdf4) Importer(815301076,1909f56bfc062723c751e8b465ee728b)  -> (artifact id: '4c3c14632be6f89ad878f84ee5f3399b') in 0.011377 seconds 
========================================================================
Received Import Request.
  Time since last request: 7.643542 seconds.
  path: Assets/Dialogue/D_3Chap/(3_21)Chap3.asset
  artifactKey: Guid(5786bb909872ef84e921bdc4647dbdf4) Importer(815301076,1909f56bfc062723c751e8b465ee728b)
Start importing Assets/Dialogue/D_3Chap/(3_21)Chap3.asset using Guid(5786bb909872ef84e921bdc4647dbdf4) Importer(815301076,1909f56bfc062723c751e8b465ee728b)  -> (artifact id: '29e935e75e9fb85a24e0329b0ae0a56f') in 0.050495 seconds 
========================================================================
Received Import Request.
  Time since last request: 17.078003 seconds.
  path: Assets/Dialogue/D_3Chap/(3_21)Chap3.asset
  artifactKey: Guid(5786bb909872ef84e921bdc4647dbdf4) Importer(815301076,1909f56bfc062723c751e8b465ee728b)
Start importing Assets/Dialogue/D_3Chap/(3_21)Chap3.asset using Guid(5786bb909872ef84e921bdc4647dbdf4) Importer(815301076,1909f56bfc062723c751e8b465ee728b)  -> (artifact id: 'f2b10995de3c2c843462de34217db634') in 0.011905 seconds 
========================================================================
Received Import Request.
  Time since last request: 10.861870 seconds.
  path: Assets/Dialogue/D_3Chap/(3_21)Chap3.asset
  artifactKey: Guid(5786bb909872ef84e921bdc4647dbdf4) Importer(815301076,1909f56bfc062723c751e8b465ee728b)
Start importing Assets/Dialogue/D_3Chap/(3_21)Chap3.asset using Guid(5786bb909872ef84e921bdc4647dbdf4) Importer(815301076,1909f56bfc062723c751e8b465ee728b)  -> (artifact id: 'b9a4ec946a40096ecdea6e5aaa428c91') in 0.010329 seconds 
========================================================================
Received Import Request.
  Time since last request: 11.425318 seconds.
  path: Assets/Dialogue/D_3Chap/(3_21)Chap3.asset
  artifactKey: Guid(5786bb909872ef84e921bdc4647dbdf4) Importer(815301076,1909f56bfc062723c751e8b465ee728b)
Start importing Assets/Dialogue/D_3Chap/(3_21)Chap3.asset using Guid(5786bb909872ef84e921bdc4647dbdf4) Importer(815301076,1909f56bfc062723c751e8b465ee728b)  -> (artifact id: '273e01ce8560f11bc0cfc730b5e0e937') in 0.022086 seconds 
========================================================================
Received Import Request.
  Time since last request: 110.519448 seconds.
  path: Assets/Dialogue/D_3Chap/(3_21)Chap3.asset
  artifactKey: Guid(5786bb909872ef84e921bdc4647dbdf4) Importer(815301076,1909f56bfc062723c751e8b465ee728b)
Start importing Assets/Dialogue/D_3Chap/(3_21)Chap3.asset using Guid(5786bb909872ef84e921bdc4647dbdf4) Importer(815301076,1909f56bfc062723c751e8b465ee728b)  -> (artifact id: 'f0fa0f396f632e3bf379d10ddca4a808') in 0.050335 seconds 
========================================================================
Received Import Request.
  Time since last request: 27.428570 seconds.
  path: Assets/Dialogue/D_3Chap/(3_21)Chap3.asset
  artifactKey: Guid(5786bb909872ef84e921bdc4647dbdf4) Importer(815301076,1909f56bfc062723c751e8b465ee728b)
Start importing Assets/Dialogue/D_3Chap/(3_21)Chap3.asset using Guid(5786bb909872ef84e921bdc4647dbdf4) Importer(815301076,1909f56bfc062723c751e8b465ee728b)  -> (artifact id: '3c68ca4e90c98866e38b9a6fe375c406') in 0.032909 seconds 
========================================================================
Received Import Request.
  Time since last request: 14.186670 seconds.
  path: Assets/Dialogue/D_3Chap/(3_21)Chap3.asset
  artifactKey: Guid(5786bb909872ef84e921bdc4647dbdf4) Importer(815301076,1909f56bfc062723c751e8b465ee728b)
Start importing Assets/Dialogue/D_3Chap/(3_21)Chap3.asset using Guid(5786bb909872ef84e921bdc4647dbdf4) Importer(815301076,1909f56bfc062723c751e8b465ee728b)  -> (artifact id: '6019505dca46df885778d13ccf822149') in 0.054287 seconds 
========================================================================
Received Import Request.
  Time since last request: 21.223646 seconds.
  path: Assets/Dialogue/D_3Chap/(3_21)Chap3.asset
  artifactKey: Guid(5786bb909872ef84e921bdc4647dbdf4) Importer(815301076,1909f56bfc062723c751e8b465ee728b)
Start importing Assets/Dialogue/D_3Chap/(3_21)Chap3.asset using Guid(5786bb909872ef84e921bdc4647dbdf4) Importer(815301076,1909f56bfc062723c751e8b465ee728b)  -> (artifact id: '1e7e5d24861efb6cf76602ae3c98215f') in 0.022257 seconds 
========================================================================
Received Import Request.
  Time since last request: 83.053465 seconds.
  path: Assets/Dialogue/D_3Chap/(3_21)Chap3.asset
  artifactKey: Guid(5786bb909872ef84e921bdc4647dbdf4) Importer(815301076,1909f56bfc062723c751e8b465ee728b)
Start importing Assets/Dialogue/D_3Chap/(3_21)Chap3.asset using Guid(5786bb909872ef84e921bdc4647dbdf4) Importer(815301076,1909f56bfc062723c751e8b465ee728b)  -> (artifact id: 'e960b1317effcd111cadfcffcf704876') in 0.042425 seconds 
========================================================================
Received Import Request.
  Time since last request: 14.455523 seconds.
  path: Assets/Dialogue/D_3Chap/(3_21)Chap3.asset
  artifactKey: Guid(5786bb909872ef84e921bdc4647dbdf4) Importer(815301076,1909f56bfc062723c751e8b465ee728b)
Start importing Assets/Dialogue/D_3Chap/(3_21)Chap3.asset using Guid(5786bb909872ef84e921bdc4647dbdf4) Importer(815301076,1909f56bfc062723c751e8b465ee728b)  -> (artifact id: '10690038c524c16c8c42d2d781c072ec') in 0.011424 seconds 
========================================================================
Received Import Request.
  Time since last request: 36.624280 seconds.
  path: Assets/Dialogue/D_3Chap/(3_21)Chap3.asset
  artifactKey: Guid(5786bb909872ef84e921bdc4647dbdf4) Importer(815301076,1909f56bfc062723c751e8b465ee728b)
Start importing Assets/Dialogue/D_3Chap/(3_21)Chap3.asset using Guid(5786bb909872ef84e921bdc4647dbdf4) Importer(815301076,1909f56bfc062723c751e8b465ee728b)  -> (artifact id: 'a2884fd0c2ef9f1bbb6d3ce7fbb19a92') in 0.011747 seconds 
========================================================================
Received Import Request.
  Time since last request: 24.000000 seconds.
  path: Assets/Dialogue/D_3Chap/(3_21)Chap3.asset
  artifactKey: Guid(5786bb909872ef84e921bdc4647dbdf4) Importer(815301076,1909f56bfc062723c751e8b465ee728b)
Start importing Assets/Dialogue/D_3Chap/(3_21)Chap3.asset using Guid(5786bb909872ef84e921bdc4647dbdf4) Importer(815301076,1909f56bfc062723c751e8b465ee728b)  -> (artifact id: 'e405ce588b9d1be2004091f79d0f427e') in 0.011586 seconds 
========================================================================
Received Import Request.
  Time since last request: 34.335606 seconds.
  path: Assets/Dialogue/D_3Chap/(3_End)Chap3.asset
  artifactKey: Guid(4e76b57c45d2c1d48953da24d96246d7) Importer(815301076,1909f56bfc062723c751e8b465ee728b)
Start importing Assets/Dialogue/D_3Chap/(3_End)Chap3.asset using Guid(4e76b57c45d2c1d48953da24d96246d7) Importer(815301076,1909f56bfc062723c751e8b465ee728b)  -> (artifact id: 'aead525bafd5dc4a0f1a5e10e1412147') in 0.013701 seconds 
========================================================================
Received Import Request.
  Time since last request: 140.719755 seconds.
  path: Assets/Dialogue/D_3Chap/(3_End)Chap3.asset
  artifactKey: Guid(4e76b57c45d2c1d48953da24d96246d7) Importer(815301076,1909f56bfc062723c751e8b465ee728b)
Start importing Assets/Dialogue/D_3Chap/(3_End)Chap3.asset using Guid(4e76b57c45d2c1d48953da24d96246d7) Importer(815301076,1909f56bfc062723c751e8b465ee728b)  -> (artifact id: '97019ff94b1218c4b7449e1e425610f4') in 0.028034 seconds 
========================================================================
Received Import Request.
  Time since last request: 74.924391 seconds.
  path: Assets/Dialogue/D_3Chap/(3_End)Chap3.asset
  artifactKey: Guid(4e76b57c45d2c1d48953da24d96246d7) Importer(815301076,1909f56bfc062723c751e8b465ee728b)
Start importing Assets/Dialogue/D_3Chap/(3_End)Chap3.asset using Guid(4e76b57c45d2c1d48953da24d96246d7) Importer(815301076,1909f56bfc062723c751e8b465ee728b)  -> (artifact id: '53d778c7aab08683be571b66f8ad4f1b') in 0.050071 seconds 
========================================================================
Received Import Request.
  Time since last request: 73.947401 seconds.
  path: Assets/Dialogue/D_3Chap/(3_End)Chap3.asset
  artifactKey: Guid(4e76b57c45d2c1d48953da24d96246d7) Importer(815301076,1909f56bfc062723c751e8b465ee728b)
Start importing Assets/Dialogue/D_3Chap/(3_End)Chap3.asset using Guid(4e76b57c45d2c1d48953da24d96246d7) Importer(815301076,1909f56bfc062723c751e8b465ee728b)  -> (artifact id: 'f45793d7018906c1599622df60020810') in 0.014948 seconds 
========================================================================
Received Import Request.
  Time since last request: 34.314447 seconds.
  path: Assets/Dialogue/D_3Chap/(3_End)Chap3.asset
  artifactKey: Guid(4e76b57c45d2c1d48953da24d96246d7) Importer(815301076,1909f56bfc062723c751e8b465ee728b)
Start importing Assets/Dialogue/D_3Chap/(3_End)Chap3.asset using Guid(4e76b57c45d2c1d48953da24d96246d7) Importer(815301076,1909f56bfc062723c751e8b465ee728b)  -> (artifact id: '99865c60953fcf3cfae42b75ad351e39') in 0.009845 seconds 
========================================================================
Received Import Request.
  Time since last request: 65.179086 seconds.
  path: Assets/Dialogue/D_3Chap/(3_End)Chap3.asset
  artifactKey: Guid(4e76b57c45d2c1d48953da24d96246d7) Importer(815301076,1909f56bfc062723c751e8b465ee728b)
Start importing Assets/Dialogue/D_3Chap/(3_End)Chap3.asset using Guid(4e76b57c45d2c1d48953da24d96246d7) Importer(815301076,1909f56bfc062723c751e8b465ee728b)  -> (artifact id: '17b5872c1ba00e99a6935e8914b99d50') in 0.044080 seconds 
========================================================================
Received Import Request.
  Time since last request: 28.482608 seconds.
  path: Assets/Dialogue/D_3Chap/(3_End)Chap3.asset
  artifactKey: Guid(4e76b57c45d2c1d48953da24d96246d7) Importer(815301076,1909f56bfc062723c751e8b465ee728b)
Start importing Assets/Dialogue/D_3Chap/(3_End)Chap3.asset using Guid(4e76b57c45d2c1d48953da24d96246d7) Importer(815301076,1909f56bfc062723c751e8b465ee728b)  -> (artifact id: '183392bb7e685932aeb449f75b88a926') in 0.010071 seconds 
========================================================================
Received Import Request.
  Time since last request: 8.120293 seconds.
  path: Assets/Dialogue/D_3Chap/(3_End)Chap3.asset
  artifactKey: Guid(4e76b57c45d2c1d48953da24d96246d7) Importer(815301076,1909f56bfc062723c751e8b465ee728b)
Start importing Assets/Dialogue/D_3Chap/(3_End)Chap3.asset using Guid(4e76b57c45d2c1d48953da24d96246d7) Importer(815301076,1909f56bfc062723c751e8b465ee728b)  -> (artifact id: '097450467ec189089c7bec4af6d0b6e0') in 0.012460 seconds 
========================================================================
Received Import Request.
  Time since last request: 62.466933 seconds.
  path: Assets/Dialogue/D_3Chap/(3_End)Chap3.asset
  artifactKey: Guid(4e76b57c45d2c1d48953da24d96246d7) Importer(815301076,1909f56bfc062723c751e8b465ee728b)
Start importing Assets/Dialogue/D_3Chap/(3_End)Chap3.asset using Guid(4e76b57c45d2c1d48953da24d96246d7) Importer(815301076,1909f56bfc062723c751e8b465ee728b)  -> (artifact id: 'e2caa758949a2bac749148d8dfca9a5a') in 0.011196 seconds 
========================================================================
Received Import Request.
  Time since last request: 14.251608 seconds.
  path: Assets/Dialogue/D_3Chap/(3_End)Chap3.asset
  artifactKey: Guid(4e76b57c45d2c1d48953da24d96246d7) Importer(815301076,1909f56bfc062723c751e8b465ee728b)
Start importing Assets/Dialogue/D_3Chap/(3_End)Chap3.asset using Guid(4e76b57c45d2c1d48953da24d96246d7) Importer(815301076,1909f56bfc062723c751e8b465ee728b)  -> (artifact id: '164f2ba0dd2079881ac12b1dff5c8154') in 0.016813 seconds 
========================================================================
Received Import Request.
  Time since last request: 50.235761 seconds.
  path: Assets/Dialogue/D_3Chap/(3_End)Chap3.asset
  artifactKey: Guid(4e76b57c45d2c1d48953da24d96246d7) Importer(815301076,1909f56bfc062723c751e8b465ee728b)
Start importing Assets/Dialogue/D_3Chap/(3_End)Chap3.asset using Guid(4e76b57c45d2c1d48953da24d96246d7) Importer(815301076,1909f56bfc062723c751e8b465ee728b)  -> (artifact id: '7d8176f3adf651bc8553ccc9e680b020') in 0.014837 seconds 
========================================================================
Received Import Request.
  Time since last request: 13.718046 seconds.
  path: Assets/Dialogue/D_3Chap/(3_End)Chap3.asset
  artifactKey: Guid(4e76b57c45d2c1d48953da24d96246d7) Importer(815301076,1909f56bfc062723c751e8b465ee728b)
Start importing Assets/Dialogue/D_3Chap/(3_End)Chap3.asset using Guid(4e76b57c45d2c1d48953da24d96246d7) Importer(815301076,1909f56bfc062723c751e8b465ee728b)  -> (artifact id: '5cae3828f1ed5e2dd7a1997993456b5e') in 0.029130 seconds 
========================================================================
Received Import Request.
  Time since last request: 33.362397 seconds.
  path: Assets/Dialogue/D_3Chap/(3_End)Chap3.asset
  artifactKey: Guid(4e76b57c45d2c1d48953da24d96246d7) Importer(815301076,1909f56bfc062723c751e8b465ee728b)
Start importing Assets/Dialogue/D_3Chap/(3_End)Chap3.asset using Guid(4e76b57c45d2c1d48953da24d96246d7) Importer(815301076,1909f56bfc062723c751e8b465ee728b)  -> (artifact id: 'd84fe15c9fd90d2acb586892f5097f2f') in 0.014119 seconds 
========================================================================
Received Import Request.
  Time since last request: 59.474584 seconds.
  path: Assets/Dialogue/D_3Chap/(3_End)Chap3.asset
  artifactKey: Guid(4e76b57c45d2c1d48953da24d96246d7) Importer(815301076,1909f56bfc062723c751e8b465ee728b)
Start importing Assets/Dialogue/D_3Chap/(3_End)Chap3.asset using Guid(4e76b57c45d2c1d48953da24d96246d7) Importer(815301076,1909f56bfc062723c751e8b465ee728b)  -> (artifact id: '7f94f7ecde168527bc3b434183a3dad9') in 0.040624 seconds 
========================================================================
Received Import Request.
  Time since last request: 22.956483 seconds.
  path: Assets/Dialogue/D_3Chap/(3_End)Chap3.asset
  artifactKey: Guid(4e76b57c45d2c1d48953da24d96246d7) Importer(815301076,1909f56bfc062723c751e8b465ee728b)
Start importing Assets/Dialogue/D_3Chap/(3_End)Chap3.asset using Guid(4e76b57c45d2c1d48953da24d96246d7) Importer(815301076,1909f56bfc062723c751e8b465ee728b)  -> (artifact id: '9f70ce899d0d682c1840cb4174cd42e8') in 0.013303 seconds 
========================================================================
Received Import Request.
  Time since last request: 23.028251 seconds.
  path: Assets/Dialogue/D_3Chap/(3_End)Chap3.asset
  artifactKey: Guid(4e76b57c45d2c1d48953da24d96246d7) Importer(815301076,1909f56bfc062723c751e8b465ee728b)
Start importing Assets/Dialogue/D_3Chap/(3_End)Chap3.asset using Guid(4e76b57c45d2c1d48953da24d96246d7) Importer(815301076,1909f56bfc062723c751e8b465ee728b)  -> (artifact id: '203172aebad4b9f1164a1096f1b84872') in 0.018003 seconds 
========================================================================
Received Import Request.
  Time since last request: 34.935856 seconds.
  path: Assets/Dialogue/D_3Chap/(3_End)Chap3.asset
  artifactKey: Guid(4e76b57c45d2c1d48953da24d96246d7) Importer(815301076,1909f56bfc062723c751e8b465ee728b)
Start importing Assets/Dialogue/D_3Chap/(3_End)Chap3.asset using Guid(4e76b57c45d2c1d48953da24d96246d7) Importer(815301076,1909f56bfc062723c751e8b465ee728b)  -> (artifact id: 'a98bad50e735c72d677e4ebcbbb6a24b') in 0.018334 seconds 
========================================================================
Received Import Request.
  Time since last request: 90.036934 seconds.
  path: Assets/Scenes/Episode2/3-1_C2_Dialogue 1.unity
  artifactKey: Guid(b5ea436e2056e43458843794621a2726) Importer(815301076,1909f56bfc062723c751e8b465ee728b)
Start importing Assets/Scenes/Episode2/3-1_C2_Dialogue 1.unity using Guid(b5ea436e2056e43458843794621a2726) Importer(815301076,1909f56bfc062723c751e8b465ee728b)  -> (artifact id: '220dd7d73fe8d9e47b4eb1b9be8f0cf2') in 0.016150 seconds 
========================================================================
Received Import Request.
  Time since last request: 6.232591 seconds.
  path: Assets/Scenes/Episode2/3-2_C2_Dialogue.unity
  artifactKey: Guid(b5ea436e2056e43458843794621a2726) Importer(815301076,1909f56bfc062723c751e8b465ee728b)
Start importing Assets/Scenes/Episode2/3-2_C2_Dialogue.unity using Guid(b5ea436e2056e43458843794621a2726) Importer(815301076,1909f56bfc062723c751e8b465ee728b)  -> (artifact id: '59c0bf2da2cae7cafff12a60d45f7c41') in 0.006850 seconds 
========================================================================
Received Import Request.
  Time since last request: 42.488597 seconds.
  path: Assets/Dialogue/C_2Chap/(2_2)Chap2.asset
  artifactKey: Guid(6b5f13c899d898c4f8415c3a65675a71) Importer(815301076,1909f56bfc062723c751e8b465ee728b)
Start importing Assets/Dialogue/C_2Chap/(2_2)Chap2.asset using Guid(6b5f13c899d898c4f8415c3a65675a71) Importer(815301076,1909f56bfc062723c751e8b465ee728b)  -> (artifact id: '219b716a943d24074f363c686fec2205') in 0.014540 seconds 
========================================================================
Received Import Request.
  Time since last request: 23.242189 seconds.
  path: Assets/Scenes/Episode2/3-2_C2_Dialogue.unity
  artifactKey: Guid(b5ea436e2056e43458843794621a2726) Importer(815301076,1909f56bfc062723c751e8b465ee728b)
Start importing Assets/Scenes/Episode2/3-2_C2_Dialogue.unity using Guid(b5ea436e2056e43458843794621a2726) Importer(815301076,1909f56bfc062723c751e8b465ee728b)  -> (artifact id: 'fb0338087aebb07665e5c5231ba7c881') in 0.005789 seconds 
========================================================================
Received Import Request.
  Time since last request: 1.412649 seconds.
  path: Assets/Scenes/Episode2/3-2_C2_Dialogue 1.unity
  artifactKey: Guid(8001d997623a9b74ea994ebd0a89c5b7) Importer(815301076,1909f56bfc062723c751e8b465ee728b)
Start importing Assets/Scenes/Episode2/3-2_C2_Dialogue 1.unity using Guid(8001d997623a9b74ea994ebd0a89c5b7) Importer(815301076,1909f56bfc062723c751e8b465ee728b)  -> (artifact id: '4783e61ba40c37e2406b5ca679caea60') in 0.009103 seconds 
========================================================================
Received Import Request.
  Time since last request: 5.895554 seconds.
  path: Assets/Scenes/Episode2/3-4_C2_Dialogue.unity
  artifactKey: Guid(8001d997623a9b74ea994ebd0a89c5b7) Importer(815301076,1909f56bfc062723c751e8b465ee728b)
Start importing Assets/Scenes/Episode2/3-4_C2_Dialogue.unity using Guid(8001d997623a9b74ea994ebd0a89c5b7) Importer(815301076,1909f56bfc062723c751e8b465ee728b)  -> (artifact id: 'b2e469300d4ca15a9ccc20cc9bf07e74') in 0.021198 seconds 
========================================================================
Received Import Request.
  Time since last request: 5.482581 seconds.
  path: Assets/Scenes/Episode2/3-3_C2_Dialogue.unity
  artifactKey: Guid(8001d997623a9b74ea994ebd0a89c5b7) Importer(815301076,1909f56bfc062723c751e8b465ee728b)
Start importing Assets/Scenes/Episode2/3-3_C2_Dialogue.unity using Guid(8001d997623a9b74ea994ebd0a89c5b7) Importer(815301076,1909f56bfc062723c751e8b465ee728b)  -> (artifact id: '074443113315fb46e625427b6965cf05') in 0.010154 seconds 
========================================================================
Received Import Request.
  Time since last request: 29.951610 seconds.
  path: Assets/Scenes/Episode2/3-3_C2_Dialogue.unity
  artifactKey: Guid(8001d997623a9b74ea994ebd0a89c5b7) Importer(815301076,1909f56bfc062723c751e8b465ee728b)
Start importing Assets/Scenes/Episode2/3-3_C2_Dialogue.unity using Guid(8001d997623a9b74ea994ebd0a89c5b7) Importer(815301076,1909f56bfc062723c751e8b465ee728b)  -> (artifact id: '6c1b7c3c50f19a776a7dfccb0cbe9cbf') in 0.057367 seconds 
========================================================================
Received Import Request.
  Time since last request: 1.021003 seconds.
  path: Assets/Scenes/Episode2/3-3_C2_Dialogue 1.unity
  artifactKey: Guid(675253a4c8f405444a1657b8b0facc00) Importer(815301076,1909f56bfc062723c751e8b465ee728b)
Start importing Assets/Scenes/Episode2/3-3_C2_Dialogue 1.unity using Guid(675253a4c8f405444a1657b8b0facc00) Importer(815301076,1909f56bfc062723c751e8b465ee728b)  -> (artifact id: '8ec88e3c1a673597692eabf551a0569a') in 0.008001 seconds 
========================================================================
Received Import Request.
  Time since last request: 6.056143 seconds.
  path: Assets/Scenes/Episode2/3-4_C2_Dialogue.unity
  artifactKey: Guid(675253a4c8f405444a1657b8b0facc00) Importer(815301076,1909f56bfc062723c751e8b465ee728b)
Start importing Assets/Scenes/Episode2/3-4_C2_Dialogue.unity using Guid(675253a4c8f405444a1657b8b0facc00) Importer(815301076,1909f56bfc062723c751e8b465ee728b)  -> (artifact id: '57168cec21c1c26d5fe63eebc1d6ecb7') in 0.015833 seconds 
========================================================================
Received Import Request.
  Time since last request: 80.498508 seconds.
  path: Assets/Scenes/Episode2/3-4_C2_Dialogue.unity
  artifactKey: Guid(675253a4c8f405444a1657b8b0facc00) Importer(815301076,1909f56bfc062723c751e8b465ee728b)
Start importing Assets/Scenes/Episode2/3-4_C2_Dialogue.unity using Guid(675253a4c8f405444a1657b8b0facc00) Importer(815301076,1909f56bfc062723c751e8b465ee728b)  -> (artifact id: '6cceb3d2a284543d7eb09beccc984e62') in 0.007770 seconds 
========================================================================
Received Import Request.
  Time since last request: 41.029191 seconds.
  path: Assets/Scenes/Episode2/3-4_C2_Dialogue 1.unity
  artifactKey: Guid(dcc0e2987ea8fee46b091db66ea4b3ab) Importer(815301076,1909f56bfc062723c751e8b465ee728b)
Start importing Assets/Scenes/Episode2/3-4_C2_Dialogue 1.unity using Guid(dcc0e2987ea8fee46b091db66ea4b3ab) Importer(815301076,1909f56bfc062723c751e8b465ee728b)  -> (artifact id: 'fa00a2bff934d9f876d68bf4fca01b54') in 0.019069 seconds 
========================================================================
Received Import Request.
  Time since last request: 5.416046 seconds.
  path: Assets/Scenes/Episode2/3-5_C2_Dialogue.unity
  artifactKey: Guid(dcc0e2987ea8fee46b091db66ea4b3ab) Importer(815301076,1909f56bfc062723c751e8b465ee728b)
Start importing Assets/Scenes/Episode2/3-5_C2_Dialogue.unity using Guid(dcc0e2987ea8fee46b091db66ea4b3ab) Importer(815301076,1909f56bfc062723c751e8b465ee728b)  -> (artifact id: '3c7df76519a100718e7c96791909b377') in 0.011939 seconds 
========================================================================
Received Import Request.
  Time since last request: 585.020611 seconds.
  path: Assets/Clue/Chapter1_Clue/6_Jisu'sTalk(5)_C1.asset
  artifactKey: Guid(55e6d240d7a9fd041b454f78f2421521) Importer(815301076,1909f56bfc062723c751e8b465ee728b)
Start importing Assets/Clue/Chapter1_Clue/6_Jisu'sTalk(5)_C1.asset using Guid(55e6d240d7a9fd041b454f78f2421521) Importer(815301076,1909f56bfc062723c751e8b465ee728b)  -> (artifact id: 'acb03186758537266e9a5c9a3de6dfd1') in 0.012318 seconds 
========================================================================
Received Import Request.
  Time since last request: 146.723136 seconds.
  path: Assets/Dialogue/C_2Chap/(2_3)Chap2.asset
  artifactKey: Guid(71314fb593b8b424e901ac6993c5852c) Importer(815301076,1909f56bfc062723c751e8b465ee728b)
Start importing Assets/Dialogue/C_2Chap/(2_3)Chap2.asset using Guid(71314fb593b8b424e901ac6993c5852c) Importer(815301076,1909f56bfc062723c751e8b465ee728b)  -> (artifact id: 'c851f68390d4d6661867efd4f5dc7b3b') in 0.013468 seconds 
========================================================================
Received Import Request.
  Time since last request: 165.346074 seconds.
  path: Assets/Clue/Chapter3/1_ConditionClue(1).asset
  artifactKey: Guid(3c4885f3ef0b42242980019166c57c89) Importer(815301076,1909f56bfc062723c751e8b465ee728b)
Start importing Assets/Clue/Chapter3/1_ConditionClue(1).asset using Guid(3c4885f3ef0b42242980019166c57c89) Importer(815301076,1909f56bfc062723c751e8b465ee728b)  -> (artifact id: 'cb9747c386587098136a64ef5779e142') in 0.011006 seconds 
